2025-12-25 17:46:37,996 [INFO] Activator:176 - 


2025-12-25 17:46:38,001 [INFO] Activator:177 - !SESSION log4j initialized
2025-12-25 17:46:42,388 [INFO] LogOutputStream:77 - [STDOUT_REDIRECT] 
2025-12-25 17:46:45,370 [INFO] ApplicationProperties:184 - Using Application install path: C:\ST\STM32CubeIDE_1.16.1\STM32CubeIDE\plugins\com.st.stm32cube.common.mx_6.12.1.202409122256
2025-12-25 17:46:45,383 [INFO] DbMcusXml:78 - Set database path to: C:\ST\STM32CubeIDE_1.16.1\STM32CubeIDE\plugins\com.st.stm32cube.common.mx_6.12.1.202409122256\\db\/mcu/
2025-12-25 17:46:45,383 [INFO] ApiDb:274 - Set plugin database path to: C:\ST\STM32CubeIDE_1.16.1\STM32CubeIDE\plugins\com.st.stm32cube.common.mx_6.12.1.202409122256\\db\/plugins/boardmanager/
2025-12-25 17:46:45,384 [WARN] ApiDb:259 - Overriding images path with different value:  => C:\ST\STM32CubeIDE_1.16.1\STM32CubeIDE\plugins\com.st.stm32cube.common.mx_6.12.1.202409122256\\db\/plugins/mcufinder/images/
2025-12-25 17:46:45,389 [INFO] ApiDb:250 - Set database path to: C:\Users\Huzaifa\.stmcufinder\plugins\mcufinder//mcu/
2025-12-25 17:46:45,390 [INFO] DbMcusAds:125 - Set database path to: C:\Users\Huzaifa\.stmcufinder\plugins\mcufinder//mcu/
2025-12-25 17:46:45,391 [INFO] CrossReferenceDbSqlite:203 - Set database path to: C:\Users\Huzaifa\.stmcufinder\plugins\mcufinder//mcu/cs/
2025-12-25 17:46:45,477 [INFO] RulesReader:64 - Compatibility file has been processed (297 Rules)
2025-12-25 17:46:45,527 [INFO] DbMcusXml:78 - Set database path to: C:\ST\STM32CubeIDE_1.16.1\STM32CubeIDE\plugins\com.st.stm32cube.common.mx_6.12.1.202409122256\\db\/mcu/
2025-12-25 17:46:45,527 [INFO] ApiDb:274 - Set plugin database path to: C:\ST\STM32CubeIDE_1.16.1\STM32CubeIDE\plugins\com.st.stm32cube.common.mx_6.12.1.202409122256\\db\/plugins/boardmanager/
2025-12-25 17:46:45,528 [INFO] ApiDb:261 - Set plugin images path to: C:\ST\STM32CubeIDE_1.16.1\STM32CubeIDE\plugins\com.st.stm32cube.common.mx_6.12.1.202409122256\\db\/plugins/mcufinder/images/
2025-12-25 17:46:45,528 [WARN] DbFile:41 - Overriding database path with different value: C:\Users\Huzaifa\.stmcufinder\plugins\mcufinder/ => C:\Users\Huzaifa\.stmcufinder\plugins\mcufinder
2025-12-25 17:46:45,528 [INFO] ApiDb:250 - Set database path to: C:\Users\Huzaifa\.stmcufinder\plugins\mcufinder//mcu/
2025-12-25 17:46:45,528 [WARN] DbFile:41 - Overriding database path with different value: C:\Users\Huzaifa\.stmcufinder\plugins\mcufinder/ => C:\Users\Huzaifa\.stmcufinder\plugins\mcufinder
2025-12-25 17:46:45,528 [INFO] DbMcusAds:125 - Set database path to: C:\Users\Huzaifa\.stmcufinder\plugins\mcufinder//mcu/
2025-12-25 17:46:45,528 [WARN] DbFile:41 - Overriding database path with different value: C:\Users\Huzaifa\.stmcufinder\plugins\mcufinder/ => C:\Users\Huzaifa\.stmcufinder\plugins\mcufinder
2025-12-25 17:46:45,528 [WARN] DbFile:41 - Overriding database path with different value: C:\Users\Huzaifa\.stmcufinder\plugins\mcufinder/ => C:\Users\Huzaifa\.stmcufinder\plugins\mcufinder
2025-12-25 17:46:45,528 [INFO] CrossReferenceDbSqlite:203 - Set database path to: C:\Users\Huzaifa\.stmcufinder\plugins\mcufinder//mcu/cs/
2025-12-25 17:46:45,588 [INFO] MainPanel:268 - HeapMemory: 268435456
2025-12-25 17:46:45,660 [INFO] DbMcusXml:78 - Set database path to: C:\ST\STM32CubeIDE_1.16.1\STM32CubeIDE\plugins\com.st.stm32cube.common.mx_6.12.1.202409122256\\db\/mcu/
2025-12-25 17:46:45,660 [INFO] ApiDb:274 - Set plugin database path to: C:\ST\STM32CubeIDE_1.16.1\STM32CubeIDE\plugins\com.st.stm32cube.common.mx_6.12.1.202409122256\\db\/plugins/boardmanager/
2025-12-25 17:46:45,660 [INFO] ApiDb:261 - Set plugin images path to: C:\ST\STM32CubeIDE_1.16.1\STM32CubeIDE\plugins\com.st.stm32cube.common.mx_6.12.1.202409122256\\db\/plugins/mcufinder/images/
2025-12-25 17:46:45,660 [WARN] DbFile:41 - Overriding database path with different value: C:\Users\Huzaifa\.stmcufinder\plugins\mcufinder/ => C:\Users\Huzaifa\.stmcufinder\plugins\mcufinder
2025-12-25 17:46:45,660 [INFO] ApiDb:250 - Set database path to: C:\Users\Huzaifa\.stmcufinder\plugins\mcufinder//mcu/
2025-12-25 17:46:45,660 [WARN] DbFile:41 - Overriding database path with different value: C:\Users\Huzaifa\.stmcufinder\plugins\mcufinder/ => C:\Users\Huzaifa\.stmcufinder\plugins\mcufinder
2025-12-25 17:46:45,661 [INFO] DbMcusAds:125 - Set database path to: C:\Users\Huzaifa\.stmcufinder\plugins\mcufinder//mcu/
2025-12-25 17:46:45,661 [WARN] DbFile:41 - Overriding database path with different value: C:\Users\Huzaifa\.stmcufinder\plugins\mcufinder/ => C:\Users\Huzaifa\.stmcufinder\plugins\mcufinder
2025-12-25 17:46:45,661 [WARN] DbFile:41 - Overriding database path with different value: C:\Users\Huzaifa\.stmcufinder\plugins\mcufinder/ => C:\Users\Huzaifa\.stmcufinder\plugins\mcufinder
2025-12-25 17:46:45,661 [INFO] CrossReferenceDbSqlite:203 - Set database path to: C:\Users\Huzaifa\.stmcufinder\plugins\mcufinder//mcu/cs/
2025-12-25 17:46:45,673 [INFO] ApplicationProperties:184 - Using Application install path: C:\ST\STM32CubeIDE_1.16.1\STM32CubeIDE\plugins\com.st.stm32cube.common.mx_6.12.1.202409122256
2025-12-25 17:46:45,674 [INFO] PluginManage:196 - Search for loadable plugins [exclusion list=, ]
2025-12-25 17:46:45,675 [INFO] PluginManage:310 - Check plugin analytics
2025-12-25 17:46:45,806 [INFO] AnalyticsPlugin:253 - Accepted Software Licenses: 
2025-12-25 17:46:45,807 [INFO] AnalyticsPlugin:255 - Accepted CMSIS Pack Licenses: STMicroelectronics.X-CUBE-AZRTOS-F4.1.1.0
2025-12-25 17:46:45,807 [INFO] AnalyticsPlugin:257 - Accepted Firmware Licenses: FW.F4.1.28.0,FW.H7.1.11.0
2025-12-25 17:46:45,808 [INFO] PluginManage:359 - Loaded plugin analytics (category:tool,tabindex:-1)
2025-12-25 17:46:45,808 [INFO] PluginManage:310 - Check plugin cadmodel
2025-12-25 17:46:45,823 [INFO] CADModel:105 - Init CAD model plugin
2025-12-25 17:46:45,824 [INFO] PluginManage:359 - Loaded plugin cadmodel (category:power,tabindex:5)
2025-12-25 17:46:45,824 [INFO] PluginManage:310 - Check plugin clock
2025-12-25 17:46:45,843 [INFO] PluginManage:359 - Loaded plugin clock (category:base,tabindex:2)
2025-12-25 17:46:45,844 [INFO] PluginManage:310 - Check plugin ddr
2025-12-25 17:46:45,845 [INFO] PluginManage:359 - Loaded plugin ddr (category:tool,tabindex:6)
2025-12-25 17:46:45,845 [INFO] PluginManage:310 - Check plugin filemanager
2025-12-25 17:46:45,950 [INFO] PluginManage:359 - Loaded plugin filemanager (category:base,tabindex:10)
2025-12-25 17:46:45,950 [INFO] PluginManage:310 - Check plugin ipmanager
2025-12-25 17:46:45,956 [INFO] PluginManage:359 - Loaded plugin ipmanager (category:base,tabindex:5)
2025-12-25 17:46:45,956 [INFO] PluginManage:310 - Check plugin lpbam
2025-12-25 17:46:45,971 [INFO] PluginManage:359 - Loaded plugin lpbam (category:base,tabindex:0)
2025-12-25 17:46:45,971 [INFO] PluginManage:310 - Check plugin memorymap
2025-12-25 17:46:45,995 [INFO] PluginManage:359 - Loaded plugin memorymap (category:base,tabindex:4)
2025-12-25 17:46:45,995 [INFO] PluginManage:310 - Check plugin pinoutandconfiguration
2025-12-25 17:46:46,015 [INFO] PluginManage:359 - Loaded plugin pinoutandconfiguration (category:base,tabindex:1)
2025-12-25 17:46:46,015 [INFO] PluginManage:310 - Check plugin pinoutconfig
2025-12-25 17:46:46,091 [WARN] SupportedApi:132 - Cannot load RTOS API schema: s4s-elt-must-match.1: The content of 'definitions' must match (annotation?, (simpleType | complexType)?, (unique | key | keyref)*)). A problem was found starting at: attribute.
2025-12-25 17:46:46,187 [INFO] PluginManage:359 - Loaded plugin pinoutconfig (category:base,tabindex:0)
2025-12-25 17:46:46,188 [INFO] PluginManage:310 - Check plugin power
2025-12-25 17:46:46,204 [INFO] PluginManage:359 - Loaded plugin power (category:power,tabindex:4)
2025-12-25 17:46:46,204 [INFO] PluginManage:310 - Check plugin projectmanager
2025-12-25 17:46:46,217 [INFO] PluginManage:359 - Loaded plugin projectmanager (category:projectmanager,tabindex:4)
2025-12-25 17:46:46,217 [INFO] PluginManage:310 - Check plugin rif
2025-12-25 17:46:46,234 [INFO] PluginManage:359 - Loaded plugin rif (category:base,tabindex:3)
2025-12-25 17:46:46,234 [INFO] PluginManage:310 - Check plugin thirdparty
2025-12-25 17:46:46,485 [INFO] PluginManage:359 - Loaded plugin thirdparty (category:base,tabindex:-1)
2025-12-25 17:46:46,485 [WARN] IntegrityCheckThread:84 - waiting for thirdparty lock release [integrity check]
2025-12-25 17:46:46,485 [INFO] PluginManage:310 - Check plugin tools
2025-12-25 17:46:46,485 [INFO] IntegrityCheckThread:86 - entering critical section [integrity check]
2025-12-25 17:46:46,486 [INFO] ThirdPartyUpdaterWithRetryManager:70 - Updater plugin not ready yet. [1/15]
2025-12-25 17:46:46,515 [INFO] PluginManage:359 - Loaded plugin tools (category:base,tabindex:7)
2025-12-25 17:46:46,515 [INFO] PluginManage:310 - Check plugin tutovideos
2025-12-25 17:46:46,646 [INFO] PluginManage:359 - Loaded plugin tutovideos (category:base,tabindex:-1)
2025-12-25 17:46:46,647 [INFO] PluginManage:310 - Check plugin updater
2025-12-25 17:46:46,657 [INFO] PluginManage:359 - Loaded plugin updater (category:base,tabindex:12)
2025-12-25 17:46:46,657 [INFO] PluginManage:310 - Check plugin userauth
2025-12-25 17:46:46,660 [INFO] UserAuth:113 - Init User Auth plugin
2025-12-25 17:46:46,660 [INFO] PluginManage:359 - Loaded plugin userauth (category:base,tabindex:14)
2025-12-25 17:46:46,661 [INFO] PluginManage:283 - PluginManage : Loaded plugins [18]
2025-12-25 17:46:46,798 [INFO] PinOutPanel:1561 - setPackage(No Configuration,No Configuration)
2025-12-25 17:46:46,856 [INFO] CADModel:165 - CPN selected for project level
2025-12-25 17:46:46,856 [INFO] CADModel:114 - Register for checkConnection events
2025-12-25 17:46:46,877 [INFO] IPUIPlugin:80 - create IPUIPlugin
2025-12-25 17:46:46,877 [INFO] PluginManager:220 - loadIPPluginJar : add adc
2025-12-25 17:46:46,909 [INFO] IPUIPlugin:80 - create IPUIPlugin
2025-12-25 17:46:46,909 [INFO] PluginManager:220 - loadIPPluginJar : add aes
2025-12-25 17:46:46,942 [INFO] IPUIPlugin:80 - create IPUIPlugin
2025-12-25 17:46:46,942 [INFO] PluginManager:220 - loadIPPluginJar : add can
2025-12-25 17:46:46,963 [INFO] IPUIPlugin:80 - create IPUIPlugin
2025-12-25 17:46:46,963 [INFO] PluginManager:220 - loadIPPluginJar : add comp
2025-12-25 17:46:46,990 [INFO] IPUIPlugin:80 - create IPUIPlugin
2025-12-25 17:46:46,990 [INFO] PluginManager:220 - loadIPPluginJar : add cryp
2025-12-25 17:46:47,005 [INFO] IPUIPlugin:80 - create IPUIPlugin
2025-12-25 17:46:47,005 [INFO] PluginManager:220 - loadIPPluginJar : add ddr_ctrl_phy
2025-12-25 17:46:47,032 [INFO] IPUIPlugin:80 - create IPUIPlugin
2025-12-25 17:46:47,033 [INFO] PluginManager:220 - loadIPPluginJar : add dfsdm
2025-12-25 17:46:47,044 [INFO] IPUIPlugin:80 - create IPUIPlugin
2025-12-25 17:46:47,044 [INFO] PluginManager:220 - loadIPPluginJar : add dma
2025-12-25 17:46:47,081 [INFO] IPUIPlugin:80 - create IPUIPlugin
2025-12-25 17:46:47,081 [INFO] PluginManager:220 - loadIPPluginJar : add dma3
2025-12-25 17:46:47,116 [INFO] IPUIPlugin:80 - create IPUIPlugin
2025-12-25 17:46:47,116 [INFO] PluginManager:220 - loadIPPluginJar : add extmemmanager
2025-12-25 17:46:47,135 [INFO] IPUIPlugin:80 - create IPUIPlugin
2025-12-25 17:46:47,135 [INFO] PluginManager:220 - loadIPPluginJar : add fatfs
2025-12-25 17:46:47,173 [INFO] IPUIPlugin:80 - create IPUIPlugin
2025-12-25 17:46:47,173 [INFO] PluginManager:220 - loadIPPluginJar : add fmc
2025-12-25 17:46:47,186 [INFO] IPUIPlugin:80 - create IPUIPlugin
2025-12-25 17:46:47,186 [INFO] PluginManager:220 - loadIPPluginJar : add freertos
2025-12-25 17:46:47,203 [INFO] IPUIPlugin:80 - create IPUIPlugin
2025-12-25 17:46:47,204 [INFO] PluginManager:220 - loadIPPluginJar : add genericplugin
2025-12-25 17:46:47,275 [INFO] IPUIPlugin:80 - create IPUIPlugin
2025-12-25 17:46:47,275 [INFO] PluginManager:220 - loadIPPluginJar : add gfxmmu
2025-12-25 17:46:47,380 [INFO] IPUIPlugin:80 - create IPUIPlugin
2025-12-25 17:46:47,381 [INFO] PluginManager:220 - loadIPPluginJar : add gic
2025-12-25 17:46:47,391 [INFO] IPUIPlugin:80 - create IPUIPlugin
2025-12-25 17:46:47,391 [INFO] PluginManager:220 - loadIPPluginJar : add gpio
2025-12-25 17:46:47,461 [INFO] IPUIPlugin:80 - create IPUIPlugin
2025-12-25 17:46:47,461 [INFO] PluginManager:220 - loadIPPluginJar : add gtzc
2025-12-25 17:46:47,488 [INFO] IPUIPlugin:80 - create IPUIPlugin
2025-12-25 17:46:47,488 [INFO] PluginManager:220 - loadIPPluginJar : add hash
2025-12-25 17:46:47,529 [INFO] IPUIPlugin:80 - create IPUIPlugin
2025-12-25 17:46:47,529 [INFO] PluginManager:220 - loadIPPluginJar : add i2c
2025-12-25 17:46:47,561 [INFO] IPUIPlugin:80 - create IPUIPlugin
2025-12-25 17:46:47,561 [INFO] PluginManager:220 - loadIPPluginJar : add i2s
2025-12-25 17:46:47,594 [INFO] IPUIPlugin:80 - create IPUIPlugin
2025-12-25 17:46:47,594 [INFO] PluginManager:220 - loadIPPluginJar : add i3c
2025-12-25 17:46:47,669 [INFO] IPUIPlugin:80 - create IPUIPlugin
2025-12-25 17:46:47,669 [INFO] PluginManager:220 - loadIPPluginJar : add ipddr
2025-12-25 17:46:47,739 [INFO] IPUIPlugin:80 - create IPUIPlugin
2025-12-25 17:46:47,740 [INFO] PluginManager:220 - loadIPPluginJar : add linkedlist
2025-12-25 17:46:47,769 [INFO] IPUIPlugin:80 - create IPUIPlugin
2025-12-25 17:46:47,769 [INFO] PluginManager:220 - loadIPPluginJar : add lorawan
2025-12-25 17:46:47,805 [INFO] IPUIPlugin:80 - create IPUIPlugin
2025-12-25 17:46:47,805 [INFO] PluginManager:220 - loadIPPluginJar : add ltdc
2025-12-25 17:46:47,817 [INFO] IPUIPlugin:80 - create IPUIPlugin
2025-12-25 17:46:47,818 [INFO] PluginManager:220 - loadIPPluginJar : add mdma
2025-12-25 17:46:47,831 [INFO] IPUIPlugin:80 - create IPUIPlugin
2025-12-25 17:46:47,831 [INFO] PluginManager:220 - loadIPPluginJar : add nvic
2025-12-25 17:46:47,864 [INFO] IPUIPlugin:80 - create IPUIPlugin
2025-12-25 17:46:47,864 [INFO] PluginManager:220 - loadIPPluginJar : add opamp
2025-12-25 17:46:47,914 [INFO] IPUIPlugin:80 - create IPUIPlugin
2025-12-25 17:46:47,914 [INFO] PluginManager:220 - loadIPPluginJar : add openamp
2025-12-25 17:46:47,947 [INFO] IPUIPlugin:80 - create IPUIPlugin
2025-12-25 17:46:47,947 [INFO] PluginManager:220 - loadIPPluginJar : add pdm2pcm
2025-12-25 17:46:47,960 [INFO] IPUIPlugin:80 - create IPUIPlugin
2025-12-25 17:46:47,961 [INFO] PluginManager:220 - loadIPPluginJar : add plateformsettings
2025-12-25 17:46:47,982 [INFO] IPUIPlugin:80 - create IPUIPlugin
2025-12-25 17:46:47,982 [INFO] PluginManager:220 - loadIPPluginJar : add quadspi
2025-12-25 17:46:48,009 [INFO] IPUIPlugin:80 - create IPUIPlugin
2025-12-25 17:46:48,009 [INFO] PluginManager:220 - loadIPPluginJar : add radio
2025-12-25 17:46:48,019 [INFO] IPUIPlugin:80 - create IPUIPlugin
2025-12-25 17:46:48,019 [INFO] PluginManager:220 - loadIPPluginJar : add resmgrutility
2025-12-25 17:46:48,056 [INFO] IPUIPlugin:80 - create IPUIPlugin
2025-12-25 17:46:48,056 [INFO] PluginManager:220 - loadIPPluginJar : add sai
2025-12-25 17:46:48,086 [INFO] IPUIPlugin:80 - create IPUIPlugin
2025-12-25 17:46:48,086 [INFO] PluginManager:220 - loadIPPluginJar : add spi
2025-12-25 17:46:48,140 [INFO] IPUIPlugin:80 - create IPUIPlugin
2025-12-25 17:46:48,140 [INFO] PluginManager:220 - loadIPPluginJar : add stm32_wpan
2025-12-25 17:46:48,160 [INFO] IPUIPlugin:80 - create IPUIPlugin
2025-12-25 17:46:48,160 [INFO] PluginManager:220 - loadIPPluginJar : add tim
2025-12-25 17:46:48,208 [INFO] IPUIPlugin:80 - create IPUIPlugin
2025-12-25 17:46:48,208 [INFO] PluginManager:220 - loadIPPluginJar : add touchsensing
2025-12-25 17:46:48,228 [INFO] IPUIPlugin:80 - create IPUIPlugin
2025-12-25 17:46:48,228 [INFO] PluginManager:220 - loadIPPluginJar : add tracer_emb
2025-12-25 17:46:48,249 [INFO] IPUIPlugin:80 - create IPUIPlugin
2025-12-25 17:46:48,249 [INFO] PluginManager:220 - loadIPPluginJar : add ts
2025-12-25 17:46:48,269 [INFO] IPUIPlugin:80 - create IPUIPlugin
2025-12-25 17:46:48,269 [INFO] PluginManager:220 - loadIPPluginJar : add tsc
2025-12-25 17:46:48,288 [INFO] IPUIPlugin:80 - create IPUIPlugin
2025-12-25 17:46:48,288 [INFO] PluginManager:220 - loadIPPluginJar : add ucpd
2025-12-25 17:46:48,323 [INFO] IPUIPlugin:80 - create IPUIPlugin
2025-12-25 17:46:48,323 [INFO] PluginManager:220 - loadIPPluginJar : add usart
2025-12-25 17:46:48,357 [INFO] IPUIPlugin:80 - create IPUIPlugin
2025-12-25 17:46:48,357 [INFO] PluginManager:220 - loadIPPluginJar : add usbx
2025-12-25 17:46:48,461 [INFO] CADModel:165 - CPN selected for project level
2025-12-25 17:46:48,461 [INFO] CADModel:114 - Register for checkConnection events
2025-12-25 17:46:48,462 [FATAL] Updater:334 - Updater called before beeing initialized
2025-12-25 17:46:48,462 [ERROR] CADModel:125 - Updater not yet initialized, retry later 
2025-12-25 17:46:48,541 [INFO] CADModel:165 - CPN selected for project level
2025-12-25 17:46:48,541 [INFO] CADModel:114 - Register for checkConnection events
2025-12-25 17:46:48,541 [FATAL] Updater:334 - Updater called before beeing initialized
2025-12-25 17:46:48,541 [ERROR] CADModel:125 - Updater not yet initialized, retry later 
2025-12-25 17:46:48,543 [FATAL] Updater:334 - Updater called before beeing initialized
2025-12-25 17:46:48,620 [FATAL] Updater:334 - Updater called before beeing initialized
2025-12-25 17:46:48,629 [INFO] DbMcusAds:53 - JSON generation date=Mon Dec 15 16:11:46 MST 2025 (1765840306530)
2025-12-25 17:46:48,629 [FATAL] Updater:334 - Updater called before beeing initialized
2025-12-25 17:46:48,658 [WARN] DetailPanel:346 - Failed to get advertising image, set to default
2025-12-25 17:46:48,735 [FATAL] Updater:334 - Updater called before beeing initialized
2025-12-25 17:46:48,736 [FATAL] Updater:334 - Updater called before beeing initialized
2025-12-25 17:46:48,736 [FATAL] Updater:334 - Updater called before beeing initialized
2025-12-25 17:46:48,736 [WARN] DetailPanel:346 - Failed to get advertising image, set to default
2025-12-25 17:46:48,737 [FATAL] Updater:334 - Updater called before beeing initialized
2025-12-25 17:46:48,778 [ERROR] Updater:1164 - MainUpdater not yet initialized. External WinMGr cannot be set.
2025-12-25 17:46:48,787 [INFO] Updater:1100 - Updater Version found : 6.12.1
2025-12-25 17:46:48,799 [INFO] ApplicationProperties:184 - Using Application install path: C:\ST\STM32CubeIDE_1.16.1\STM32CubeIDE\plugins\com.st.stm32cube.common.mx_6.12.1.202409122256
2025-12-25 17:46:49,486 [INFO] ThirdPartyUpdaterWithRetryManager:70 - Updater plugin not ready yet. [2/15]
2025-12-25 17:46:50,372 [ERROR] LogOutputStream:75 - [STDERR_REDIRECT] Dec 25, 2025 5:46:50 PM java.util.prefs.WindowsPreferences <init>
2025-12-25 17:46:50,373 [ERROR] LogOutputStream:75 - [STDERR_REDIRECT] WARNING: Could not open/create prefs root node Software\JavaSoft\Prefs at root 0xffffffff80000002. Windows RegCreateKeyEx(...) returned error code 5.
2025-12-25 17:46:50,373 [ERROR] LogOutputStream:75 - [STDERR_REDIRECT] 
2025-12-25 17:46:51,130 [INFO] MainUpdater:2873 - connection check result : 10
2025-12-25 17:46:51,130 [INFO] MainUpdater:3567 - Updater definition file requires update
2025-12-25 17:46:51,131 [INFO] MainUpdater:290 - Updater Check For Update Now.
2025-12-25 17:46:51,131 [INFO] MicroXplorer:498 - Change Database Version : DB.6.0.121
2025-12-25 17:46:51,147 [INFO] McuFinderGlobals:63 - Set McuFinder mode to 2 (CubeIDE integrated)
2025-12-25 17:46:51,153 [INFO] UserAuth:417 - Internet connection configuration mode: 1
2025-12-25 17:46:51,170 [INFO] JxBrowserEngine:152 - Initiate JxBrowser Engine with user profile folder
2025-12-25 17:46:52,024 [INFO] ServerAccessManage:473 - Download File updaters.zip
2025-12-25 17:46:52,139 [INFO] FileExtend:240 - Unzip File : updaters.zip
2025-12-25 17:46:52,139 [INFO] FileExtend:255 - Standard Zip Deflate
2025-12-25 17:46:52,489 [WARN] MainUpdater:1194 - Updater busy. Cannot search thirdparties
2025-12-25 17:46:52,489 [INFO] ThirdPartyUpdaterWithRetryManager:96 - Updater plugin is busy. [1/15]
2025-12-25 17:46:52,870 [INFO] ServerAccessManage:473 - Download File PacksControlFlags.xml
2025-12-25 17:46:53,019 [INFO] ServerAccessManage:473 - Download File cubemx.pidx
2025-12-25 17:46:53,104 [INFO] LoadServerUpdatesThread:375 - End of LoadServerUpdate Thread
2025-12-25 17:46:53,255 [INFO] CheckServerUpdateThread:120 - End of CheckServer Thread
2025-12-25 17:46:53,690 [INFO] WebApp:167 - Instantiating new browser for Auth
2025-12-25 17:46:54,180 [INFO] WebApp:448 - Apply proxy settings
2025-12-25 17:46:54,180 [INFO] WebApp:533 - Chromium requires no authentication
2025-12-25 17:46:54,186 [INFO] WebApp:476 - Direct internet connection detected
2025-12-25 17:46:54,202 [INFO] WebApp:869 - Register for checkConnection events
2025-12-25 17:46:54,202 [INFO] WebApp:448 - Apply proxy settings
2025-12-25 17:46:54,203 [INFO] WebApp:533 - Chromium requires no authentication
2025-12-25 17:46:54,203 [INFO] WebApp:476 - Direct internet connection detected
2025-12-25 17:46:54,316 [INFO] WebApp:220 - Starting web application
2025-12-25 17:46:54,316 [INFO] WebApp:578 - Web application path used C:\ST\STM32CubeIDE_1.16.1\STM32CubeIDE\plugins\com.st.stm32cube.common.mx_6.12.1.202409122256\db\plugins\mcufinder\reactClient1\index.html
2025-12-25 17:46:54,424 [INFO] WebApp:186 - Connection restablished
2025-12-25 17:46:54,444 [INFO] UserAuth:417 - Internet connection configuration mode: 1
2025-12-25 17:46:55,666 [WARN] PackLoader:240 - Cannot read IP mode file for STMicroelectronics.FP-SNS-MOTENVWB1.1.4.0
2025-12-25 17:46:55,679 [WARN] PackLoader:240 - Cannot read IP mode file for STMicroelectronics.FP-ATR-ASTRA1.2.0.2
2025-12-25 17:46:55,691 [WARN] PackLoader:240 - Cannot read IP mode file for STMicroelectronics.FP-ATR-ASTRA1.2.0.1
2025-12-25 17:46:55,704 [WARN] PackLoader:240 - Cannot read IP mode file for STMicroelectronics.X-CUBE-SMBUS.2.1.0
2025-12-25 17:46:55,717 [WARN] PackLoader:240 - Cannot read IP mode file for STMicroelectronics.X-CUBE-WB05N.1.1.0
2025-12-25 17:46:55,728 [ERROR] Engine:466 - C:\Users\Huzaifa\.stm32cubemx\thirdparties\pdsc\STMicroelectronics.X-CUBE-ST60.1.0.0.pdsc: PDSC version is not supported
2025-12-25 17:46:55,769 [WARN] PackLoader:240 - Cannot read IP mode file for STMicroelectronics.X-CUBE-AZRTOS-F7.1.1.0
2025-12-25 17:46:55,813 [WARN] PackLoader:240 - Cannot read IP mode file for STMicroelectronics.X-CUBE-MEMS1.11.0.0
2025-12-25 17:46:55,891 [ERROR] Engine:466 - C:\Users\Huzaifa\.stm32cubemx\thirdparties\pdsc\STMicroelectronics.FP-SNS-MOTENV1.5.1.0.pdsc: PDSC version is not supported
2025-12-25 17:46:55,904 [WARN] PackLoader:240 - Cannot read IP mode file for STMicroelectronics.FP-SNS-FLIGHT1.5.0.2
2025-12-25 17:46:55,926 [WARN] PackLoader:240 - Cannot read IP mode file for STMicroelectronics.X-CUBE-AZRTOS-H7.3.4.0
2025-12-25 17:46:55,947 [WARN] PackLoader:240 - Cannot read IP mode file for STMicroelectronics.X-CUBE-DISPLAY.3.0.0
2025-12-25 17:46:55,964 [WARN] PackLoader:240 - Cannot read IP mode file for STMicroelectronics.X-CUBE-BLE1.7.0.0
2025-12-25 17:46:55,978 [WARN] PackLoader:240 - Cannot read IP mode file for STMicroelectronics.X-CUBE-NFC10.1.0.0
2025-12-25 17:46:55,996 [WARN] PackLoader:240 - Cannot read IP mode file for STMicroelectronics.X-CUBE-BLEMGR.4.0.0
2025-12-25 17:46:56,011 [ERROR] Engine:466 - C:\Users\Huzaifa\.stm32cubemx\thirdparties\pdsc\STMicroelectronics.X-CUBE-ST60.1.1.0.pdsc: PDSC version is not supported
2025-12-25 17:46:56,028 [WARN] PackLoader:240 - Cannot read IP mode file for emotas.I-CUBE-CANOPEN.1.3.0
2025-12-25 17:46:56,042 [WARN] PackLoader:240 - Cannot read IP mode file for STMicroelectronics.X-CUBE-GNSS1.7.1.0
2025-12-25 17:46:56,057 [WARN] PackLoader:240 - Cannot read IP mode file for STMicroelectronics.X-CUBE-BLEMGR.3.1.0
2025-12-25 17:46:56,073 [WARN] PackLoader:240 - Cannot read IP mode file for STMicroelectronics.X-CUBE-AI.10.0.0
2025-12-25 17:46:56,087 [ERROR] Engine:466 - C:\Users\Huzaifa\.stm32cubemx\thirdparties\pdsc\STMicroelectronics.FP-SNS-STBOX1.2.1.0.pdsc: PDSC version is not supported
2025-12-25 17:46:56,101 [WARN] PackLoader:240 - Cannot read IP mode file for STMicroelectronics.FP-SNS-SMARTAG2.1.2.0
2025-12-25 17:46:56,111 [ERROR] Engine:466 - C:\Users\Huzaifa\.stm32cubemx\thirdparties\pdsc\STMicroelectronics.FP-SNS-FLIGHT1.5.1.0.pdsc: PDSC version is not supported
2025-12-25 17:46:56,145 [WARN] PackLoader:240 - Cannot read IP mode file for STMicroelectronics.X-CUBE-MEMS1.11.1.0
2025-12-25 17:46:56,220 [INFO] LogOutputStream:77 - [STDOUT_REDIRECT] 1 : Invalid condition id : UX_CORESTACK_Condition cause : null
2025-12-25 17:46:56,221 [INFO] LogOutputStream:77 - [STDOUT_REDIRECT] 1 : Invalid condition id : UX_CORESTACK_Condition cause : null
2025-12-25 17:46:56,221 [INFO] LogOutputStream:77 - [STDOUT_REDIRECT] 1 : Invalid condition id : UX_CORESTACK_Condition cause : null
2025-12-25 17:46:56,223 [INFO] LogOutputStream:77 - [STDOUT_REDIRECT] 1 : Invalid condition id : UX_CORESTACK_Condition cause : null
2025-12-25 17:46:56,223 [INFO] LogOutputStream:77 - [STDOUT_REDIRECT] 1 : Invalid condition id : UX_CORESTACK_Condition cause : null
2025-12-25 17:46:56,224 [WARN] PackLoader:240 - Cannot read IP mode file for STMicroelectronics.X-CUBE-AZRTOS-WL.2.0.0
2025-12-25 17:46:56,236 [WARN] PackLoader:240 - Cannot read IP mode file for STMicroelectronics.FP-SNS-MOTENV1.5.0.0
2025-12-25 17:46:56,263 [WARN] PackLoader:240 - Cannot read IP mode file for STMicroelectronics.X-CUBE-AZRTOS-H7RS.1.2.0
2025-12-25 17:46:56,276 [WARN] PackLoader:240 - Cannot read IP mode file for wolfSSL.I-CUBE-wolfMQTT.1.19.0
2025-12-25 17:46:56,291 [WARN] PackLoader:240 - Cannot read IP mode file for WES.I-CUBE-Cesium.1.3.0
2025-12-25 17:46:56,305 [WARN] PackLoader:240 - Cannot read IP mode file for STMicroelectronics.X-CUBE-BLE2.3.3.0
2025-12-25 17:46:56,318 [ERROR] Engine:466 - C:\Users\Huzaifa\.stm32cubemx\thirdparties\pdsc\Avnet-IOTCONNECT.X-CUBE-iotc-st67-sdk.1.0.0.pdsc: PDSC version is not supported
2025-12-25 17:46:56,330 [WARN] PackLoader:240 - Cannot read IP mode file for STMicroelectronics.X-CUBE-NFC9.1.0.0
2025-12-25 17:46:56,343 [WARN] PackLoader:240 - Cannot read IP mode file for STMicroelectronics.X-CUBE-BLE1.7.1.0
2025-12-25 17:46:56,357 [WARN] PackLoader:240 - Cannot read IP mode file for STMicroelectronics.X-CUBE-TCPP.4.1.0
2025-12-25 17:46:56,369 [ERROR] Engine:466 - C:\Users\Huzaifa\.stm32cubemx\thirdparties\pdsc\STMicroelectronics.X-CUBE-FREERTOS.1.4.0.pdsc: PDSC version is not supported
2025-12-25 17:46:56,382 [WARN] PackLoader:240 - Cannot read IP mode file for STMicroelectronics.X-CUBE-EEPRMA1.5.2.0
2025-12-25 17:46:56,394 [ERROR] Engine:466 - C:\Users\Huzaifa\.stm32cubemx\thirdparties\pdsc\STMicroelectronics.X-CUBE-ST67W61.1.1.0.pdsc: PDSC version is not supported
2025-12-25 17:46:56,433 [WARN] PackLoader:240 - Cannot read IP mode file for STMicroelectronics.X-CUBE-MEMS1.12.0.0
2025-12-25 17:46:56,493 [WARN] PackLoader:240 - Cannot read IP mode file for STMicroelectronics.X-CUBE-AZRTOS-G0.1.1.0
2025-12-25 17:46:56,508 [WARN] PackLoader:240 - Cannot read IP mode file for STMicroelectronics.X-CUBE-SAFEA1.1.2.2
2025-12-25 17:46:56,521 [WARN] PackLoader:240 - Cannot read IP mode file for STMicroelectronics.X-CUBE-NFC4.3.0.0
2025-12-25 17:46:56,537 [WARN] PackLoader:240 - Cannot read IP mode file for EmbeddedOffice.I-CUBE-FS-RTOS.1.0.1
2025-12-25 17:46:56,538 [ERROR] ConditionMgr:805 - Attr not supported : Dmpu
2025-12-25 17:46:56,538 [ERROR] ConditionMgr:805 - Attr not supported : Dmpu
2025-12-25 17:46:56,538 [ERROR] ConditionMgr:805 - Attr not supported : Dmpu
2025-12-25 17:46:56,538 [ERROR] ConditionMgr:805 - Attr not supported : Dmpu
2025-12-25 17:46:56,538 [ERROR] ConditionMgr:805 - Attr not supported : Dmpu
2025-12-25 17:46:56,538 [ERROR] ConditionMgr:805 - Attr not supported : Dmpu
2025-12-25 17:46:56,538 [ERROR] ConditionMgr:805 - Attr not supported : Dmpu
2025-12-25 17:46:56,538 [ERROR] ConditionMgr:805 - Attr not supported : Dmpu
2025-12-25 17:46:56,538 [ERROR] ConditionMgr:805 - Attr not supported : Dmpu
2025-12-25 17:46:56,538 [ERROR] ConditionMgr:805 - Attr not supported : Dmpu
2025-12-25 17:46:56,538 [ERROR] ConditionMgr:805 - Attr not supported : Dmpu
2025-12-25 17:46:56,538 [ERROR] ConditionMgr:805 - Attr not supported : Dmpu
2025-12-25 17:46:56,538 [ERROR] ConditionMgr:805 - Attr not supported : Dmpu
2025-12-25 17:46:56,538 [ERROR] ConditionMgr:805 - Attr not supported : Dmpu
2025-12-25 17:46:56,538 [ERROR] ConditionMgr:805 - Attr not supported : Dmpu
2025-12-25 17:46:56,538 [ERROR] ConditionMgr:805 - Attr not supported : Dmpu
2025-12-25 17:46:56,538 [ERROR] ConditionMgr:805 - Attr not supported : Dmpu
2025-12-25 17:46:56,538 [ERROR] ConditionMgr:805 - Attr not supported : Dmpu
2025-12-25 17:46:56,538 [ERROR] ConditionMgr:805 - Attr not supported : Dmpu
2025-12-25 17:46:56,538 [ERROR] ConditionMgr:805 - Attr not supported : Dmpu
2025-12-25 17:46:56,538 [ERROR] ConditionMgr:805 - Attr not supported : Dmpu
2025-12-25 17:46:56,538 [ERROR] ConditionMgr:805 - Attr not supported : Dmpu
2025-12-25 17:46:56,538 [ERROR] ConditionMgr:805 - Attr not supported : Dmpu
2025-12-25 17:46:56,538 [ERROR] ConditionMgr:805 - Attr not supported : Dmpu
2025-12-25 17:46:56,538 [ERROR] ConditionMgr:805 - Attr not supported : Dmpu
2025-12-25 17:46:56,539 [ERROR] ConditionMgr:805 - Attr not supported : Dmpu
2025-12-25 17:46:56,539 [ERROR] ConditionMgr:805 - Attr not supported : Dmpu
2025-12-25 17:46:56,539 [ERROR] ConditionMgr:805 - Attr not supported : Dmpu
2025-12-25 17:46:56,539 [ERROR] ConditionMgr:805 - Attr not supported : Dmpu
2025-12-25 17:46:56,539 [ERROR] ConditionMgr:805 - Attr not supported : Dmpu
2025-12-25 17:46:56,539 [ERROR] ConditionMgr:805 - Attr not supported : Dmpu
2025-12-25 17:46:56,539 [ERROR] ConditionMgr:805 - Attr not supported : Dmpu
2025-12-25 17:46:56,539 [ERROR] ConditionMgr:805 - Attr not supported : Dmpu
2025-12-25 17:46:56,539 [ERROR] ConditionMgr:805 - Attr not supported : Dmpu
2025-12-25 17:46:56,539 [ERROR] ConditionMgr:805 - Attr not supported : Dmpu
2025-12-25 17:46:56,539 [ERROR] ConditionMgr:805 - Attr not supported : Dmpu
2025-12-25 17:46:56,539 [ERROR] ConditionMgr:805 - Attr not supported : Dmpu
2025-12-25 17:46:56,539 [ERROR] ConditionMgr:805 - Attr not supported : Dmpu
2025-12-25 17:46:56,539 [ERROR] ConditionMgr:805 - Attr not supported : Dmpu
2025-12-25 17:46:56,539 [ERROR] ConditionMgr:805 - Attr not supported : Dmpu
2025-12-25 17:46:56,539 [ERROR] ConditionMgr:805 - Attr not supported : Dmpu
2025-12-25 17:46:56,539 [ERROR] ConditionMgr:805 - Attr not supported : Dmpu
2025-12-25 17:46:56,539 [ERROR] ConditionMgr:805 - Attr not supported : Dmpu
2025-12-25 17:46:56,539 [ERROR] ConditionMgr:805 - Attr not supported : Dmpu
2025-12-25 17:46:56,539 [ERROR] ConditionMgr:805 - Attr not supported : Dmpu
2025-12-25 17:46:56,539 [ERROR] ConditionMgr:805 - Attr not supported : Dmpu
2025-12-25 17:46:56,539 [ERROR] ConditionMgr:805 - Attr not supported : Dmpu
2025-12-25 17:46:56,539 [ERROR] ConditionMgr:805 - Attr not supported : Dmpu
2025-12-25 17:46:56,539 [ERROR] ConditionMgr:805 - Attr not supported : Dmpu
2025-12-25 17:46:56,539 [ERROR] ConditionMgr:805 - Attr not supported : Dmpu
2025-12-25 17:46:56,539 [ERROR] ConditionMgr:805 - Attr not supported : Dmpu
2025-12-25 17:46:56,539 [ERROR] ConditionMgr:805 - Attr not supported : Dmpu
2025-12-25 17:46:56,539 [ERROR] ConditionMgr:805 - Attr not supported : Dmpu
2025-12-25 17:46:56,539 [ERROR] ConditionMgr:805 - Attr not supported : Dmpu
2025-12-25 17:46:56,539 [ERROR] ConditionMgr:805 - Attr not supported : Dmpu
2025-12-25 17:46:56,539 [ERROR] ConditionMgr:805 - Attr not supported : Dmpu
2025-12-25 17:46:56,539 [ERROR] ConditionMgr:805 - Attr not supported : Dmpu
2025-12-25 17:46:56,540 [ERROR] ConditionMgr:805 - Attr not supported : Dmpu
2025-12-25 17:46:56,540 [ERROR] ConditionMgr:805 - Attr not supported : Dmpu
2025-12-25 17:46:56,540 [ERROR] ConditionMgr:805 - Attr not supported : Dmpu
2025-12-25 17:46:56,540 [ERROR] ConditionMgr:805 - Attr not supported : Dmpu
2025-12-25 17:46:56,540 [ERROR] ConditionMgr:805 - Attr not supported : Dmpu
2025-12-25 17:46:56,540 [ERROR] ConditionMgr:805 - Attr not supported : Dmpu
2025-12-25 17:46:56,540 [ERROR] ConditionMgr:805 - Attr not supported : Dmpu
2025-12-25 17:46:56,553 [WARN] PackLoader:240 - Cannot read IP mode file for STMicroelectronics.X-CUBE-WB05N.2.0.0
2025-12-25 17:46:56,566 [ERROR] Engine:466 - C:\Users\Huzaifa\.stm32cubemx\thirdparties\pdsc\STMicroelectronics.X-CUBE-TCPP.4.2.0.pdsc: PDSC version is not supported
2025-12-25 17:46:56,580 [WARN] PackLoader:240 - Cannot read IP mode file for RealThread.X-CUBE-RT-Thread_Nano.4.1.1
2025-12-25 17:46:56,591 [WARN] PackLoader:240 - Cannot read IP mode file for STMicroelectronics.FP-ATR-SIGFOX1.3.2.0
2025-12-25 17:46:56,603 [WARN] PackLoader:240 - Cannot read IP mode file for wolfSSL.I-CUBE-wolfSSL.5.7.2
2025-12-25 17:46:56,614 [WARN] ConditionMgr:438 - getConditionDescription Invalid condition id : Cortex-A Device cause : null
2025-12-25 17:46:56,630 [WARN] ConditionMgr:1039 - genDependencies : Invalid condition id : Cortex-A Device cause : null
2025-12-25 17:46:56,631 [WARN] ConditionMgr:1039 - genDependencies : Invalid condition id : Cortex-A Device cause : null
2025-12-25 17:46:56,631 [WARN] ConditionMgr:1039 - genDependencies : Invalid condition id : Cortex-A Device cause : null
2025-12-25 17:46:56,642 [WARN] PackLoader:240 - Cannot read IP mode file for STMicroelectronics.X-CUBE-EEPRMA1.5.1.0
2025-12-25 17:46:56,657 [WARN] PackLoader:240 - Cannot read IP mode file for ITTIA_DB.I-CUBE-ITTIADB.8.9.0
2025-12-25 17:46:56,672 [ERROR] Engine:466 - C:\Users\Huzaifa\.stm32cubemx\thirdparties\pdsc\STMicroelectronics.X-CUBE-ST67W61.1.0.0.pdsc: PDSC version is not supported
2025-12-25 17:46:56,683 [WARN] PackLoader:240 - Cannot read IP mode file for STMicroelectronics.X-CUBE-AI.10.2.0
2025-12-25 17:46:56,713 [WARN] PackLoader:240 - Cannot read IP mode file for SEGGER.I-CUBE-embOS.1.3.1
2025-12-25 17:46:56,739 [WARN] PackLoader:240 - Cannot read IP mode file for STMicroelectronics.X-CUBE-ALGOBUILD.1.4.0
2025-12-25 17:46:56,775 [WARN] PackLoader:240 - Cannot read IP mode file for STMicroelectronics.X-CUBE-MEMS1.11.3.0
2025-12-25 17:46:56,847 [WARN] PackLoader:240 - Cannot read IP mode file for STMicroelectronics.X-CUBE-AI.9.1.0
2025-12-25 17:46:56,862 [WARN] PackLoader:240 - Cannot read IP mode file for STMicroelectronics.X-CUBE-PM33A1.1.0.0
2025-12-25 17:46:56,887 [WARN] PackLoader:240 - Cannot read IP mode file for STMicroelectronics.X-CUBE-AZRTOS-F4.1.1.0
2025-12-25 17:46:57,042 [ERROR] Engine:466 - C:\Users\Huzaifa\.stm32cubemx\thirdparties\pdsc\Avnet-IotConnect.X-CUBE-IoTC-DA16k-PMOD.1.0.0.pdsc: PDSC version is not supported
2025-12-25 17:46:57,055 [WARN] PackLoader:240 - Cannot read IP mode file for STMicroelectronics.X-CUBE-ISPU.2.1.0
2025-12-25 17:46:57,068 [ERROR] Engine:466 - C:\Users\Huzaifa\.stm32cubemx\thirdparties\pdsc\STMicroelectronics.X-CUBE-IPS.3.2.0.pdsc: PDSC version is not supported
2025-12-25 17:46:57,081 [WARN] PackLoader:240 - Cannot read IP mode file for STMicroelectronics.X-CUBE-FREERTOS.1.2.0
2025-12-25 17:46:57,094 [WARN] PackLoader:240 - Cannot read IP mode file for STMicroelectronics.X-CUBE-NFC12.1.0.0
2025-12-25 17:46:57,118 [WARN] PackLoader:240 - Cannot read IP mode file for STMicroelectronics.X-CUBE-AZRTOS-L5.2.0.0
2025-12-25 17:46:57,133 [WARN] PackLoader:240 - Cannot read IP mode file for STMicroelectronics.X-CUBE-NFC6.3.1.0
2025-12-25 17:46:57,146 [WARN] PackLoader:240 - Cannot read IP mode file for STMicroelectronics.X-CUBE-DPower.1.2.0
2025-12-25 17:46:57,159 [WARN] PackLoader:240 - Cannot read IP mode file for STMicroelectronics.X-CUBE-FREERTOS.1.3.1
2025-12-25 17:46:57,171 [WARN] PackLoader:240 - Cannot read IP mode file for STMicroelectronics.X-CUBE-FREERTOS.1.3.0
2025-12-25 17:46:57,185 [WARN] PackLoader:240 - Cannot read IP mode file for STMicroelectronics.X-CUBE-NFC7.1.0.1
2025-12-25 17:46:57,199 [WARN] PackLoader:240 - Cannot read IP mode file for STMicroelectronics.X-CUBE-TOUCHGFX.4.26.0
2025-12-25 17:46:57,212 [ERROR] Engine:466 - C:\Users\Huzaifa\.stm32cubemx\thirdparties\pdsc\STMicroelectronics.FP-SNS-STAIOTCFT.1.0.0.pdsc: PDSC version is not supported
2025-12-25 17:46:57,224 [WARN] PackLoader:240 - Cannot read IP mode file for STMicroelectronics.X-CUBE-DPower.1.3.0
2025-12-25 17:46:57,245 [WARN] ConditionMgr:438 - getConditionDescription Invalid condition id : LAN8742 Phy interface Condition cause : null
2025-12-25 17:46:57,245 [WARN] PackLoader:240 - Cannot read IP mode file for STMicroelectronics.X-CUBE-AZRTOS-L4.2.0.0
2025-12-25 17:46:57,247 [WARN] ConditionMgr:1039 - genDependencies : Invalid condition id : LAN8742 Phy interface Condition cause : null
2025-12-25 17:46:57,247 [WARN] ConditionMgr:1039 - genDependencies : Invalid condition id : LAN8742 Phy interface Condition cause : null
2025-12-25 17:46:57,247 [WARN] ConditionMgr:1039 - genDependencies : Invalid condition id : LAN8742 Phy interface Condition cause : null
2025-12-25 17:46:57,260 [WARN] PackLoader:240 - Cannot read IP mode file for STMicroelectronics.X-CUBE-SFXS2LP1.4.0.0
2025-12-25 17:46:57,283 [WARN] PackLoader:240 - Cannot read IP mode file for STMicroelectronics.X-CUBE-AZRTOS-H7.3.3.0
2025-12-25 17:46:57,296 [ERROR] Engine:466 - C:\Users\Huzaifa\.stm32cubemx\thirdparties\pdsc\STMicroelectronics.X-CUBE-BLEMGR.4.1.0.pdsc: PDSC version is not supported
2025-12-25 17:46:57,310 [WARN] PackLoader:240 - Cannot read IP mode file for STMicroelectronics.X-CUBE-IPS.3.0.0
2025-12-25 17:46:57,330 [WARN] ConditionMgr:438 - getConditionDescription Invalid condition id : UX DEVICE CLASS RTOS Condition cause : null
2025-12-25 17:46:57,331 [WARN] ConditionMgr:438 - getConditionDescription Invalid condition id : UX DEVICE CLASS RTOS Condition cause : null
2025-12-25 17:46:57,331 [WARN] PackLoader:240 - Cannot read IP mode file for STMicroelectronics.X-CUBE-AZRTOS-WB.2.0.0
2025-12-25 17:46:57,332 [WARN] ConditionMgr:1039 - genDependencies : Invalid condition id : UX DEVICE CLASS RTOS Condition cause : null
2025-12-25 17:46:57,332 [WARN] ConditionMgr:1039 - genDependencies : Invalid condition id : UX DEVICE CLASS RTOS Condition cause : null
2025-12-25 17:46:57,332 [WARN] ConditionMgr:1039 - genDependencies : Invalid condition id : UX DEVICE CLASS RTOS Condition cause : null
2025-12-25 17:46:57,332 [WARN] ConditionMgr:1039 - genDependencies : Invalid condition id : UX DEVICE CLASS RTOS Condition cause : null
2025-12-25 17:46:57,332 [WARN] ConditionMgr:1039 - genDependencies : Invalid condition id : UX DEVICE CLASS RTOS Condition cause : null
2025-12-25 17:46:57,344 [WARN] PackLoader:240 - Cannot read IP mode file for STMicroelectronics.X-CUBE-GNSS1.7.0.0
2025-12-25 17:46:57,356 [WARN] PackLoader:240 - Cannot read IP mode file for STMicroelectronics.X-CUBE-GNSS1.7.0.1
2025-12-25 17:46:57,368 [WARN] PackLoader:240 - Cannot read IP mode file for STMicroelectronics.X-CUBE-TOUCHGFX.4.25.0
2025-12-25 17:46:57,381 [WARN] PackLoader:240 - Cannot read IP mode file for STMicroelectronics.FP-SNS-STBOX1.2.0.0
2025-12-25 17:46:57,396 [WARN] PackLoader:240 - Cannot read IP mode file for STMicroelectronics.X-CUBE-SUBG2.5.0.0
2025-12-25 17:46:57,418 [WARN] PackLoader:240 - Cannot read IP mode file for STMicroelectronics.X-CUBE-AZRTOS-H7RS.1.1.0
2025-12-25 17:46:57,431 [WARN] PackLoader:240 - Cannot read IP mode file for Cesanta.I-CUBE-Mongoose.7.13.0
2025-12-25 17:46:57,451 [WARN] PackLoader:240 - Cannot read IP mode file for STMicroelectronics.X-CUBE-AZRTOS-G4.2.0.0
2025-12-25 17:46:57,463 [WARN] PackLoader:240 - Cannot read IP mode file for STMicroelectronics.X-CUBE-NFC7.2.0.0
2025-12-25 17:46:57,475 [ERROR] Engine:466 - C:\Users\Huzaifa\.stm32cubemx\thirdparties\pdsc\STMicroelectronics.X-CUBE-IPS.3.1.0.pdsc: PDSC version is not supported
2025-12-25 17:46:57,485 [WARN] PackLoader:240 - Cannot read IP mode file for STMicroelectronics.X-CUBE-ALS.1.0.2
2025-12-25 17:46:57,496 [WARN] PackLoader:240 - Cannot read IP mode file for STMicroelectronics.X-CUBE-TOUCHGFX.4.24.2
2025-12-25 17:46:57,506 [WARN] PackLoader:240 - Cannot read IP mode file for STMicroelectronics.X-CUBE-TOUCHGFX.4.24.1
2025-12-25 17:46:57,517 [WARN] PackLoader:240 - Cannot read IP mode file for STMicroelectronics.X-CUBE-STSE01.1.0.0
2025-12-25 17:46:57,529 [WARN] PackLoader:240 - Cannot read IP mode file for wolfSSL.I-CUBE-wolfTPM.3.4.0
2025-12-25 17:46:57,539 [WARN] PackLoader:240 - Cannot read IP mode file for portGmbH.I-Cube-SoM-uGOAL.1.1.0
2025-12-25 17:46:57,559 [WARN] PackLoader:240 - Cannot read IP mode file for STMicroelectronics.X-CUBE-AZRTOS-H7RS.1.0.0
2025-12-25 17:46:57,573 [WARN] PackLoader:240 - Cannot read IP mode file for STMicroelectronics.FP-ATR-ASTRA1.2.0.0
2025-12-25 17:46:57,588 [WARN] PackLoader:240 - Cannot read IP mode file for STMicroelectronics.X-CUBE-TOF1.3.4.2
2025-12-25 17:46:57,608 [ERROR] Engine:466 - C:\Users\Huzaifa\.stm32cubemx\thirdparties\pdsc\STMicroelectronics.X-CUBE-TOF1.3.4.3.pdsc: PDSC version is not supported
2025-12-25 17:46:57,627 [WARN] PackLoader:240 - Cannot read IP mode file for Infineon.AIROC-Wi-Fi-Bluetooth-STM32.1.6.1
2025-12-25 17:46:57,640 [WARN] PackLoader:240 - Cannot read IP mode file for wolfSSL.I-CUBE-wolfSSH.1.4.17
2025-12-25 17:46:57,640 [INFO] ThirdParty:978 - Integrity check success = true
2025-12-25 17:46:57,640 [INFO] IntegrityCheckThread:100 - exiting critical section [integrity check]
2025-12-25 17:46:57,640 [INFO] IntegrityCheckThread:103 - End integrity checks thread
2025-12-25 18:11:11,641 [ERROR] LogOutputStream:75 - [STDERR_REDIRECT] 
