2025-12-21 00:43:39,910 [ERROR] LogOutputStream:75 - [STDERR_REDIRECT] 
2025-12-21 18:13:18,902 [INFO] Activator:176 - 


2025-12-21 18:13:18,905 [INFO] Activator:177 - !SESSION log4j initialized
2025-12-21 18:13:23,632 [INFO] LogOutputStream:77 - [STDOUT_REDIRECT] 
2025-12-21 18:13:26,993 [INFO] ApplicationProperties:184 - Using Application install path: C:\ST\STM32CubeIDE_1.16.1\STM32CubeIDE\plugins\com.st.stm32cube.common.mx_6.12.1.202409122256
2025-12-21 18:13:27,004 [INFO] DbMcusXml:78 - Set database path to: C:\ST\STM32CubeIDE_1.16.1\STM32CubeIDE\plugins\com.st.stm32cube.common.mx_6.12.1.202409122256\\db\/mcu/
2025-12-21 18:13:27,006 [INFO] ApiDb:274 - Set plugin database path to: C:\ST\STM32CubeIDE_1.16.1\STM32CubeIDE\plugins\com.st.stm32cube.common.mx_6.12.1.202409122256\\db\/plugins/boardmanager/
2025-12-21 18:13:27,006 [WARN] ApiDb:259 - Overriding images path with different value:  => C:\ST\STM32CubeIDE_1.16.1\STM32CubeIDE\plugins\com.st.stm32cube.common.mx_6.12.1.202409122256\\db\/plugins/mcufinder/images/
2025-12-21 18:13:27,012 [INFO] ApiDb:250 - Set database path to: C:\Users\Huzaifa\.stmcufinder\plugins\mcufinder//mcu/
2025-12-21 18:13:27,014 [INFO] DbMcusAds:125 - Set database path to: C:\Users\Huzaifa\.stmcufinder\plugins\mcufinder//mcu/
2025-12-21 18:13:27,015 [INFO] CrossReferenceDbSqlite:203 - Set database path to: C:\Users\Huzaifa\.stmcufinder\plugins\mcufinder//mcu/cs/
2025-12-21 18:13:27,096 [INFO] RulesReader:64 - Compatibility file has been processed (297 Rules)
2025-12-21 18:13:27,156 [INFO] DbMcusXml:78 - Set database path to: C:\ST\STM32CubeIDE_1.16.1\STM32CubeIDE\plugins\com.st.stm32cube.common.mx_6.12.1.202409122256\\db\/mcu/
2025-12-21 18:13:27,156 [INFO] ApiDb:274 - Set plugin database path to: C:\ST\STM32CubeIDE_1.16.1\STM32CubeIDE\plugins\com.st.stm32cube.common.mx_6.12.1.202409122256\\db\/plugins/boardmanager/
2025-12-21 18:13:27,156 [INFO] ApiDb:261 - Set plugin images path to: C:\ST\STM32CubeIDE_1.16.1\STM32CubeIDE\plugins\com.st.stm32cube.common.mx_6.12.1.202409122256\\db\/plugins/mcufinder/images/
2025-12-21 18:13:27,157 [WARN] DbFile:41 - Overriding database path with different value: C:\Users\Huzaifa\.stmcufinder\plugins\mcufinder/ => C:\Users\Huzaifa\.stmcufinder\plugins\mcufinder
2025-12-21 18:13:27,157 [INFO] ApiDb:250 - Set database path to: C:\Users\Huzaifa\.stmcufinder\plugins\mcufinder//mcu/
2025-12-21 18:13:27,157 [WARN] DbFile:41 - Overriding database path with different value: C:\Users\Huzaifa\.stmcufinder\plugins\mcufinder/ => C:\Users\Huzaifa\.stmcufinder\plugins\mcufinder
2025-12-21 18:13:27,157 [INFO] DbMcusAds:125 - Set database path to: C:\Users\Huzaifa\.stmcufinder\plugins\mcufinder//mcu/
2025-12-21 18:13:27,157 [WARN] DbFile:41 - Overriding database path with different value: C:\Users\Huzaifa\.stmcufinder\plugins\mcufinder/ => C:\Users\Huzaifa\.stmcufinder\plugins\mcufinder
2025-12-21 18:13:27,157 [WARN] DbFile:41 - Overriding database path with different value: C:\Users\Huzaifa\.stmcufinder\plugins\mcufinder/ => C:\Users\Huzaifa\.stmcufinder\plugins\mcufinder
2025-12-21 18:13:27,157 [INFO] CrossReferenceDbSqlite:203 - Set database path to: C:\Users\Huzaifa\.stmcufinder\plugins\mcufinder//mcu/cs/
2025-12-21 18:13:27,219 [INFO] MainPanel:268 - HeapMemory: 268435456
2025-12-21 18:13:27,291 [INFO] DbMcusXml:78 - Set database path to: C:\ST\STM32CubeIDE_1.16.1\STM32CubeIDE\plugins\com.st.stm32cube.common.mx_6.12.1.202409122256\\db\/mcu/
2025-12-21 18:13:27,291 [INFO] ApiDb:274 - Set plugin database path to: C:\ST\STM32CubeIDE_1.16.1\STM32CubeIDE\plugins\com.st.stm32cube.common.mx_6.12.1.202409122256\\db\/plugins/boardmanager/
2025-12-21 18:13:27,291 [INFO] ApiDb:261 - Set plugin images path to: C:\ST\STM32CubeIDE_1.16.1\STM32CubeIDE\plugins\com.st.stm32cube.common.mx_6.12.1.202409122256\\db\/plugins/mcufinder/images/
2025-12-21 18:13:27,291 [WARN] DbFile:41 - Overriding database path with different value: C:\Users\Huzaifa\.stmcufinder\plugins\mcufinder/ => C:\Users\Huzaifa\.stmcufinder\plugins\mcufinder
2025-12-21 18:13:27,291 [INFO] ApiDb:250 - Set database path to: C:\Users\Huzaifa\.stmcufinder\plugins\mcufinder//mcu/
2025-12-21 18:13:27,291 [WARN] DbFile:41 - Overriding database path with different value: C:\Users\Huzaifa\.stmcufinder\plugins\mcufinder/ => C:\Users\Huzaifa\.stmcufinder\plugins\mcufinder
2025-12-21 18:13:27,292 [INFO] DbMcusAds:125 - Set database path to: C:\Users\Huzaifa\.stmcufinder\plugins\mcufinder//mcu/
2025-12-21 18:13:27,292 [WARN] DbFile:41 - Overriding database path with different value: C:\Users\Huzaifa\.stmcufinder\plugins\mcufinder/ => C:\Users\Huzaifa\.stmcufinder\plugins\mcufinder
2025-12-21 18:13:27,292 [WARN] DbFile:41 - Overriding database path with different value: C:\Users\Huzaifa\.stmcufinder\plugins\mcufinder/ => C:\Users\Huzaifa\.stmcufinder\plugins\mcufinder
2025-12-21 18:13:27,292 [INFO] CrossReferenceDbSqlite:203 - Set database path to: C:\Users\Huzaifa\.stmcufinder\plugins\mcufinder//mcu/cs/
2025-12-21 18:13:27,304 [INFO] ApplicationProperties:184 - Using Application install path: C:\ST\STM32CubeIDE_1.16.1\STM32CubeIDE\plugins\com.st.stm32cube.common.mx_6.12.1.202409122256
2025-12-21 18:13:27,306 [INFO] PluginManage:196 - Search for loadable plugins [exclusion list=, ]
2025-12-21 18:13:27,306 [INFO] PluginManage:310 - Check plugin analytics
2025-12-21 18:13:27,427 [INFO] AnalyticsPlugin:253 - Accepted Software Licenses: 
2025-12-21 18:13:27,427 [INFO] AnalyticsPlugin:255 - Accepted CMSIS Pack Licenses: STMicroelectronics.X-CUBE-AZRTOS-F4.1.1.0
2025-12-21 18:13:27,427 [INFO] AnalyticsPlugin:257 - Accepted Firmware Licenses: FW.F4.1.28.0,FW.H7.1.11.0
2025-12-21 18:13:27,428 [INFO] PluginManage:359 - Loaded plugin analytics (category:tool,tabindex:-1)
2025-12-21 18:13:27,428 [INFO] PluginManage:310 - Check plugin cadmodel
2025-12-21 18:13:27,445 [INFO] CADModel:105 - Init CAD model plugin
2025-12-21 18:13:27,445 [INFO] PluginManage:359 - Loaded plugin cadmodel (category:power,tabindex:5)
2025-12-21 18:13:27,445 [INFO] PluginManage:310 - Check plugin clock
2025-12-21 18:13:27,468 [INFO] PluginManage:359 - Loaded plugin clock (category:base,tabindex:2)
2025-12-21 18:13:27,468 [INFO] PluginManage:310 - Check plugin ddr
2025-12-21 18:13:27,470 [INFO] PluginManage:359 - Loaded plugin ddr (category:tool,tabindex:6)
2025-12-21 18:13:27,470 [INFO] PluginManage:310 - Check plugin filemanager
2025-12-21 18:13:27,574 [INFO] PluginManage:359 - Loaded plugin filemanager (category:base,tabindex:10)
2025-12-21 18:13:27,575 [INFO] PluginManage:310 - Check plugin ipmanager
2025-12-21 18:13:27,581 [INFO] PluginManage:359 - Loaded plugin ipmanager (category:base,tabindex:5)
2025-12-21 18:13:27,581 [INFO] PluginManage:310 - Check plugin lpbam
2025-12-21 18:13:27,597 [INFO] PluginManage:359 - Loaded plugin lpbam (category:base,tabindex:0)
2025-12-21 18:13:27,597 [INFO] PluginManage:310 - Check plugin memorymap
2025-12-21 18:13:27,617 [INFO] PluginManage:359 - Loaded plugin memorymap (category:base,tabindex:4)
2025-12-21 18:13:27,618 [INFO] PluginManage:310 - Check plugin pinoutandconfiguration
2025-12-21 18:13:27,635 [INFO] PluginManage:359 - Loaded plugin pinoutandconfiguration (category:base,tabindex:1)
2025-12-21 18:13:27,635 [INFO] PluginManage:310 - Check plugin pinoutconfig
2025-12-21 18:13:27,703 [WARN] SupportedApi:132 - Cannot load RTOS API schema: s4s-elt-must-match.1: The content of 'definitions' must match (annotation?, (simpleType | complexType)?, (unique | key | keyref)*)). A problem was found starting at: attribute.
2025-12-21 18:13:27,790 [INFO] PluginManage:359 - Loaded plugin pinoutconfig (category:base,tabindex:0)
2025-12-21 18:13:27,790 [INFO] PluginManage:310 - Check plugin power
2025-12-21 18:13:27,809 [INFO] PluginManage:359 - Loaded plugin power (category:power,tabindex:4)
2025-12-21 18:13:27,810 [INFO] PluginManage:310 - Check plugin projectmanager
2025-12-21 18:13:27,819 [INFO] PluginManage:359 - Loaded plugin projectmanager (category:projectmanager,tabindex:4)
2025-12-21 18:13:27,819 [INFO] PluginManage:310 - Check plugin rif
2025-12-21 18:13:27,835 [INFO] PluginManage:359 - Loaded plugin rif (category:base,tabindex:3)
2025-12-21 18:13:27,836 [INFO] PluginManage:310 - Check plugin thirdparty
2025-12-21 18:13:28,114 [INFO] PluginManage:359 - Loaded plugin thirdparty (category:base,tabindex:-1)
2025-12-21 18:13:28,114 [WARN] IntegrityCheckThread:84 - waiting for thirdparty lock release [integrity check]
2025-12-21 18:13:28,114 [INFO] PluginManage:310 - Check plugin tools
2025-12-21 18:13:28,115 [INFO] IntegrityCheckThread:86 - entering critical section [integrity check]
2025-12-21 18:13:28,115 [INFO] ThirdPartyUpdaterWithRetryManager:70 - Updater plugin not ready yet. [1/15]
2025-12-21 18:13:28,155 [INFO] PluginManage:359 - Loaded plugin tools (category:base,tabindex:7)
2025-12-21 18:13:28,155 [INFO] PluginManage:310 - Check plugin tutovideos
2025-12-21 18:13:28,295 [INFO] PluginManage:359 - Loaded plugin tutovideos (category:base,tabindex:-1)
2025-12-21 18:13:28,295 [INFO] PluginManage:310 - Check plugin updater
2025-12-21 18:13:28,307 [INFO] PluginManage:359 - Loaded plugin updater (category:base,tabindex:12)
2025-12-21 18:13:28,307 [INFO] PluginManage:310 - Check plugin userauth
2025-12-21 18:13:28,312 [INFO] UserAuth:113 - Init User Auth plugin
2025-12-21 18:13:28,312 [INFO] PluginManage:359 - Loaded plugin userauth (category:base,tabindex:14)
2025-12-21 18:13:28,312 [INFO] PluginManage:283 - PluginManage : Loaded plugins [18]
2025-12-21 18:13:28,460 [INFO] PinOutPanel:1561 - setPackage(No Configuration,No Configuration)
2025-12-21 18:13:28,527 [INFO] CADModel:165 - CPN selected for project level
2025-12-21 18:13:28,527 [INFO] CADModel:114 - Register for checkConnection events
2025-12-21 18:13:28,551 [INFO] IPUIPlugin:80 - create IPUIPlugin
2025-12-21 18:13:28,551 [INFO] PluginManager:220 - loadIPPluginJar : add adc
2025-12-21 18:13:28,589 [INFO] IPUIPlugin:80 - create IPUIPlugin
2025-12-21 18:13:28,589 [INFO] PluginManager:220 - loadIPPluginJar : add aes
2025-12-21 18:13:28,631 [INFO] IPUIPlugin:80 - create IPUIPlugin
2025-12-21 18:13:28,631 [INFO] PluginManager:220 - loadIPPluginJar : add can
2025-12-21 18:13:28,657 [INFO] IPUIPlugin:80 - create IPUIPlugin
2025-12-21 18:13:28,657 [INFO] PluginManager:220 - loadIPPluginJar : add comp
2025-12-21 18:13:28,692 [INFO] IPUIPlugin:80 - create IPUIPlugin
2025-12-21 18:13:28,692 [INFO] PluginManager:220 - loadIPPluginJar : add cryp
2025-12-21 18:13:28,704 [INFO] IPUIPlugin:80 - create IPUIPlugin
2025-12-21 18:13:28,704 [INFO] PluginManager:220 - loadIPPluginJar : add ddr_ctrl_phy
2025-12-21 18:13:28,740 [INFO] IPUIPlugin:80 - create IPUIPlugin
2025-12-21 18:13:28,740 [INFO] PluginManager:220 - loadIPPluginJar : add dfsdm
2025-12-21 18:13:28,754 [INFO] IPUIPlugin:80 - create IPUIPlugin
2025-12-21 18:13:28,756 [INFO] PluginManager:220 - loadIPPluginJar : add dma
2025-12-21 18:13:28,806 [INFO] IPUIPlugin:80 - create IPUIPlugin
2025-12-21 18:13:28,806 [INFO] PluginManager:220 - loadIPPluginJar : add dma3
2025-12-21 18:13:28,851 [INFO] IPUIPlugin:80 - create IPUIPlugin
2025-12-21 18:13:28,852 [INFO] PluginManager:220 - loadIPPluginJar : add extmemmanager
2025-12-21 18:13:28,873 [INFO] IPUIPlugin:80 - create IPUIPlugin
2025-12-21 18:13:28,873 [INFO] PluginManager:220 - loadIPPluginJar : add fatfs
2025-12-21 18:13:28,921 [INFO] IPUIPlugin:80 - create IPUIPlugin
2025-12-21 18:13:28,921 [INFO] PluginManager:220 - loadIPPluginJar : add fmc
2025-12-21 18:13:28,935 [INFO] IPUIPlugin:80 - create IPUIPlugin
2025-12-21 18:13:28,936 [INFO] PluginManager:220 - loadIPPluginJar : add freertos
2025-12-21 18:13:28,960 [INFO] IPUIPlugin:80 - create IPUIPlugin
2025-12-21 18:13:28,960 [INFO] PluginManager:220 - loadIPPluginJar : add genericplugin
2025-12-21 18:13:29,074 [INFO] IPUIPlugin:80 - create IPUIPlugin
2025-12-21 18:13:29,075 [INFO] PluginManager:220 - loadIPPluginJar : add gfxmmu
2025-12-21 18:13:29,220 [INFO] IPUIPlugin:80 - create IPUIPlugin
2025-12-21 18:13:29,220 [INFO] PluginManager:220 - loadIPPluginJar : add gic
2025-12-21 18:13:29,234 [INFO] IPUIPlugin:80 - create IPUIPlugin
2025-12-21 18:13:29,234 [INFO] PluginManager:220 - loadIPPluginJar : add gpio
2025-12-21 18:13:29,329 [INFO] IPUIPlugin:80 - create IPUIPlugin
2025-12-21 18:13:29,329 [INFO] PluginManager:220 - loadIPPluginJar : add gtzc
2025-12-21 18:13:29,364 [INFO] IPUIPlugin:80 - create IPUIPlugin
2025-12-21 18:13:29,364 [INFO] PluginManager:220 - loadIPPluginJar : add hash
2025-12-21 18:13:29,420 [INFO] IPUIPlugin:80 - create IPUIPlugin
2025-12-21 18:13:29,420 [INFO] PluginManager:220 - loadIPPluginJar : add i2c
2025-12-21 18:13:29,462 [INFO] IPUIPlugin:80 - create IPUIPlugin
2025-12-21 18:13:29,462 [INFO] PluginManager:220 - loadIPPluginJar : add i2s
2025-12-21 18:13:29,506 [INFO] IPUIPlugin:80 - create IPUIPlugin
2025-12-21 18:13:29,506 [INFO] PluginManager:220 - loadIPPluginJar : add i3c
2025-12-21 18:13:29,606 [INFO] IPUIPlugin:80 - create IPUIPlugin
2025-12-21 18:13:29,606 [INFO] PluginManager:220 - loadIPPluginJar : add ipddr
2025-12-21 18:13:29,699 [INFO] IPUIPlugin:80 - create IPUIPlugin
2025-12-21 18:13:29,699 [INFO] PluginManager:220 - loadIPPluginJar : add linkedlist
2025-12-21 18:13:29,737 [INFO] IPUIPlugin:80 - create IPUIPlugin
2025-12-21 18:13:29,737 [INFO] PluginManager:220 - loadIPPluginJar : add lorawan
2025-12-21 18:13:29,778 [INFO] IPUIPlugin:80 - create IPUIPlugin
2025-12-21 18:13:29,778 [INFO] PluginManager:220 - loadIPPluginJar : add ltdc
2025-12-21 18:13:29,791 [INFO] IPUIPlugin:80 - create IPUIPlugin
2025-12-21 18:13:29,791 [INFO] PluginManager:220 - loadIPPluginJar : add mdma
2025-12-21 18:13:29,804 [INFO] IPUIPlugin:80 - create IPUIPlugin
2025-12-21 18:13:29,804 [INFO] PluginManager:220 - loadIPPluginJar : add nvic
2025-12-21 18:13:29,846 [INFO] IPUIPlugin:80 - create IPUIPlugin
2025-12-21 18:13:29,846 [INFO] PluginManager:220 - loadIPPluginJar : add opamp
2025-12-21 18:13:29,912 [INFO] IPUIPlugin:80 - create IPUIPlugin
2025-12-21 18:13:29,912 [INFO] PluginManager:220 - loadIPPluginJar : add openamp
2025-12-21 18:13:29,960 [INFO] IPUIPlugin:80 - create IPUIPlugin
2025-12-21 18:13:29,961 [INFO] PluginManager:220 - loadIPPluginJar : add pdm2pcm
2025-12-21 18:13:29,975 [INFO] IPUIPlugin:80 - create IPUIPlugin
2025-12-21 18:13:29,978 [INFO] PluginManager:220 - loadIPPluginJar : add plateformsettings
2025-12-21 18:13:30,004 [INFO] IPUIPlugin:80 - create IPUIPlugin
2025-12-21 18:13:30,004 [INFO] PluginManager:220 - loadIPPluginJar : add quadspi
2025-12-21 18:13:30,033 [INFO] IPUIPlugin:80 - create IPUIPlugin
2025-12-21 18:13:30,034 [INFO] PluginManager:220 - loadIPPluginJar : add radio
2025-12-21 18:13:30,048 [INFO] IPUIPlugin:80 - create IPUIPlugin
2025-12-21 18:13:30,048 [INFO] PluginManager:220 - loadIPPluginJar : add resmgrutility
2025-12-21 18:13:30,098 [INFO] IPUIPlugin:80 - create IPUIPlugin
2025-12-21 18:13:30,098 [INFO] PluginManager:220 - loadIPPluginJar : add sai
2025-12-21 18:13:30,138 [INFO] IPUIPlugin:80 - create IPUIPlugin
2025-12-21 18:13:30,138 [INFO] PluginManager:220 - loadIPPluginJar : add spi
2025-12-21 18:13:30,210 [INFO] IPUIPlugin:80 - create IPUIPlugin
2025-12-21 18:13:30,211 [INFO] PluginManager:220 - loadIPPluginJar : add stm32_wpan
2025-12-21 18:13:30,241 [INFO] IPUIPlugin:80 - create IPUIPlugin
2025-12-21 18:13:30,241 [INFO] PluginManager:220 - loadIPPluginJar : add tim
2025-12-21 18:13:30,307 [INFO] IPUIPlugin:80 - create IPUIPlugin
2025-12-21 18:13:30,307 [INFO] PluginManager:220 - loadIPPluginJar : add touchsensing
2025-12-21 18:13:30,335 [INFO] IPUIPlugin:80 - create IPUIPlugin
2025-12-21 18:13:30,336 [INFO] PluginManager:220 - loadIPPluginJar : add tracer_emb
2025-12-21 18:13:30,363 [INFO] IPUIPlugin:80 - create IPUIPlugin
2025-12-21 18:13:30,363 [INFO] PluginManager:220 - loadIPPluginJar : add ts
2025-12-21 18:13:30,390 [INFO] IPUIPlugin:80 - create IPUIPlugin
2025-12-21 18:13:30,390 [INFO] PluginManager:220 - loadIPPluginJar : add tsc
2025-12-21 18:13:30,416 [INFO] IPUIPlugin:80 - create IPUIPlugin
2025-12-21 18:13:30,416 [INFO] PluginManager:220 - loadIPPluginJar : add ucpd
2025-12-21 18:13:30,463 [INFO] IPUIPlugin:80 - create IPUIPlugin
2025-12-21 18:13:30,463 [INFO] PluginManager:220 - loadIPPluginJar : add usart
2025-12-21 18:13:30,509 [INFO] IPUIPlugin:80 - create IPUIPlugin
2025-12-21 18:13:30,509 [INFO] PluginManager:220 - loadIPPluginJar : add usbx
2025-12-21 18:13:30,616 [INFO] CADModel:165 - CPN selected for project level
2025-12-21 18:13:30,617 [INFO] CADModel:114 - Register for checkConnection events
2025-12-21 18:13:30,617 [FATAL] Updater:334 - Updater called before beeing initialized
2025-12-21 18:13:30,617 [ERROR] CADModel:125 - Updater not yet initialized, retry later 
2025-12-21 18:13:30,700 [INFO] CADModel:165 - CPN selected for project level
2025-12-21 18:13:30,700 [INFO] CADModel:114 - Register for checkConnection events
2025-12-21 18:13:30,700 [FATAL] Updater:334 - Updater called before beeing initialized
2025-12-21 18:13:30,700 [ERROR] CADModel:125 - Updater not yet initialized, retry later 
2025-12-21 18:13:30,704 [FATAL] Updater:334 - Updater called before beeing initialized
2025-12-21 18:13:30,783 [FATAL] Updater:334 - Updater called before beeing initialized
2025-12-21 18:13:30,794 [INFO] DbMcusAds:53 - JSON generation date=Mon Dec 15 16:11:46 MST 2025 (1765840306530)
2025-12-21 18:13:30,794 [FATAL] Updater:334 - Updater called before beeing initialized
2025-12-21 18:13:30,829 [WARN] DetailPanel:346 - Failed to get advertising image, set to default
2025-12-21 18:13:30,902 [FATAL] Updater:334 - Updater called before beeing initialized
2025-12-21 18:13:30,903 [FATAL] Updater:334 - Updater called before beeing initialized
2025-12-21 18:13:30,903 [FATAL] Updater:334 - Updater called before beeing initialized
2025-12-21 18:13:30,903 [WARN] DetailPanel:346 - Failed to get advertising image, set to default
2025-12-21 18:13:30,904 [FATAL] Updater:334 - Updater called before beeing initialized
2025-12-21 18:13:30,950 [ERROR] Updater:1164 - MainUpdater not yet initialized. External WinMGr cannot be set.
2025-12-21 18:13:30,962 [INFO] Updater:1100 - Updater Version found : 6.12.1
2025-12-21 18:13:30,976 [INFO] ApplicationProperties:184 - Using Application install path: C:\ST\STM32CubeIDE_1.16.1\STM32CubeIDE\plugins\com.st.stm32cube.common.mx_6.12.1.202409122256
2025-12-21 18:13:31,117 [INFO] ThirdPartyUpdaterWithRetryManager:70 - Updater plugin not ready yet. [2/15]
2025-12-21 18:13:32,550 [ERROR] LogOutputStream:75 - [STDERR_REDIRECT] Dec 21, 2025 6:13:32 PM java.util.prefs.WindowsPreferences <init>
2025-12-21 18:13:32,552 [ERROR] LogOutputStream:75 - [STDERR_REDIRECT] WARNING: Could not open/create prefs root node Software\JavaSoft\Prefs at root 0xffffffff80000002. Windows RegCreateKeyEx(...) returned error code 5.
2025-12-21 18:13:32,552 [ERROR] LogOutputStream:75 - [STDERR_REDIRECT] 
2025-12-21 18:13:32,880 [INFO] MainUpdater:2873 - connection check result : 10
2025-12-21 18:13:32,880 [INFO] MainUpdater:290 - Updater Check For Update Now.
2025-12-21 18:13:32,880 [INFO] MicroXplorer:498 - Change Database Version : DB.6.0.121
2025-12-21 18:13:32,898 [INFO] McuFinderGlobals:63 - Set McuFinder mode to 2 (CubeIDE integrated)
2025-12-21 18:13:32,907 [INFO] UserAuth:417 - Internet connection configuration mode: 1
2025-12-21 18:13:32,931 [INFO] JxBrowserEngine:152 - Initiate JxBrowser Engine with user profile folder
2025-12-21 18:13:33,074 [INFO] CheckServerUpdateThread:120 - End of CheckServer Thread
2025-12-21 18:13:34,314 [WARN] PackLoader:240 - Cannot read IP mode file for STMicroelectronics.FP-SNS-MOTENVWB1.1.4.0
2025-12-21 18:13:34,331 [WARN] PackLoader:240 - Cannot read IP mode file for STMicroelectronics.FP-ATR-ASTRA1.2.0.2
2025-12-21 18:13:34,343 [WARN] PackLoader:240 - Cannot read IP mode file for STMicroelectronics.FP-ATR-ASTRA1.2.0.1
2025-12-21 18:13:34,362 [WARN] PackLoader:240 - Cannot read IP mode file for STMicroelectronics.X-CUBE-SMBUS.2.1.0
2025-12-21 18:13:34,377 [WARN] PackLoader:240 - Cannot read IP mode file for STMicroelectronics.X-CUBE-WB05N.1.1.0
2025-12-21 18:13:34,389 [ERROR] Engine:466 - C:\Users\Huzaifa\.stm32cubemx\thirdparties\pdsc\STMicroelectronics.X-CUBE-ST60.1.0.0.pdsc: PDSC version is not supported
2025-12-21 18:13:34,419 [WARN] PackLoader:240 - Cannot read IP mode file for STMicroelectronics.X-CUBE-AZRTOS-F7.1.1.0
2025-12-21 18:13:34,477 [WARN] PackLoader:240 - Cannot read IP mode file for STMicroelectronics.X-CUBE-MEMS1.11.0.0
2025-12-21 18:13:34,566 [ERROR] Engine:466 - C:\Users\Huzaifa\.stm32cubemx\thirdparties\pdsc\STMicroelectronics.FP-SNS-MOTENV1.5.1.0.pdsc: PDSC version is not supported
2025-12-21 18:13:34,583 [WARN] PackLoader:240 - Cannot read IP mode file for STMicroelectronics.FP-SNS-FLIGHT1.5.0.2
2025-12-21 18:13:34,617 [WARN] PackLoader:240 - Cannot read IP mode file for STMicroelectronics.X-CUBE-AZRTOS-H7.3.4.0
2025-12-21 18:13:34,641 [WARN] PackLoader:240 - Cannot read IP mode file for STMicroelectronics.X-CUBE-DISPLAY.3.0.0
2025-12-21 18:13:34,662 [WARN] PackLoader:240 - Cannot read IP mode file for STMicroelectronics.X-CUBE-BLE1.7.0.0
2025-12-21 18:13:34,686 [WARN] PackLoader:240 - Cannot read IP mode file for STMicroelectronics.X-CUBE-NFC10.1.0.0
2025-12-21 18:13:34,708 [WARN] PackLoader:240 - Cannot read IP mode file for STMicroelectronics.X-CUBE-BLEMGR.4.0.0
2025-12-21 18:13:34,722 [ERROR] Engine:466 - C:\Users\Huzaifa\.stm32cubemx\thirdparties\pdsc\STMicroelectronics.X-CUBE-ST60.1.1.0.pdsc: PDSC version is not supported
2025-12-21 18:13:34,740 [WARN] PackLoader:240 - Cannot read IP mode file for emotas.I-CUBE-CANOPEN.1.3.0
2025-12-21 18:13:34,756 [WARN] PackLoader:240 - Cannot read IP mode file for STMicroelectronics.X-CUBE-GNSS1.7.1.0
2025-12-21 18:13:34,773 [WARN] PackLoader:240 - Cannot read IP mode file for STMicroelectronics.X-CUBE-BLEMGR.3.1.0
2025-12-21 18:13:34,787 [WARN] PackLoader:240 - Cannot read IP mode file for STMicroelectronics.X-CUBE-AI.10.0.0
2025-12-21 18:13:34,800 [ERROR] Engine:466 - C:\Users\Huzaifa\.stm32cubemx\thirdparties\pdsc\STMicroelectronics.FP-SNS-STBOX1.2.1.0.pdsc: PDSC version is not supported
2025-12-21 18:13:34,813 [WARN] PackLoader:240 - Cannot read IP mode file for STMicroelectronics.FP-SNS-SMARTAG2.1.2.0
2025-12-21 18:13:34,825 [ERROR] Engine:466 - C:\Users\Huzaifa\.stm32cubemx\thirdparties\pdsc\STMicroelectronics.FP-SNS-FLIGHT1.5.1.0.pdsc: PDSC version is not supported
2025-12-21 18:13:34,868 [WARN] PackLoader:240 - Cannot read IP mode file for STMicroelectronics.X-CUBE-MEMS1.11.1.0
2025-12-21 18:13:34,948 [INFO] LogOutputStream:77 - [STDOUT_REDIRECT] 1 : Invalid condition id : UX_CORESTACK_Condition cause : null
2025-12-21 18:13:34,948 [INFO] LogOutputStream:77 - [STDOUT_REDIRECT] 1 : Invalid condition id : UX_CORESTACK_Condition cause : null
2025-12-21 18:13:34,949 [INFO] LogOutputStream:77 - [STDOUT_REDIRECT] 1 : Invalid condition id : UX_CORESTACK_Condition cause : null
2025-12-21 18:13:34,949 [INFO] LogOutputStream:77 - [STDOUT_REDIRECT] 1 : Invalid condition id : UX_CORESTACK_Condition cause : null
2025-12-21 18:13:34,950 [INFO] LogOutputStream:77 - [STDOUT_REDIRECT] 1 : Invalid condition id : UX_CORESTACK_Condition cause : null
2025-12-21 18:13:34,950 [WARN] PackLoader:240 - Cannot read IP mode file for STMicroelectronics.X-CUBE-AZRTOS-WL.2.0.0
2025-12-21 18:13:34,967 [WARN] PackLoader:240 - Cannot read IP mode file for STMicroelectronics.FP-SNS-MOTENV1.5.0.0
2025-12-21 18:13:34,993 [WARN] PackLoader:240 - Cannot read IP mode file for STMicroelectronics.X-CUBE-AZRTOS-H7RS.1.2.0
2025-12-21 18:13:35,013 [WARN] PackLoader:240 - Cannot read IP mode file for wolfSSL.I-CUBE-wolfMQTT.1.19.0
2025-12-21 18:13:35,034 [WARN] PackLoader:240 - Cannot read IP mode file for WES.I-CUBE-Cesium.1.3.0
2025-12-21 18:13:35,053 [WARN] PackLoader:240 - Cannot read IP mode file for STMicroelectronics.X-CUBE-BLE2.3.3.0
2025-12-21 18:13:35,070 [ERROR] Engine:466 - C:\Users\Huzaifa\.stm32cubemx\thirdparties\pdsc\Avnet-IOTCONNECT.X-CUBE-iotc-st67-sdk.1.0.0.pdsc: PDSC version is not supported
2025-12-21 18:13:35,087 [WARN] PackLoader:240 - Cannot read IP mode file for STMicroelectronics.X-CUBE-NFC9.1.0.0
2025-12-21 18:13:35,104 [WARN] PackLoader:240 - Cannot read IP mode file for STMicroelectronics.X-CUBE-BLE1.7.1.0
2025-12-21 18:13:35,124 [WARN] PackLoader:240 - Cannot read IP mode file for STMicroelectronics.X-CUBE-TCPP.4.1.0
2025-12-21 18:13:35,138 [ERROR] Engine:466 - C:\Users\Huzaifa\.stm32cubemx\thirdparties\pdsc\STMicroelectronics.X-CUBE-FREERTOS.1.4.0.pdsc: PDSC version is not supported
2025-12-21 18:13:35,165 [WARN] PackLoader:240 - Cannot read IP mode file for STMicroelectronics.X-CUBE-EEPRMA1.5.2.0
2025-12-21 18:13:35,193 [ERROR] Engine:466 - C:\Users\Huzaifa\.stm32cubemx\thirdparties\pdsc\STMicroelectronics.X-CUBE-ST67W61.1.1.0.pdsc: PDSC version is not supported
2025-12-21 18:13:35,246 [WARN] PackLoader:240 - Cannot read IP mode file for STMicroelectronics.X-CUBE-MEMS1.12.0.0
2025-12-21 18:13:35,314 [WARN] PackLoader:240 - Cannot read IP mode file for STMicroelectronics.X-CUBE-AZRTOS-G0.1.1.0
2025-12-21 18:13:35,332 [WARN] PackLoader:240 - Cannot read IP mode file for STMicroelectronics.X-CUBE-SAFEA1.1.2.2
2025-12-21 18:13:35,345 [WARN] PackLoader:240 - Cannot read IP mode file for STMicroelectronics.X-CUBE-NFC4.3.0.0
2025-12-21 18:13:35,362 [WARN] PackLoader:240 - Cannot read IP mode file for EmbeddedOffice.I-CUBE-FS-RTOS.1.0.1
2025-12-21 18:13:35,363 [ERROR] ConditionMgr:805 - Attr not supported : Dmpu
2025-12-21 18:13:35,363 [ERROR] ConditionMgr:805 - Attr not supported : Dmpu
2025-12-21 18:13:35,363 [ERROR] ConditionMgr:805 - Attr not supported : Dmpu
2025-12-21 18:13:35,363 [ERROR] ConditionMgr:805 - Attr not supported : Dmpu
2025-12-21 18:13:35,363 [ERROR] ConditionMgr:805 - Attr not supported : Dmpu
2025-12-21 18:13:35,363 [ERROR] ConditionMgr:805 - Attr not supported : Dmpu
2025-12-21 18:13:35,363 [ERROR] ConditionMgr:805 - Attr not supported : Dmpu
2025-12-21 18:13:35,364 [ERROR] ConditionMgr:805 - Attr not supported : Dmpu
2025-12-21 18:13:35,364 [ERROR] ConditionMgr:805 - Attr not supported : Dmpu
2025-12-21 18:13:35,364 [ERROR] ConditionMgr:805 - Attr not supported : Dmpu
2025-12-21 18:13:35,364 [ERROR] ConditionMgr:805 - Attr not supported : Dmpu
2025-12-21 18:13:35,364 [ERROR] ConditionMgr:805 - Attr not supported : Dmpu
2025-12-21 18:13:35,364 [ERROR] ConditionMgr:805 - Attr not supported : Dmpu
2025-12-21 18:13:35,364 [ERROR] ConditionMgr:805 - Attr not supported : Dmpu
2025-12-21 18:13:35,364 [ERROR] ConditionMgr:805 - Attr not supported : Dmpu
2025-12-21 18:13:35,364 [ERROR] ConditionMgr:805 - Attr not supported : Dmpu
2025-12-21 18:13:35,364 [ERROR] ConditionMgr:805 - Attr not supported : Dmpu
2025-12-21 18:13:35,364 [ERROR] ConditionMgr:805 - Attr not supported : Dmpu
2025-12-21 18:13:35,364 [ERROR] ConditionMgr:805 - Attr not supported : Dmpu
2025-12-21 18:13:35,364 [ERROR] ConditionMgr:805 - Attr not supported : Dmpu
2025-12-21 18:13:35,364 [ERROR] ConditionMgr:805 - Attr not supported : Dmpu
2025-12-21 18:13:35,364 [ERROR] ConditionMgr:805 - Attr not supported : Dmpu
2025-12-21 18:13:35,364 [ERROR] ConditionMgr:805 - Attr not supported : Dmpu
2025-12-21 18:13:35,364 [ERROR] ConditionMgr:805 - Attr not supported : Dmpu
2025-12-21 18:13:35,364 [ERROR] ConditionMgr:805 - Attr not supported : Dmpu
2025-12-21 18:13:35,364 [ERROR] ConditionMgr:805 - Attr not supported : Dmpu
2025-12-21 18:13:35,364 [ERROR] ConditionMgr:805 - Attr not supported : Dmpu
2025-12-21 18:13:35,364 [ERROR] ConditionMgr:805 - Attr not supported : Dmpu
2025-12-21 18:13:35,364 [ERROR] ConditionMgr:805 - Attr not supported : Dmpu
2025-12-21 18:13:35,364 [ERROR] ConditionMgr:805 - Attr not supported : Dmpu
2025-12-21 18:13:35,364 [ERROR] ConditionMgr:805 - Attr not supported : Dmpu
2025-12-21 18:13:35,364 [ERROR] ConditionMgr:805 - Attr not supported : Dmpu
2025-12-21 18:13:35,364 [ERROR] ConditionMgr:805 - Attr not supported : Dmpu
2025-12-21 18:13:35,364 [ERROR] ConditionMgr:805 - Attr not supported : Dmpu
2025-12-21 18:13:35,364 [ERROR] ConditionMgr:805 - Attr not supported : Dmpu
2025-12-21 18:13:35,364 [ERROR] ConditionMgr:805 - Attr not supported : Dmpu
2025-12-21 18:13:35,364 [ERROR] ConditionMgr:805 - Attr not supported : Dmpu
2025-12-21 18:13:35,365 [ERROR] ConditionMgr:805 - Attr not supported : Dmpu
2025-12-21 18:13:35,365 [ERROR] ConditionMgr:805 - Attr not supported : Dmpu
2025-12-21 18:13:35,365 [ERROR] ConditionMgr:805 - Attr not supported : Dmpu
2025-12-21 18:13:35,365 [ERROR] ConditionMgr:805 - Attr not supported : Dmpu
2025-12-21 18:13:35,365 [ERROR] ConditionMgr:805 - Attr not supported : Dmpu
2025-12-21 18:13:35,365 [ERROR] ConditionMgr:805 - Attr not supported : Dmpu
2025-12-21 18:13:35,365 [ERROR] ConditionMgr:805 - Attr not supported : Dmpu
2025-12-21 18:13:35,365 [ERROR] ConditionMgr:805 - Attr not supported : Dmpu
2025-12-21 18:13:35,365 [ERROR] ConditionMgr:805 - Attr not supported : Dmpu
2025-12-21 18:13:35,365 [ERROR] ConditionMgr:805 - Attr not supported : Dmpu
2025-12-21 18:13:35,365 [ERROR] ConditionMgr:805 - Attr not supported : Dmpu
2025-12-21 18:13:35,365 [ERROR] ConditionMgr:805 - Attr not supported : Dmpu
2025-12-21 18:13:35,365 [ERROR] ConditionMgr:805 - Attr not supported : Dmpu
2025-12-21 18:13:35,365 [ERROR] ConditionMgr:805 - Attr not supported : Dmpu
2025-12-21 18:13:35,365 [ERROR] ConditionMgr:805 - Attr not supported : Dmpu
2025-12-21 18:13:35,365 [ERROR] ConditionMgr:805 - Attr not supported : Dmpu
2025-12-21 18:13:35,365 [ERROR] ConditionMgr:805 - Attr not supported : Dmpu
2025-12-21 18:13:35,365 [ERROR] ConditionMgr:805 - Attr not supported : Dmpu
2025-12-21 18:13:35,365 [ERROR] ConditionMgr:805 - Attr not supported : Dmpu
2025-12-21 18:13:35,365 [ERROR] ConditionMgr:805 - Attr not supported : Dmpu
2025-12-21 18:13:35,365 [ERROR] ConditionMgr:805 - Attr not supported : Dmpu
2025-12-21 18:13:35,365 [ERROR] ConditionMgr:805 - Attr not supported : Dmpu
2025-12-21 18:13:35,365 [ERROR] ConditionMgr:805 - Attr not supported : Dmpu
2025-12-21 18:13:35,365 [ERROR] ConditionMgr:805 - Attr not supported : Dmpu
2025-12-21 18:13:35,365 [ERROR] ConditionMgr:805 - Attr not supported : Dmpu
2025-12-21 18:13:35,365 [ERROR] ConditionMgr:805 - Attr not supported : Dmpu
2025-12-21 18:13:35,365 [ERROR] ConditionMgr:805 - Attr not supported : Dmpu
2025-12-21 18:13:35,378 [WARN] PackLoader:240 - Cannot read IP mode file for STMicroelectronics.X-CUBE-WB05N.2.0.0
2025-12-21 18:13:35,390 [ERROR] Engine:466 - C:\Users\Huzaifa\.stm32cubemx\thirdparties\pdsc\STMicroelectronics.X-CUBE-TCPP.4.2.0.pdsc: PDSC version is not supported
2025-12-21 18:13:35,405 [WARN] PackLoader:240 - Cannot read IP mode file for RealThread.X-CUBE-RT-Thread_Nano.4.1.1
2025-12-21 18:13:35,419 [WARN] PackLoader:240 - Cannot read IP mode file for STMicroelectronics.FP-ATR-SIGFOX1.3.2.0
2025-12-21 18:13:35,435 [WARN] PackLoader:240 - Cannot read IP mode file for wolfSSL.I-CUBE-wolfSSL.5.7.2
2025-12-21 18:13:35,450 [WARN] ConditionMgr:438 - getConditionDescription Invalid condition id : Cortex-A Device cause : null
2025-12-21 18:13:35,472 [WARN] ConditionMgr:1039 - genDependencies : Invalid condition id : Cortex-A Device cause : null
2025-12-21 18:13:35,472 [WARN] ConditionMgr:1039 - genDependencies : Invalid condition id : Cortex-A Device cause : null
2025-12-21 18:13:35,472 [WARN] ConditionMgr:1039 - genDependencies : Invalid condition id : Cortex-A Device cause : null
2025-12-21 18:13:35,487 [WARN] PackLoader:240 - Cannot read IP mode file for STMicroelectronics.X-CUBE-EEPRMA1.5.1.0
2025-12-21 18:13:35,504 [WARN] PackLoader:240 - Cannot read IP mode file for ITTIA_DB.I-CUBE-ITTIADB.8.9.0
2025-12-21 18:13:35,516 [ERROR] Engine:466 - C:\Users\Huzaifa\.stm32cubemx\thirdparties\pdsc\STMicroelectronics.X-CUBE-ST67W61.1.0.0.pdsc: PDSC version is not supported
2025-12-21 18:13:35,537 [WARN] PackLoader:240 - Cannot read IP mode file for STMicroelectronics.X-CUBE-AI.10.2.0
2025-12-21 18:13:35,616 [WARN] PackLoader:240 - Cannot read IP mode file for SEGGER.I-CUBE-embOS.1.3.1
2025-12-21 18:13:35,658 [WARN] PackLoader:240 - Cannot read IP mode file for STMicroelectronics.X-CUBE-ALGOBUILD.1.4.0
2025-12-21 18:13:35,717 [WARN] PackLoader:240 - Cannot read IP mode file for STMicroelectronics.X-CUBE-MEMS1.11.3.0
2025-12-21 18:13:35,858 [WARN] PackLoader:240 - Cannot read IP mode file for STMicroelectronics.X-CUBE-AI.9.1.0
2025-12-21 18:13:35,879 [WARN] PackLoader:240 - Cannot read IP mode file for STMicroelectronics.X-CUBE-PM33A1.1.0.0
2025-12-21 18:13:35,918 [WARN] PackLoader:240 - Cannot read IP mode file for STMicroelectronics.X-CUBE-AZRTOS-F4.1.1.0
2025-12-21 18:13:35,964 [INFO] WebApp:167 - Instantiating new browser for Auth
2025-12-21 18:13:36,146 [ERROR] Engine:466 - C:\Users\Huzaifa\.stm32cubemx\thirdparties\pdsc\Avnet-IotConnect.X-CUBE-IoTC-DA16k-PMOD.1.0.0.pdsc: PDSC version is not supported
2025-12-21 18:13:36,162 [WARN] PackLoader:240 - Cannot read IP mode file for STMicroelectronics.X-CUBE-ISPU.2.1.0
2025-12-21 18:13:36,179 [ERROR] Engine:466 - C:\Users\Huzaifa\.stm32cubemx\thirdparties\pdsc\STMicroelectronics.X-CUBE-IPS.3.2.0.pdsc: PDSC version is not supported
2025-12-21 18:13:36,195 [WARN] PackLoader:240 - Cannot read IP mode file for STMicroelectronics.X-CUBE-FREERTOS.1.2.0
2025-12-21 18:13:36,213 [WARN] PackLoader:240 - Cannot read IP mode file for STMicroelectronics.X-CUBE-NFC12.1.0.0
2025-12-21 18:13:36,242 [WARN] PackLoader:240 - Cannot read IP mode file for STMicroelectronics.X-CUBE-AZRTOS-L5.2.0.0
2025-12-21 18:13:36,260 [WARN] PackLoader:240 - Cannot read IP mode file for STMicroelectronics.X-CUBE-NFC6.3.1.0
2025-12-21 18:13:36,277 [WARN] PackLoader:240 - Cannot read IP mode file for STMicroelectronics.X-CUBE-DPower.1.2.0
2025-12-21 18:13:36,293 [WARN] PackLoader:240 - Cannot read IP mode file for STMicroelectronics.X-CUBE-FREERTOS.1.3.1
2025-12-21 18:13:36,309 [WARN] PackLoader:240 - Cannot read IP mode file for STMicroelectronics.X-CUBE-FREERTOS.1.3.0
2025-12-21 18:13:36,324 [WARN] PackLoader:240 - Cannot read IP mode file for STMicroelectronics.X-CUBE-NFC7.1.0.1
2025-12-21 18:13:36,339 [WARN] PackLoader:240 - Cannot read IP mode file for STMicroelectronics.X-CUBE-TOUCHGFX.4.26.0
2025-12-21 18:13:36,352 [ERROR] Engine:466 - C:\Users\Huzaifa\.stm32cubemx\thirdparties\pdsc\STMicroelectronics.FP-SNS-STAIOTCFT.1.0.0.pdsc: PDSC version is not supported
2025-12-21 18:13:36,365 [WARN] PackLoader:240 - Cannot read IP mode file for STMicroelectronics.X-CUBE-DPower.1.3.0
2025-12-21 18:13:36,395 [WARN] ConditionMgr:438 - getConditionDescription Invalid condition id : LAN8742 Phy interface Condition cause : null
2025-12-21 18:13:36,396 [WARN] PackLoader:240 - Cannot read IP mode file for STMicroelectronics.X-CUBE-AZRTOS-L4.2.0.0
2025-12-21 18:13:36,397 [WARN] ConditionMgr:1039 - genDependencies : Invalid condition id : LAN8742 Phy interface Condition cause : null
2025-12-21 18:13:36,397 [WARN] ConditionMgr:1039 - genDependencies : Invalid condition id : LAN8742 Phy interface Condition cause : null
2025-12-21 18:13:36,397 [WARN] ConditionMgr:1039 - genDependencies : Invalid condition id : LAN8742 Phy interface Condition cause : null
2025-12-21 18:13:36,419 [WARN] PackLoader:240 - Cannot read IP mode file for STMicroelectronics.X-CUBE-SFXS2LP1.4.0.0
2025-12-21 18:13:36,452 [WARN] PackLoader:240 - Cannot read IP mode file for STMicroelectronics.X-CUBE-AZRTOS-H7.3.3.0
2025-12-21 18:13:36,469 [ERROR] Engine:466 - C:\Users\Huzaifa\.stm32cubemx\thirdparties\pdsc\STMicroelectronics.X-CUBE-BLEMGR.4.1.0.pdsc: PDSC version is not supported
2025-12-21 18:13:36,487 [WARN] PackLoader:240 - Cannot read IP mode file for STMicroelectronics.X-CUBE-IPS.3.0.0
2025-12-21 18:13:36,511 [WARN] ConditionMgr:438 - getConditionDescription Invalid condition id : UX DEVICE CLASS RTOS Condition cause : null
2025-12-21 18:13:36,511 [WARN] ConditionMgr:438 - getConditionDescription Invalid condition id : UX DEVICE CLASS RTOS Condition cause : null
2025-12-21 18:13:36,512 [WARN] PackLoader:240 - Cannot read IP mode file for STMicroelectronics.X-CUBE-AZRTOS-WB.2.0.0
2025-12-21 18:13:36,512 [WARN] ConditionMgr:1039 - genDependencies : Invalid condition id : UX DEVICE CLASS RTOS Condition cause : null
2025-12-21 18:13:36,512 [WARN] ConditionMgr:1039 - genDependencies : Invalid condition id : UX DEVICE CLASS RTOS Condition cause : null
2025-12-21 18:13:36,512 [WARN] ConditionMgr:1039 - genDependencies : Invalid condition id : UX DEVICE CLASS RTOS Condition cause : null
2025-12-21 18:13:36,512 [WARN] ConditionMgr:1039 - genDependencies : Invalid condition id : UX DEVICE CLASS RTOS Condition cause : null
2025-12-21 18:13:36,512 [WARN] ConditionMgr:1039 - genDependencies : Invalid condition id : UX DEVICE CLASS RTOS Condition cause : null
2025-12-21 18:13:36,528 [WARN] PackLoader:240 - Cannot read IP mode file for STMicroelectronics.X-CUBE-GNSS1.7.0.0
2025-12-21 18:13:36,546 [WARN] PackLoader:240 - Cannot read IP mode file for STMicroelectronics.X-CUBE-GNSS1.7.0.1
2025-12-21 18:13:36,565 [WARN] PackLoader:240 - Cannot read IP mode file for STMicroelectronics.X-CUBE-TOUCHGFX.4.25.0
2025-12-21 18:13:36,596 [WARN] PackLoader:240 - Cannot read IP mode file for STMicroelectronics.FP-SNS-STBOX1.2.0.0
2025-12-21 18:13:36,624 [WARN] PackLoader:240 - Cannot read IP mode file for STMicroelectronics.X-CUBE-SUBG2.5.0.0
2025-12-21 18:13:36,666 [WARN] PackLoader:240 - Cannot read IP mode file for STMicroelectronics.X-CUBE-AZRTOS-H7RS.1.1.0
2025-12-21 18:13:36,684 [WARN] PackLoader:240 - Cannot read IP mode file for Cesanta.I-CUBE-Mongoose.7.13.0
2025-12-21 18:13:36,714 [WARN] PackLoader:240 - Cannot read IP mode file for STMicroelectronics.X-CUBE-AZRTOS-G4.2.0.0
2025-12-21 18:13:36,729 [INFO] WebApp:448 - Apply proxy settings
2025-12-21 18:13:36,730 [INFO] WebApp:533 - Chromium requires no authentication
2025-12-21 18:13:36,733 [WARN] PackLoader:240 - Cannot read IP mode file for STMicroelectronics.X-CUBE-NFC7.2.0.0
2025-12-21 18:13:36,740 [INFO] WebApp:476 - Direct internet connection detected
2025-12-21 18:13:36,750 [ERROR] Engine:466 - C:\Users\Huzaifa\.stm32cubemx\thirdparties\pdsc\STMicroelectronics.X-CUBE-IPS.3.1.0.pdsc: PDSC version is not supported
2025-12-21 18:13:36,763 [INFO] WebApp:869 - Register for checkConnection events
2025-12-21 18:13:36,763 [INFO] WebApp:448 - Apply proxy settings
2025-12-21 18:13:36,763 [INFO] WebApp:533 - Chromium requires no authentication
2025-12-21 18:13:36,763 [INFO] WebApp:476 - Direct internet connection detected
2025-12-21 18:13:36,767 [WARN] PackLoader:240 - Cannot read IP mode file for STMicroelectronics.X-CUBE-ALS.1.0.2
2025-12-21 18:13:36,782 [WARN] PackLoader:240 - Cannot read IP mode file for STMicroelectronics.X-CUBE-TOUCHGFX.4.24.2
2025-12-21 18:13:36,796 [WARN] PackLoader:240 - Cannot read IP mode file for STMicroelectronics.X-CUBE-TOUCHGFX.4.24.1
2025-12-21 18:13:36,811 [WARN] PackLoader:240 - Cannot read IP mode file for STMicroelectronics.X-CUBE-STSE01.1.0.0
2025-12-21 18:13:36,825 [WARN] PackLoader:240 - Cannot read IP mode file for wolfSSL.I-CUBE-wolfTPM.3.4.0
2025-12-21 18:13:36,839 [WARN] PackLoader:240 - Cannot read IP mode file for portGmbH.I-Cube-SoM-uGOAL.1.1.0
2025-12-21 18:13:36,864 [WARN] PackLoader:240 - Cannot read IP mode file for STMicroelectronics.X-CUBE-AZRTOS-H7RS.1.0.0
2025-12-21 18:13:36,879 [WARN] PackLoader:240 - Cannot read IP mode file for STMicroelectronics.FP-ATR-ASTRA1.2.0.0
2025-12-21 18:13:36,899 [WARN] PackLoader:240 - Cannot read IP mode file for STMicroelectronics.X-CUBE-TOF1.3.4.2
2025-12-21 18:13:36,923 [INFO] WebApp:220 - Starting web application
2025-12-21 18:13:36,923 [INFO] WebApp:578 - Web application path used C:\ST\STM32CubeIDE_1.16.1\STM32CubeIDE\plugins\com.st.stm32cube.common.mx_6.12.1.202409122256\db\plugins\mcufinder\reactClient1\index.html
2025-12-21 18:13:36,923 [ERROR] Engine:466 - C:\Users\Huzaifa\.stm32cubemx\thirdparties\pdsc\STMicroelectronics.X-CUBE-TOF1.3.4.3.pdsc: PDSC version is not supported
2025-12-21 18:13:36,964 [WARN] PackLoader:240 - Cannot read IP mode file for Infineon.AIROC-Wi-Fi-Bluetooth-STM32.1.6.1
2025-12-21 18:13:36,964 [INFO] WebApp:186 - Connection restablished
2025-12-21 18:13:36,991 [WARN] PackLoader:240 - Cannot read IP mode file for wolfSSL.I-CUBE-wolfSSH.1.4.17
2025-12-21 18:13:36,991 [INFO] ThirdParty:978 - Integrity check success = true
2025-12-21 18:13:36,992 [INFO] IntegrityCheckThread:100 - exiting critical section [integrity check]
2025-12-21 18:13:36,992 [INFO] IntegrityCheckThread:103 - End integrity checks thread
2025-12-21 18:13:37,101 [INFO] UserAuth:417 - Internet connection configuration mode: 1
2025-12-21 18:41:24,701 [ERROR] LogOutputStream:75 - [STDERR_REDIRECT] 
