2025-12-15 13:44:32,790 [INFO] Activator:176 - 


2025-12-15 13:44:32,797 [INFO] Activator:177 - !SESSION log4j initialized
2025-12-15 13:44:37,424 [INFO] LogOutputStream:77 - [STDOUT_REDIRECT] 
2025-12-15 13:44:40,094 [INFO] ApplicationProperties:184 - Using Application install path: C:\ST\STM32CubeIDE_1.16.1\STM32CubeIDE\plugins\com.st.stm32cube.common.mx_6.12.1.202409122256
2025-12-15 13:44:40,111 [INFO] DbMcusXml:78 - Set database path to: C:\ST\STM32CubeIDE_1.16.1\STM32CubeIDE\plugins\com.st.stm32cube.common.mx_6.12.1.202409122256\\db\/mcu/
2025-12-15 13:44:40,111 [INFO] ApiDb:274 - Set plugin database path to: C:\ST\STM32CubeIDE_1.16.1\STM32CubeIDE\plugins\com.st.stm32cube.common.mx_6.12.1.202409122256\\db\/plugins/boardmanager/
2025-12-15 13:44:40,111 [WARN] ApiDb:259 - Overriding images path with different value:  => C:\ST\STM32CubeIDE_1.16.1\STM32CubeIDE\plugins\com.st.stm32cube.common.mx_6.12.1.202409122256\\db\/plugins/mcufinder/images/
2025-12-15 13:44:40,117 [INFO] ApiDb:250 - Set database path to: C:\Users\Huzaifa\.stmcufinder\plugins\mcufinder//mcu/
2025-12-15 13:44:40,118 [INFO] DbMcusAds:125 - Set database path to: C:\Users\Huzaifa\.stmcufinder\plugins\mcufinder//mcu/
2025-12-15 13:44:40,120 [INFO] CrossReferenceDbSqlite:203 - Set database path to: C:\Users\Huzaifa\.stmcufinder\plugins\mcufinder//mcu/cs/
2025-12-15 13:44:40,209 [INFO] RulesReader:64 - Compatibility file has been processed (297 Rules)
2025-12-15 13:44:40,273 [INFO] DbMcusXml:78 - Set database path to: C:\ST\STM32CubeIDE_1.16.1\STM32CubeIDE\plugins\com.st.stm32cube.common.mx_6.12.1.202409122256\\db\/mcu/
2025-12-15 13:44:40,273 [INFO] ApiDb:274 - Set plugin database path to: C:\ST\STM32CubeIDE_1.16.1\STM32CubeIDE\plugins\com.st.stm32cube.common.mx_6.12.1.202409122256\\db\/plugins/boardmanager/
2025-12-15 13:44:40,273 [INFO] ApiDb:261 - Set plugin images path to: C:\ST\STM32CubeIDE_1.16.1\STM32CubeIDE\plugins\com.st.stm32cube.common.mx_6.12.1.202409122256\\db\/plugins/mcufinder/images/
2025-12-15 13:44:40,273 [WARN] DbFile:41 - Overriding database path with different value: C:\Users\Huzaifa\.stmcufinder\plugins\mcufinder/ => C:\Users\Huzaifa\.stmcufinder\plugins\mcufinder
2025-12-15 13:44:40,273 [INFO] ApiDb:250 - Set database path to: C:\Users\Huzaifa\.stmcufinder\plugins\mcufinder//mcu/
2025-12-15 13:44:40,273 [WARN] DbFile:41 - Overriding database path with different value: C:\Users\Huzaifa\.stmcufinder\plugins\mcufinder/ => C:\Users\Huzaifa\.stmcufinder\plugins\mcufinder
2025-12-15 13:44:40,273 [INFO] DbMcusAds:125 - Set database path to: C:\Users\Huzaifa\.stmcufinder\plugins\mcufinder//mcu/
2025-12-15 13:44:40,273 [WARN] DbFile:41 - Overriding database path with different value: C:\Users\Huzaifa\.stmcufinder\plugins\mcufinder/ => C:\Users\Huzaifa\.stmcufinder\plugins\mcufinder
2025-12-15 13:44:40,273 [WARN] DbFile:41 - Overriding database path with different value: C:\Users\Huzaifa\.stmcufinder\plugins\mcufinder/ => C:\Users\Huzaifa\.stmcufinder\plugins\mcufinder
2025-12-15 13:44:40,273 [INFO] CrossReferenceDbSqlite:203 - Set database path to: C:\Users\Huzaifa\.stmcufinder\plugins\mcufinder//mcu/cs/
2025-12-15 13:44:40,340 [INFO] MainPanel:268 - HeapMemory: 268435456
2025-12-15 13:44:40,427 [INFO] DbMcusXml:78 - Set database path to: C:\ST\STM32CubeIDE_1.16.1\STM32CubeIDE\plugins\com.st.stm32cube.common.mx_6.12.1.202409122256\\db\/mcu/
2025-12-15 13:44:40,427 [INFO] ApiDb:274 - Set plugin database path to: C:\ST\STM32CubeIDE_1.16.1\STM32CubeIDE\plugins\com.st.stm32cube.common.mx_6.12.1.202409122256\\db\/plugins/boardmanager/
2025-12-15 13:44:40,427 [INFO] ApiDb:261 - Set plugin images path to: C:\ST\STM32CubeIDE_1.16.1\STM32CubeIDE\plugins\com.st.stm32cube.common.mx_6.12.1.202409122256\\db\/plugins/mcufinder/images/
2025-12-15 13:44:40,427 [WARN] DbFile:41 - Overriding database path with different value: C:\Users\Huzaifa\.stmcufinder\plugins\mcufinder/ => C:\Users\Huzaifa\.stmcufinder\plugins\mcufinder
2025-12-15 13:44:40,427 [INFO] ApiDb:250 - Set database path to: C:\Users\Huzaifa\.stmcufinder\plugins\mcufinder//mcu/
2025-12-15 13:44:40,427 [WARN] DbFile:41 - Overriding database path with different value: C:\Users\Huzaifa\.stmcufinder\plugins\mcufinder/ => C:\Users\Huzaifa\.stmcufinder\plugins\mcufinder
2025-12-15 13:44:40,427 [INFO] DbMcusAds:125 - Set database path to: C:\Users\Huzaifa\.stmcufinder\plugins\mcufinder//mcu/
2025-12-15 13:44:40,427 [WARN] DbFile:41 - Overriding database path with different value: C:\Users\Huzaifa\.stmcufinder\plugins\mcufinder/ => C:\Users\Huzaifa\.stmcufinder\plugins\mcufinder
2025-12-15 13:44:40,427 [WARN] DbFile:41 - Overriding database path with different value: C:\Users\Huzaifa\.stmcufinder\plugins\mcufinder/ => C:\Users\Huzaifa\.stmcufinder\plugins\mcufinder
2025-12-15 13:44:40,427 [INFO] CrossReferenceDbSqlite:203 - Set database path to: C:\Users\Huzaifa\.stmcufinder\plugins\mcufinder//mcu/cs/
2025-12-15 13:44:40,442 [INFO] ApplicationProperties:184 - Using Application install path: C:\ST\STM32CubeIDE_1.16.1\STM32CubeIDE\plugins\com.st.stm32cube.common.mx_6.12.1.202409122256
2025-12-15 13:44:40,443 [INFO] PluginManage:196 - Search for loadable plugins [exclusion list=, ]
2025-12-15 13:44:40,444 [INFO] PluginManage:310 - Check plugin analytics
2025-12-15 13:44:40,595 [INFO] AnalyticsPlugin:253 - Accepted Software Licenses: 
2025-12-15 13:44:40,595 [INFO] AnalyticsPlugin:255 - Accepted CMSIS Pack Licenses: STMicroelectronics.X-CUBE-AZRTOS-F4.1.1.0
2025-12-15 13:44:40,595 [INFO] AnalyticsPlugin:257 - Accepted Firmware Licenses: FW.F4.1.28.0,FW.H7.1.11.0
2025-12-15 13:44:40,596 [INFO] PluginManage:359 - Loaded plugin analytics (category:tool,tabindex:-1)
2025-12-15 13:44:40,597 [INFO] PluginManage:310 - Check plugin cadmodel
2025-12-15 13:44:40,613 [INFO] CADModel:105 - Init CAD model plugin
2025-12-15 13:44:40,613 [INFO] PluginManage:359 - Loaded plugin cadmodel (category:power,tabindex:5)
2025-12-15 13:44:40,613 [INFO] PluginManage:310 - Check plugin clock
2025-12-15 13:44:40,634 [INFO] PluginManage:359 - Loaded plugin clock (category:base,tabindex:2)
2025-12-15 13:44:40,634 [INFO] PluginManage:310 - Check plugin ddr
2025-12-15 13:44:40,634 [INFO] PluginManage:359 - Loaded plugin ddr (category:tool,tabindex:6)
2025-12-15 13:44:40,634 [INFO] PluginManage:310 - Check plugin filemanager
2025-12-15 13:44:40,747 [INFO] PluginManage:359 - Loaded plugin filemanager (category:base,tabindex:10)
2025-12-15 13:44:40,747 [INFO] PluginManage:310 - Check plugin ipmanager
2025-12-15 13:44:40,752 [INFO] PluginManage:359 - Loaded plugin ipmanager (category:base,tabindex:5)
2025-12-15 13:44:40,752 [INFO] PluginManage:310 - Check plugin lpbam
2025-12-15 13:44:40,769 [INFO] PluginManage:359 - Loaded plugin lpbam (category:base,tabindex:0)
2025-12-15 13:44:40,769 [INFO] PluginManage:310 - Check plugin memorymap
2025-12-15 13:44:40,791 [INFO] PluginManage:359 - Loaded plugin memorymap (category:base,tabindex:4)
2025-12-15 13:44:40,791 [INFO] PluginManage:310 - Check plugin pinoutandconfiguration
2025-12-15 13:44:40,809 [INFO] PluginManage:359 - Loaded plugin pinoutandconfiguration (category:base,tabindex:1)
2025-12-15 13:44:40,809 [INFO] PluginManage:310 - Check plugin pinoutconfig
2025-12-15 13:44:40,889 [WARN] SupportedApi:132 - Cannot load RTOS API schema: s4s-elt-must-match.1: The content of 'definitions' must match (annotation?, (simpleType | complexType)?, (unique | key | keyref)*)). A problem was found starting at: attribute.
2025-12-15 13:44:40,993 [INFO] PluginManage:359 - Loaded plugin pinoutconfig (category:base,tabindex:0)
2025-12-15 13:44:40,993 [INFO] PluginManage:310 - Check plugin power
2025-12-15 13:44:41,013 [INFO] PluginManage:359 - Loaded plugin power (category:power,tabindex:4)
2025-12-15 13:44:41,013 [INFO] PluginManage:310 - Check plugin projectmanager
2025-12-15 13:44:41,024 [INFO] PluginManage:359 - Loaded plugin projectmanager (category:projectmanager,tabindex:4)
2025-12-15 13:44:41,024 [INFO] PluginManage:310 - Check plugin rif
2025-12-15 13:44:41,040 [INFO] PluginManage:359 - Loaded plugin rif (category:base,tabindex:3)
2025-12-15 13:44:41,040 [INFO] PluginManage:310 - Check plugin thirdparty
2025-12-15 13:44:41,334 [INFO] PluginManage:359 - Loaded plugin thirdparty (category:base,tabindex:-1)
2025-12-15 13:44:41,334 [WARN] IntegrityCheckThread:84 - waiting for thirdparty lock release [integrity check]
2025-12-15 13:44:41,336 [INFO] PluginManage:310 - Check plugin tools
2025-12-15 13:44:41,336 [INFO] IntegrityCheckThread:86 - entering critical section [integrity check]
2025-12-15 13:44:41,336 [INFO] ThirdPartyUpdaterWithRetryManager:70 - Updater plugin not ready yet. [1/15]
2025-12-15 13:44:41,374 [INFO] PluginManage:359 - Loaded plugin tools (category:base,tabindex:7)
2025-12-15 13:44:41,374 [INFO] PluginManage:310 - Check plugin tutovideos
2025-12-15 13:44:41,531 [INFO] PluginManage:359 - Loaded plugin tutovideos (category:base,tabindex:-1)
2025-12-15 13:44:41,531 [INFO] PluginManage:310 - Check plugin updater
2025-12-15 13:44:41,545 [INFO] PluginManage:359 - Loaded plugin updater (category:base,tabindex:12)
2025-12-15 13:44:41,545 [INFO] PluginManage:310 - Check plugin userauth
2025-12-15 13:44:41,550 [INFO] UserAuth:113 - Init User Auth plugin
2025-12-15 13:44:41,550 [INFO] PluginManage:359 - Loaded plugin userauth (category:base,tabindex:14)
2025-12-15 13:44:41,550 [INFO] PluginManage:283 - PluginManage : Loaded plugins [18]
2025-12-15 13:44:41,720 [INFO] PinOutPanel:1561 - setPackage(No Configuration,No Configuration)
2025-12-15 13:44:41,810 [INFO] CADModel:165 - CPN selected for project level
2025-12-15 13:44:41,810 [INFO] CADModel:114 - Register for checkConnection events
2025-12-15 13:44:41,846 [INFO] IPUIPlugin:80 - create IPUIPlugin
2025-12-15 13:44:41,847 [INFO] PluginManager:220 - loadIPPluginJar : add adc
2025-12-15 13:44:41,911 [INFO] IPUIPlugin:80 - create IPUIPlugin
2025-12-15 13:44:41,911 [INFO] PluginManager:220 - loadIPPluginJar : add aes
2025-12-15 13:44:41,965 [INFO] IPUIPlugin:80 - create IPUIPlugin
2025-12-15 13:44:41,965 [INFO] PluginManager:220 - loadIPPluginJar : add can
2025-12-15 13:44:41,998 [INFO] IPUIPlugin:80 - create IPUIPlugin
2025-12-15 13:44:41,998 [INFO] PluginManager:220 - loadIPPluginJar : add comp
2025-12-15 13:44:42,043 [INFO] IPUIPlugin:80 - create IPUIPlugin
2025-12-15 13:44:42,043 [INFO] PluginManager:220 - loadIPPluginJar : add cryp
2025-12-15 13:44:42,058 [INFO] IPUIPlugin:80 - create IPUIPlugin
2025-12-15 13:44:42,058 [INFO] PluginManager:220 - loadIPPluginJar : add ddr_ctrl_phy
2025-12-15 13:44:42,106 [INFO] IPUIPlugin:80 - create IPUIPlugin
2025-12-15 13:44:42,106 [INFO] PluginManager:220 - loadIPPluginJar : add dfsdm
2025-12-15 13:44:42,122 [INFO] IPUIPlugin:80 - create IPUIPlugin
2025-12-15 13:44:42,122 [INFO] PluginManager:220 - loadIPPluginJar : add dma
2025-12-15 13:44:42,174 [INFO] IPUIPlugin:80 - create IPUIPlugin
2025-12-15 13:44:42,174 [INFO] PluginManager:220 - loadIPPluginJar : add dma3
2025-12-15 13:44:42,232 [INFO] IPUIPlugin:80 - create IPUIPlugin
2025-12-15 13:44:42,232 [INFO] PluginManager:220 - loadIPPluginJar : add extmemmanager
2025-12-15 13:44:42,262 [INFO] IPUIPlugin:80 - create IPUIPlugin
2025-12-15 13:44:42,262 [INFO] PluginManager:220 - loadIPPluginJar : add fatfs
2025-12-15 13:44:42,315 [INFO] IPUIPlugin:80 - create IPUIPlugin
2025-12-15 13:44:42,315 [INFO] PluginManager:220 - loadIPPluginJar : add fmc
2025-12-15 13:44:42,331 [INFO] IPUIPlugin:80 - create IPUIPlugin
2025-12-15 13:44:42,331 [INFO] PluginManager:220 - loadIPPluginJar : add freertos
2025-12-15 13:44:42,357 [INFO] IPUIPlugin:80 - create IPUIPlugin
2025-12-15 13:44:42,357 [INFO] PluginManager:220 - loadIPPluginJar : add genericplugin
2025-12-15 13:44:42,447 [INFO] IPUIPlugin:80 - create IPUIPlugin
2025-12-15 13:44:42,447 [INFO] PluginManager:220 - loadIPPluginJar : add gfxmmu
2025-12-15 13:44:42,576 [INFO] IPUIPlugin:80 - create IPUIPlugin
2025-12-15 13:44:42,576 [INFO] PluginManager:220 - loadIPPluginJar : add gic
2025-12-15 13:44:42,595 [INFO] IPUIPlugin:80 - create IPUIPlugin
2025-12-15 13:44:42,595 [INFO] PluginManager:220 - loadIPPluginJar : add gpio
2025-12-15 13:44:42,687 [INFO] IPUIPlugin:80 - create IPUIPlugin
2025-12-15 13:44:42,687 [INFO] PluginManager:220 - loadIPPluginJar : add gtzc
2025-12-15 13:44:42,718 [INFO] IPUIPlugin:80 - create IPUIPlugin
2025-12-15 13:44:42,721 [INFO] PluginManager:220 - loadIPPluginJar : add hash
2025-12-15 13:44:42,764 [INFO] IPUIPlugin:80 - create IPUIPlugin
2025-12-15 13:44:42,764 [INFO] PluginManager:220 - loadIPPluginJar : add i2c
2025-12-15 13:44:42,812 [INFO] IPUIPlugin:80 - create IPUIPlugin
2025-12-15 13:44:42,812 [INFO] PluginManager:220 - loadIPPluginJar : add i2s
2025-12-15 13:44:42,858 [INFO] IPUIPlugin:80 - create IPUIPlugin
2025-12-15 13:44:42,858 [INFO] PluginManager:220 - loadIPPluginJar : add i3c
2025-12-15 13:44:42,952 [INFO] IPUIPlugin:80 - create IPUIPlugin
2025-12-15 13:44:42,952 [INFO] PluginManager:220 - loadIPPluginJar : add ipddr
2025-12-15 13:44:43,044 [INFO] IPUIPlugin:80 - create IPUIPlugin
2025-12-15 13:44:43,044 [INFO] PluginManager:220 - loadIPPluginJar : add linkedlist
2025-12-15 13:44:43,082 [INFO] IPUIPlugin:80 - create IPUIPlugin
2025-12-15 13:44:43,082 [INFO] PluginManager:220 - loadIPPluginJar : add lorawan
2025-12-15 13:44:43,121 [INFO] IPUIPlugin:80 - create IPUIPlugin
2025-12-15 13:44:43,121 [INFO] PluginManager:220 - loadIPPluginJar : add ltdc
2025-12-15 13:44:43,135 [INFO] IPUIPlugin:80 - create IPUIPlugin
2025-12-15 13:44:43,136 [INFO] PluginManager:220 - loadIPPluginJar : add mdma
2025-12-15 13:44:43,149 [INFO] IPUIPlugin:80 - create IPUIPlugin
2025-12-15 13:44:43,149 [INFO] PluginManager:220 - loadIPPluginJar : add nvic
2025-12-15 13:44:43,190 [INFO] IPUIPlugin:80 - create IPUIPlugin
2025-12-15 13:44:43,190 [INFO] PluginManager:220 - loadIPPluginJar : add opamp
2025-12-15 13:44:43,256 [INFO] IPUIPlugin:80 - create IPUIPlugin
2025-12-15 13:44:43,256 [INFO] PluginManager:220 - loadIPPluginJar : add openamp
2025-12-15 13:44:43,303 [INFO] IPUIPlugin:80 - create IPUIPlugin
2025-12-15 13:44:43,303 [INFO] PluginManager:220 - loadIPPluginJar : add pdm2pcm
2025-12-15 13:44:43,318 [INFO] IPUIPlugin:80 - create IPUIPlugin
2025-12-15 13:44:43,319 [INFO] PluginManager:220 - loadIPPluginJar : add plateformsettings
2025-12-15 13:44:43,346 [INFO] IPUIPlugin:80 - create IPUIPlugin
2025-12-15 13:44:43,346 [INFO] PluginManager:220 - loadIPPluginJar : add quadspi
2025-12-15 13:44:43,374 [INFO] IPUIPlugin:80 - create IPUIPlugin
2025-12-15 13:44:43,374 [INFO] PluginManager:220 - loadIPPluginJar : add radio
2025-12-15 13:44:43,387 [INFO] IPUIPlugin:80 - create IPUIPlugin
2025-12-15 13:44:43,387 [INFO] PluginManager:220 - loadIPPluginJar : add resmgrutility
2025-12-15 13:44:43,434 [INFO] IPUIPlugin:80 - create IPUIPlugin
2025-12-15 13:44:43,434 [INFO] PluginManager:220 - loadIPPluginJar : add sai
2025-12-15 13:44:43,475 [INFO] IPUIPlugin:80 - create IPUIPlugin
2025-12-15 13:44:43,475 [INFO] PluginManager:220 - loadIPPluginJar : add spi
2025-12-15 13:44:43,534 [INFO] IPUIPlugin:80 - create IPUIPlugin
2025-12-15 13:44:43,534 [INFO] PluginManager:220 - loadIPPluginJar : add stm32_wpan
2025-12-15 13:44:43,566 [INFO] IPUIPlugin:80 - create IPUIPlugin
2025-12-15 13:44:43,566 [INFO] PluginManager:220 - loadIPPluginJar : add tim
2025-12-15 13:44:43,628 [INFO] IPUIPlugin:80 - create IPUIPlugin
2025-12-15 13:44:43,628 [INFO] PluginManager:220 - loadIPPluginJar : add touchsensing
2025-12-15 13:44:43,653 [INFO] IPUIPlugin:80 - create IPUIPlugin
2025-12-15 13:44:43,653 [INFO] PluginManager:220 - loadIPPluginJar : add tracer_emb
2025-12-15 13:44:43,678 [INFO] IPUIPlugin:80 - create IPUIPlugin
2025-12-15 13:44:43,679 [INFO] PluginManager:220 - loadIPPluginJar : add ts
2025-12-15 13:44:43,703 [INFO] IPUIPlugin:80 - create IPUIPlugin
2025-12-15 13:44:43,703 [INFO] PluginManager:220 - loadIPPluginJar : add tsc
2025-12-15 13:44:43,728 [INFO] IPUIPlugin:80 - create IPUIPlugin
2025-12-15 13:44:43,728 [INFO] PluginManager:220 - loadIPPluginJar : add ucpd
2025-12-15 13:44:43,764 [INFO] IPUIPlugin:80 - create IPUIPlugin
2025-12-15 13:44:43,764 [INFO] PluginManager:220 - loadIPPluginJar : add usart
2025-12-15 13:44:43,814 [INFO] IPUIPlugin:80 - create IPUIPlugin
2025-12-15 13:44:43,814 [INFO] PluginManager:220 - loadIPPluginJar : add usbx
2025-12-15 13:44:43,924 [INFO] CADModel:165 - CPN selected for project level
2025-12-15 13:44:43,924 [INFO] CADModel:114 - Register for checkConnection events
2025-12-15 13:44:43,924 [FATAL] Updater:334 - Updater called before beeing initialized
2025-12-15 13:44:43,924 [ERROR] CADModel:125 - Updater not yet initialized, retry later 
2025-12-15 13:44:44,022 [INFO] CADModel:165 - CPN selected for project level
2025-12-15 13:44:44,022 [INFO] CADModel:114 - Register for checkConnection events
2025-12-15 13:44:44,022 [FATAL] Updater:334 - Updater called before beeing initialized
2025-12-15 13:44:44,022 [ERROR] CADModel:125 - Updater not yet initialized, retry later 
2025-12-15 13:44:44,025 [FATAL] Updater:334 - Updater called before beeing initialized
2025-12-15 13:44:44,103 [FATAL] Updater:334 - Updater called before beeing initialized
2025-12-15 13:44:44,114 [INFO] DbMcusAds:53 - JSON generation date=Tue Nov 25 07:08:32 MST 2025 (1764079712835)
2025-12-15 13:44:44,114 [FATAL] Updater:334 - Updater called before beeing initialized
2025-12-15 13:44:44,142 [WARN] DetailPanel:346 - Failed to get advertising image, set to default
2025-12-15 13:44:44,239 [FATAL] Updater:334 - Updater called before beeing initialized
2025-12-15 13:44:44,240 [FATAL] Updater:334 - Updater called before beeing initialized
2025-12-15 13:44:44,240 [FATAL] Updater:334 - Updater called before beeing initialized
2025-12-15 13:44:44,240 [WARN] DetailPanel:346 - Failed to get advertising image, set to default
2025-12-15 13:44:44,241 [FATAL] Updater:334 - Updater called before beeing initialized
2025-12-15 13:44:44,289 [ERROR] Updater:1164 - MainUpdater not yet initialized. External WinMGr cannot be set.
2025-12-15 13:44:44,297 [INFO] Updater:1100 - Updater Version found : 6.12.1
2025-12-15 13:44:44,314 [INFO] ApplicationProperties:184 - Using Application install path: C:\ST\STM32CubeIDE_1.16.1\STM32CubeIDE\plugins\com.st.stm32cube.common.mx_6.12.1.202409122256
2025-12-15 13:44:44,342 [INFO] ThirdPartyUpdaterWithRetryManager:70 - Updater plugin not ready yet. [2/15]
2025-12-15 13:44:45,904 [ERROR] LogOutputStream:75 - [STDERR_REDIRECT] Dec 15, 2025 1:44:45 PM java.util.prefs.WindowsPreferences <init>
2025-12-15 13:44:45,904 [ERROR] LogOutputStream:75 - [STDERR_REDIRECT] WARNING: Could not open/create prefs root node Software\JavaSoft\Prefs at root 0xffffffff80000002. Windows RegCreateKeyEx(...) returned error code 5.
2025-12-15 13:44:45,904 [ERROR] LogOutputStream:75 - [STDERR_REDIRECT] 
2025-12-15 13:44:46,231 [INFO] MainUpdater:2873 - connection check result : 10
2025-12-15 13:44:46,232 [INFO] MainUpdater:3567 - Updater definition file requires update
2025-12-15 13:44:46,233 [INFO] MainUpdater:290 - Updater Check For Update Now.
2025-12-15 13:44:46,233 [INFO] MicroXplorer:498 - Change Database Version : DB.6.0.121
2025-12-15 13:44:46,252 [INFO] McuFinderGlobals:63 - Set McuFinder mode to 2 (CubeIDE integrated)
2025-12-15 13:44:46,259 [INFO] UserAuth:417 - Internet connection configuration mode: 1
2025-12-15 13:44:46,282 [INFO] JxBrowserEngine:152 - Initiate JxBrowser Engine with user profile folder
2025-12-15 13:44:46,345 [INFO] ServerAccessManage:473 - Download File updaters.zip
2025-12-15 13:44:46,433 [INFO] FileExtend:240 - Unzip File : updaters.zip
2025-12-15 13:44:46,433 [INFO] FileExtend:255 - Standard Zip Deflate
2025-12-15 13:44:47,151 [INFO] ServerAccessManage:473 - Download File PacksControlFlags.xml
2025-12-15 13:44:47,291 [INFO] ServerAccessManage:473 - Download File cubemx.pidx
2025-12-15 13:44:47,357 [WARN] MainUpdater:1194 - Updater busy. Cannot search thirdparties
2025-12-15 13:44:47,358 [INFO] ThirdPartyUpdaterWithRetryManager:96 - Updater plugin is busy. [1/15]
2025-12-15 13:44:47,446 [INFO] LoadServerUpdatesThread:375 - End of LoadServerUpdate Thread
2025-12-15 13:44:47,620 [INFO] CheckServerUpdateThread:120 - End of CheckServer Thread
2025-12-15 13:44:49,495 [INFO] WebApp:167 - Instantiating new browser for Auth
2025-12-15 13:44:50,038 [INFO] WebApp:448 - Apply proxy settings
2025-12-15 13:44:50,043 [INFO] WebApp:533 - Chromium requires no authentication
2025-12-15 13:44:50,051 [INFO] WebApp:476 - Direct internet connection detected
2025-12-15 13:44:50,075 [INFO] WebApp:869 - Register for checkConnection events
2025-12-15 13:44:50,075 [INFO] WebApp:448 - Apply proxy settings
2025-12-15 13:44:50,075 [INFO] WebApp:533 - Chromium requires no authentication
2025-12-15 13:44:50,075 [INFO] WebApp:476 - Direct internet connection detected
2025-12-15 13:44:50,205 [INFO] WebApp:220 - Starting web application
2025-12-15 13:44:50,205 [INFO] WebApp:578 - Web application path used C:\ST\STM32CubeIDE_1.16.1\STM32CubeIDE\plugins\com.st.stm32cube.common.mx_6.12.1.202409122256\db\plugins\mcufinder\reactClient1\index.html
2025-12-15 13:44:50,298 [INFO] WebApp:186 - Connection restablished
2025-12-15 13:44:50,342 [INFO] UserAuth:417 - Internet connection configuration mode: 1
2025-12-15 13:44:50,753 [WARN] PackLoader:240 - Cannot read IP mode file for STMicroelectronics.FP-SNS-MOTENVWB1.1.4.0
2025-12-15 13:44:50,771 [WARN] PackLoader:240 - Cannot read IP mode file for STMicroelectronics.FP-ATR-ASTRA1.2.0.2
2025-12-15 13:44:50,788 [WARN] PackLoader:240 - Cannot read IP mode file for STMicroelectronics.FP-ATR-ASTRA1.2.0.1
2025-12-15 13:44:50,808 [WARN] PackLoader:240 - Cannot read IP mode file for STMicroelectronics.X-CUBE-SMBUS.2.1.0
2025-12-15 13:44:50,830 [WARN] PackLoader:240 - Cannot read IP mode file for STMicroelectronics.X-CUBE-WB05N.1.1.0
2025-12-15 13:44:50,844 [ERROR] Engine:466 - C:\Users\Huzaifa\.stm32cubemx\thirdparties\pdsc\STMicroelectronics.X-CUBE-ST60.1.0.0.pdsc: PDSC version is not supported
2025-12-15 13:44:50,874 [WARN] PackLoader:240 - Cannot read IP mode file for STMicroelectronics.X-CUBE-AZRTOS-F7.1.1.0
2025-12-15 13:44:50,921 [WARN] PackLoader:240 - Cannot read IP mode file for STMicroelectronics.X-CUBE-MEMS1.11.0.0
2025-12-15 13:44:51,020 [ERROR] Engine:466 - C:\Users\Huzaifa\.stm32cubemx\thirdparties\pdsc\STMicroelectronics.FP-SNS-MOTENV1.5.1.0.pdsc: PDSC version is not supported
2025-12-15 13:44:51,035 [WARN] PackLoader:240 - Cannot read IP mode file for STMicroelectronics.FP-SNS-FLIGHT1.5.0.2
2025-12-15 13:44:51,066 [WARN] PackLoader:240 - Cannot read IP mode file for STMicroelectronics.X-CUBE-AZRTOS-H7.3.4.0
2025-12-15 13:44:51,088 [WARN] PackLoader:240 - Cannot read IP mode file for STMicroelectronics.X-CUBE-DISPLAY.3.0.0
2025-12-15 13:44:51,103 [WARN] PackLoader:240 - Cannot read IP mode file for STMicroelectronics.X-CUBE-BLE1.7.0.0
2025-12-15 13:44:51,119 [WARN] PackLoader:240 - Cannot read IP mode file for STMicroelectronics.X-CUBE-NFC10.1.0.0
2025-12-15 13:44:51,138 [WARN] PackLoader:240 - Cannot read IP mode file for STMicroelectronics.X-CUBE-BLEMGR.4.0.0
2025-12-15 13:44:51,153 [ERROR] Engine:466 - C:\Users\Huzaifa\.stm32cubemx\thirdparties\pdsc\STMicroelectronics.X-CUBE-ST60.1.1.0.pdsc: PDSC version is not supported
2025-12-15 13:44:51,171 [WARN] PackLoader:240 - Cannot read IP mode file for emotas.I-CUBE-CANOPEN.1.3.0
2025-12-15 13:44:51,190 [WARN] PackLoader:240 - Cannot read IP mode file for STMicroelectronics.X-CUBE-GNSS1.7.1.0
2025-12-15 13:44:51,215 [WARN] PackLoader:240 - Cannot read IP mode file for STMicroelectronics.X-CUBE-BLEMGR.3.1.0
2025-12-15 13:44:51,234 [WARN] PackLoader:240 - Cannot read IP mode file for STMicroelectronics.X-CUBE-AI.10.0.0
2025-12-15 13:44:51,255 [ERROR] Engine:466 - C:\Users\Huzaifa\.stm32cubemx\thirdparties\pdsc\STMicroelectronics.FP-SNS-STBOX1.2.1.0.pdsc: PDSC version is not supported
2025-12-15 13:44:51,267 [WARN] PackLoader:240 - Cannot read IP mode file for STMicroelectronics.FP-SNS-SMARTAG2.1.2.0
2025-12-15 13:44:51,287 [ERROR] Engine:466 - C:\Users\Huzaifa\.stm32cubemx\thirdparties\pdsc\STMicroelectronics.FP-SNS-FLIGHT1.5.1.0.pdsc: PDSC version is not supported
2025-12-15 13:44:51,332 [WARN] PackLoader:240 - Cannot read IP mode file for STMicroelectronics.X-CUBE-MEMS1.11.1.0
2025-12-15 13:44:51,470 [INFO] LogOutputStream:77 - [STDOUT_REDIRECT] 1 : Invalid condition id : UX_CORESTACK_Condition cause : null
2025-12-15 13:44:51,471 [INFO] LogOutputStream:77 - [STDOUT_REDIRECT] 1 : Invalid condition id : UX_CORESTACK_Condition cause : null
2025-12-15 13:44:51,472 [INFO] LogOutputStream:77 - [STDOUT_REDIRECT] 1 : Invalid condition id : UX_CORESTACK_Condition cause : null
2025-12-15 13:44:51,472 [INFO] LogOutputStream:77 - [STDOUT_REDIRECT] 1 : Invalid condition id : UX_CORESTACK_Condition cause : null
2025-12-15 13:44:51,473 [INFO] LogOutputStream:77 - [STDOUT_REDIRECT] 1 : Invalid condition id : UX_CORESTACK_Condition cause : null
2025-12-15 13:44:51,475 [WARN] PackLoader:240 - Cannot read IP mode file for STMicroelectronics.X-CUBE-AZRTOS-WL.2.0.0
2025-12-15 13:44:51,495 [WARN] PackLoader:240 - Cannot read IP mode file for STMicroelectronics.FP-SNS-MOTENV1.5.0.0
2025-12-15 13:44:51,528 [WARN] PackLoader:240 - Cannot read IP mode file for STMicroelectronics.X-CUBE-AZRTOS-H7RS.1.2.0
2025-12-15 13:44:51,543 [WARN] PackLoader:240 - Cannot read IP mode file for wolfSSL.I-CUBE-wolfMQTT.1.19.0
2025-12-15 13:44:51,571 [WARN] PackLoader:240 - Cannot read IP mode file for WES.I-CUBE-Cesium.1.3.0
2025-12-15 13:44:51,596 [WARN] PackLoader:240 - Cannot read IP mode file for STMicroelectronics.X-CUBE-BLE2.3.3.0
2025-12-15 13:44:51,614 [ERROR] Engine:466 - C:\Users\Huzaifa\.stm32cubemx\thirdparties\pdsc\Avnet-IOTCONNECT.X-CUBE-iotc-st67-sdk.1.0.0.pdsc: PDSC version is not supported
2025-12-15 13:44:51,635 [WARN] PackLoader:240 - Cannot read IP mode file for STMicroelectronics.X-CUBE-NFC9.1.0.0
2025-12-15 13:44:51,651 [WARN] PackLoader:240 - Cannot read IP mode file for STMicroelectronics.X-CUBE-BLE1.7.1.0
2025-12-15 13:44:51,671 [WARN] PackLoader:240 - Cannot read IP mode file for STMicroelectronics.X-CUBE-TCPP.4.1.0
2025-12-15 13:44:51,687 [ERROR] Engine:466 - C:\Users\Huzaifa\.stm32cubemx\thirdparties\pdsc\STMicroelectronics.X-CUBE-FREERTOS.1.4.0.pdsc: PDSC version is not supported
2025-12-15 13:44:51,710 [WARN] PackLoader:240 - Cannot read IP mode file for STMicroelectronics.X-CUBE-EEPRMA1.5.2.0
2025-12-15 13:44:51,725 [ERROR] Engine:466 - C:\Users\Huzaifa\.stm32cubemx\thirdparties\pdsc\STMicroelectronics.X-CUBE-ST67W61.1.1.0.pdsc: PDSC version is not supported
2025-12-15 13:44:51,781 [WARN] PackLoader:240 - Cannot read IP mode file for STMicroelectronics.X-CUBE-MEMS1.12.0.0
2025-12-15 13:44:51,852 [WARN] PackLoader:240 - Cannot read IP mode file for STMicroelectronics.X-CUBE-AZRTOS-G0.1.1.0
2025-12-15 13:44:51,872 [WARN] PackLoader:240 - Cannot read IP mode file for STMicroelectronics.X-CUBE-SAFEA1.1.2.2
2025-12-15 13:44:51,887 [WARN] PackLoader:240 - Cannot read IP mode file for STMicroelectronics.X-CUBE-NFC4.3.0.0
2025-12-15 13:44:51,907 [WARN] PackLoader:240 - Cannot read IP mode file for EmbeddedOffice.I-CUBE-FS-RTOS.1.0.1
2025-12-15 13:44:51,908 [ERROR] ConditionMgr:805 - Attr not supported : Dmpu
2025-12-15 13:44:51,908 [ERROR] ConditionMgr:805 - Attr not supported : Dmpu
2025-12-15 13:44:51,908 [ERROR] ConditionMgr:805 - Attr not supported : Dmpu
2025-12-15 13:44:51,908 [ERROR] ConditionMgr:805 - Attr not supported : Dmpu
2025-12-15 13:44:51,908 [ERROR] ConditionMgr:805 - Attr not supported : Dmpu
2025-12-15 13:44:51,908 [ERROR] ConditionMgr:805 - Attr not supported : Dmpu
2025-12-15 13:44:51,908 [ERROR] ConditionMgr:805 - Attr not supported : Dmpu
2025-12-15 13:44:51,908 [ERROR] ConditionMgr:805 - Attr not supported : Dmpu
2025-12-15 13:44:51,908 [ERROR] ConditionMgr:805 - Attr not supported : Dmpu
2025-12-15 13:44:51,908 [ERROR] ConditionMgr:805 - Attr not supported : Dmpu
2025-12-15 13:44:51,908 [ERROR] ConditionMgr:805 - Attr not supported : Dmpu
2025-12-15 13:44:51,908 [ERROR] ConditionMgr:805 - Attr not supported : Dmpu
2025-12-15 13:44:51,908 [ERROR] ConditionMgr:805 - Attr not supported : Dmpu
2025-12-15 13:44:51,908 [ERROR] ConditionMgr:805 - Attr not supported : Dmpu
2025-12-15 13:44:51,908 [ERROR] ConditionMgr:805 - Attr not supported : Dmpu
2025-12-15 13:44:51,909 [ERROR] ConditionMgr:805 - Attr not supported : Dmpu
2025-12-15 13:44:51,909 [ERROR] ConditionMgr:805 - Attr not supported : Dmpu
2025-12-15 13:44:51,909 [ERROR] ConditionMgr:805 - Attr not supported : Dmpu
2025-12-15 13:44:51,909 [ERROR] ConditionMgr:805 - Attr not supported : Dmpu
2025-12-15 13:44:51,909 [ERROR] ConditionMgr:805 - Attr not supported : Dmpu
2025-12-15 13:44:51,909 [ERROR] ConditionMgr:805 - Attr not supported : Dmpu
2025-12-15 13:44:51,909 [ERROR] ConditionMgr:805 - Attr not supported : Dmpu
2025-12-15 13:44:51,909 [ERROR] ConditionMgr:805 - Attr not supported : Dmpu
2025-12-15 13:44:51,909 [ERROR] ConditionMgr:805 - Attr not supported : Dmpu
2025-12-15 13:44:51,909 [ERROR] ConditionMgr:805 - Attr not supported : Dmpu
2025-12-15 13:44:51,909 [ERROR] ConditionMgr:805 - Attr not supported : Dmpu
2025-12-15 13:44:51,909 [ERROR] ConditionMgr:805 - Attr not supported : Dmpu
2025-12-15 13:44:51,909 [ERROR] ConditionMgr:805 - Attr not supported : Dmpu
2025-12-15 13:44:51,909 [ERROR] ConditionMgr:805 - Attr not supported : Dmpu
2025-12-15 13:44:51,909 [ERROR] ConditionMgr:805 - Attr not supported : Dmpu
2025-12-15 13:44:51,909 [ERROR] ConditionMgr:805 - Attr not supported : Dmpu
2025-12-15 13:44:51,909 [ERROR] ConditionMgr:805 - Attr not supported : Dmpu
2025-12-15 13:44:51,909 [ERROR] ConditionMgr:805 - Attr not supported : Dmpu
2025-12-15 13:44:51,909 [ERROR] ConditionMgr:805 - Attr not supported : Dmpu
2025-12-15 13:44:51,909 [ERROR] ConditionMgr:805 - Attr not supported : Dmpu
2025-12-15 13:44:51,909 [ERROR] ConditionMgr:805 - Attr not supported : Dmpu
2025-12-15 13:44:51,909 [ERROR] ConditionMgr:805 - Attr not supported : Dmpu
2025-12-15 13:44:51,909 [ERROR] ConditionMgr:805 - Attr not supported : Dmpu
2025-12-15 13:44:51,909 [ERROR] ConditionMgr:805 - Attr not supported : Dmpu
2025-12-15 13:44:51,909 [ERROR] ConditionMgr:805 - Attr not supported : Dmpu
2025-12-15 13:44:51,909 [ERROR] ConditionMgr:805 - Attr not supported : Dmpu
2025-12-15 13:44:51,909 [ERROR] ConditionMgr:805 - Attr not supported : Dmpu
2025-12-15 13:44:51,909 [ERROR] ConditionMgr:805 - Attr not supported : Dmpu
2025-12-15 13:44:51,909 [ERROR] ConditionMgr:805 - Attr not supported : Dmpu
2025-12-15 13:44:51,911 [ERROR] ConditionMgr:805 - Attr not supported : Dmpu
2025-12-15 13:44:51,911 [ERROR] ConditionMgr:805 - Attr not supported : Dmpu
2025-12-15 13:44:51,911 [ERROR] ConditionMgr:805 - Attr not supported : Dmpu
2025-12-15 13:44:51,911 [ERROR] ConditionMgr:805 - Attr not supported : Dmpu
2025-12-15 13:44:51,911 [ERROR] ConditionMgr:805 - Attr not supported : Dmpu
2025-12-15 13:44:51,911 [ERROR] ConditionMgr:805 - Attr not supported : Dmpu
2025-12-15 13:44:51,911 [ERROR] ConditionMgr:805 - Attr not supported : Dmpu
2025-12-15 13:44:51,911 [ERROR] ConditionMgr:805 - Attr not supported : Dmpu
2025-12-15 13:44:51,911 [ERROR] ConditionMgr:805 - Attr not supported : Dmpu
2025-12-15 13:44:51,911 [ERROR] ConditionMgr:805 - Attr not supported : Dmpu
2025-12-15 13:44:51,911 [ERROR] ConditionMgr:805 - Attr not supported : Dmpu
2025-12-15 13:44:51,911 [ERROR] ConditionMgr:805 - Attr not supported : Dmpu
2025-12-15 13:44:51,912 [ERROR] ConditionMgr:805 - Attr not supported : Dmpu
2025-12-15 13:44:51,912 [ERROR] ConditionMgr:805 - Attr not supported : Dmpu
2025-12-15 13:44:51,912 [ERROR] ConditionMgr:805 - Attr not supported : Dmpu
2025-12-15 13:44:51,912 [ERROR] ConditionMgr:805 - Attr not supported : Dmpu
2025-12-15 13:44:51,912 [ERROR] ConditionMgr:805 - Attr not supported : Dmpu
2025-12-15 13:44:51,912 [ERROR] ConditionMgr:805 - Attr not supported : Dmpu
2025-12-15 13:44:51,912 [ERROR] ConditionMgr:805 - Attr not supported : Dmpu
2025-12-15 13:44:51,912 [ERROR] ConditionMgr:805 - Attr not supported : Dmpu
2025-12-15 13:44:51,934 [WARN] PackLoader:240 - Cannot read IP mode file for STMicroelectronics.X-CUBE-WB05N.2.0.0
2025-12-15 13:44:51,953 [ERROR] Engine:466 - C:\Users\Huzaifa\.stm32cubemx\thirdparties\pdsc\STMicroelectronics.X-CUBE-TCPP.4.2.0.pdsc: PDSC version is not supported
2025-12-15 13:44:51,968 [WARN] PackLoader:240 - Cannot read IP mode file for RealThread.X-CUBE-RT-Thread_Nano.4.1.1
2025-12-15 13:44:51,989 [WARN] PackLoader:240 - Cannot read IP mode file for STMicroelectronics.FP-ATR-SIGFOX1.3.2.0
2025-12-15 13:44:52,004 [WARN] PackLoader:240 - Cannot read IP mode file for wolfSSL.I-CUBE-wolfSSL.5.7.2
2025-12-15 13:44:52,019 [WARN] ConditionMgr:438 - getConditionDescription Invalid condition id : Cortex-A Device cause : null
2025-12-15 13:44:52,038 [WARN] ConditionMgr:1039 - genDependencies : Invalid condition id : Cortex-A Device cause : null
2025-12-15 13:44:52,038 [WARN] ConditionMgr:1039 - genDependencies : Invalid condition id : Cortex-A Device cause : null
2025-12-15 13:44:52,038 [WARN] ConditionMgr:1039 - genDependencies : Invalid condition id : Cortex-A Device cause : null
2025-12-15 13:44:52,054 [WARN] PackLoader:240 - Cannot read IP mode file for STMicroelectronics.X-CUBE-EEPRMA1.5.1.0
2025-12-15 13:44:52,071 [WARN] PackLoader:240 - Cannot read IP mode file for ITTIA_DB.I-CUBE-ITTIADB.8.9.0
2025-12-15 13:44:52,086 [ERROR] Engine:466 - C:\Users\Huzaifa\.stm32cubemx\thirdparties\pdsc\STMicroelectronics.X-CUBE-ST67W61.1.0.0.pdsc: PDSC version is not supported
2025-12-15 13:44:52,100 [WARN] PackLoader:240 - Cannot read IP mode file for STMicroelectronics.X-CUBE-AI.10.2.0
2025-12-15 13:44:52,134 [WARN] PackLoader:240 - Cannot read IP mode file for SEGGER.I-CUBE-embOS.1.3.1
2025-12-15 13:44:52,168 [WARN] PackLoader:240 - Cannot read IP mode file for STMicroelectronics.X-CUBE-ALGOBUILD.1.4.0
2025-12-15 13:44:52,215 [WARN] PackLoader:240 - Cannot read IP mode file for STMicroelectronics.X-CUBE-MEMS1.11.3.0
2025-12-15 13:44:52,328 [WARN] PackLoader:240 - Cannot read IP mode file for STMicroelectronics.X-CUBE-AI.9.1.0
2025-12-15 13:44:52,343 [WARN] PackLoader:240 - Cannot read IP mode file for STMicroelectronics.X-CUBE-PM33A1.1.0.0
2025-12-15 13:44:52,370 [WARN] PackLoader:240 - Cannot read IP mode file for STMicroelectronics.X-CUBE-AZRTOS-F4.1.1.0
2025-12-15 13:44:52,535 [ERROR] Engine:466 - C:\Users\Huzaifa\.stm32cubemx\thirdparties\pdsc\Avnet-IotConnect.X-CUBE-IoTC-DA16k-PMOD.1.0.0.pdsc: PDSC version is not supported
2025-12-15 13:44:52,548 [WARN] PackLoader:240 - Cannot read IP mode file for STMicroelectronics.X-CUBE-ISPU.2.1.0
2025-12-15 13:44:52,565 [ERROR] Engine:466 - C:\Users\Huzaifa\.stm32cubemx\thirdparties\pdsc\STMicroelectronics.X-CUBE-IPS.3.2.0.pdsc: PDSC version is not supported
2025-12-15 13:44:52,579 [WARN] PackLoader:240 - Cannot read IP mode file for STMicroelectronics.X-CUBE-FREERTOS.1.2.0
2025-12-15 13:44:52,596 [WARN] PackLoader:240 - Cannot read IP mode file for STMicroelectronics.X-CUBE-NFC12.1.0.0
2025-12-15 13:44:52,621 [WARN] PackLoader:240 - Cannot read IP mode file for STMicroelectronics.X-CUBE-AZRTOS-L5.2.0.0
2025-12-15 13:44:52,641 [WARN] PackLoader:240 - Cannot read IP mode file for STMicroelectronics.X-CUBE-NFC6.3.1.0
2025-12-15 13:44:52,658 [WARN] PackLoader:240 - Cannot read IP mode file for STMicroelectronics.X-CUBE-DPower.1.2.0
2025-12-15 13:44:52,670 [WARN] PackLoader:240 - Cannot read IP mode file for STMicroelectronics.X-CUBE-FREERTOS.1.3.1
2025-12-15 13:44:52,687 [WARN] PackLoader:240 - Cannot read IP mode file for STMicroelectronics.X-CUBE-FREERTOS.1.3.0
2025-12-15 13:44:52,700 [WARN] PackLoader:240 - Cannot read IP mode file for STMicroelectronics.X-CUBE-NFC7.1.0.1
2025-12-15 13:44:52,713 [WARN] PackLoader:240 - Cannot read IP mode file for STMicroelectronics.X-CUBE-TOUCHGFX.4.26.0
2025-12-15 13:44:52,725 [ERROR] Engine:466 - C:\Users\Huzaifa\.stm32cubemx\thirdparties\pdsc\STMicroelectronics.FP-SNS-STAIOTCFT.1.0.0.pdsc: PDSC version is not supported
2025-12-15 13:44:52,738 [WARN] PackLoader:240 - Cannot read IP mode file for STMicroelectronics.X-CUBE-DPower.1.3.0
2025-12-15 13:44:52,763 [WARN] ConditionMgr:438 - getConditionDescription Invalid condition id : LAN8742 Phy interface Condition cause : null
2025-12-15 13:44:52,765 [WARN] PackLoader:240 - Cannot read IP mode file for STMicroelectronics.X-CUBE-AZRTOS-L4.2.0.0
2025-12-15 13:44:52,766 [WARN] ConditionMgr:1039 - genDependencies : Invalid condition id : LAN8742 Phy interface Condition cause : null
2025-12-15 13:44:52,767 [WARN] ConditionMgr:1039 - genDependencies : Invalid condition id : LAN8742 Phy interface Condition cause : null
2025-12-15 13:44:52,767 [WARN] ConditionMgr:1039 - genDependencies : Invalid condition id : LAN8742 Phy interface Condition cause : null
2025-12-15 13:44:52,784 [WARN] PackLoader:240 - Cannot read IP mode file for STMicroelectronics.X-CUBE-SFXS2LP1.4.0.0
2025-12-15 13:44:52,810 [WARN] PackLoader:240 - Cannot read IP mode file for STMicroelectronics.X-CUBE-AZRTOS-H7.3.3.0
2025-12-15 13:44:52,825 [ERROR] Engine:466 - C:\Users\Huzaifa\.stm32cubemx\thirdparties\pdsc\STMicroelectronics.X-CUBE-BLEMGR.4.1.0.pdsc: PDSC version is not supported
2025-12-15 13:44:52,843 [WARN] PackLoader:240 - Cannot read IP mode file for STMicroelectronics.X-CUBE-IPS.3.0.0
2025-12-15 13:44:52,867 [WARN] ConditionMgr:438 - getConditionDescription Invalid condition id : UX DEVICE CLASS RTOS Condition cause : null
2025-12-15 13:44:52,868 [WARN] ConditionMgr:438 - getConditionDescription Invalid condition id : UX DEVICE CLASS RTOS Condition cause : null
2025-12-15 13:44:52,868 [WARN] PackLoader:240 - Cannot read IP mode file for STMicroelectronics.X-CUBE-AZRTOS-WB.2.0.0
2025-12-15 13:44:52,869 [WARN] ConditionMgr:1039 - genDependencies : Invalid condition id : UX DEVICE CLASS RTOS Condition cause : null
2025-12-15 13:44:52,869 [WARN] ConditionMgr:1039 - genDependencies : Invalid condition id : UX DEVICE CLASS RTOS Condition cause : null
2025-12-15 13:44:52,869 [WARN] ConditionMgr:1039 - genDependencies : Invalid condition id : UX DEVICE CLASS RTOS Condition cause : null
2025-12-15 13:44:52,869 [WARN] ConditionMgr:1039 - genDependencies : Invalid condition id : UX DEVICE CLASS RTOS Condition cause : null
2025-12-15 13:44:52,869 [WARN] ConditionMgr:1039 - genDependencies : Invalid condition id : UX DEVICE CLASS RTOS Condition cause : null
2025-12-15 13:44:52,882 [WARN] PackLoader:240 - Cannot read IP mode file for STMicroelectronics.X-CUBE-GNSS1.7.0.0
2025-12-15 13:44:52,898 [WARN] PackLoader:240 - Cannot read IP mode file for STMicroelectronics.X-CUBE-GNSS1.7.0.1
2025-12-15 13:44:52,912 [WARN] PackLoader:240 - Cannot read IP mode file for STMicroelectronics.X-CUBE-TOUCHGFX.4.25.0
2025-12-15 13:44:52,928 [WARN] PackLoader:240 - Cannot read IP mode file for STMicroelectronics.FP-SNS-STBOX1.2.0.0
2025-12-15 13:44:52,944 [WARN] PackLoader:240 - Cannot read IP mode file for STMicroelectronics.X-CUBE-SUBG2.5.0.0
2025-12-15 13:44:52,970 [WARN] PackLoader:240 - Cannot read IP mode file for STMicroelectronics.X-CUBE-AZRTOS-H7RS.1.1.0
2025-12-15 13:44:52,986 [WARN] PackLoader:240 - Cannot read IP mode file for Cesanta.I-CUBE-Mongoose.7.13.0
2025-12-15 13:44:53,007 [WARN] PackLoader:240 - Cannot read IP mode file for STMicroelectronics.X-CUBE-AZRTOS-G4.2.0.0
2025-12-15 13:44:53,019 [WARN] PackLoader:240 - Cannot read IP mode file for STMicroelectronics.X-CUBE-NFC7.2.0.0
2025-12-15 13:44:53,034 [ERROR] Engine:466 - C:\Users\Huzaifa\.stm32cubemx\thirdparties\pdsc\STMicroelectronics.X-CUBE-IPS.3.1.0.pdsc: PDSC version is not supported
2025-12-15 13:44:53,044 [WARN] PackLoader:240 - Cannot read IP mode file for STMicroelectronics.X-CUBE-ALS.1.0.2
2025-12-15 13:44:53,059 [WARN] PackLoader:240 - Cannot read IP mode file for STMicroelectronics.X-CUBE-TOUCHGFX.4.24.2
2025-12-15 13:44:53,070 [WARN] PackLoader:240 - Cannot read IP mode file for STMicroelectronics.X-CUBE-TOUCHGFX.4.24.1
2025-12-15 13:44:53,084 [WARN] PackLoader:240 - Cannot read IP mode file for STMicroelectronics.X-CUBE-STSE01.1.0.0
2025-12-15 13:44:53,097 [WARN] PackLoader:240 - Cannot read IP mode file for wolfSSL.I-CUBE-wolfTPM.3.4.0
2025-12-15 13:44:53,110 [WARN] PackLoader:240 - Cannot read IP mode file for portGmbH.I-Cube-SoM-uGOAL.1.1.0
2025-12-15 13:44:53,131 [WARN] PackLoader:240 - Cannot read IP mode file for STMicroelectronics.X-CUBE-AZRTOS-H7RS.1.0.0
2025-12-15 13:44:53,144 [WARN] PackLoader:240 - Cannot read IP mode file for STMicroelectronics.FP-ATR-ASTRA1.2.0.0
2025-12-15 13:44:53,155 [WARN] PackLoader:240 - Cannot read IP mode file for STMicroelectronics.X-CUBE-TOF1.3.4.2
2025-12-15 13:44:53,176 [ERROR] Engine:466 - C:\Users\Huzaifa\.stm32cubemx\thirdparties\pdsc\STMicroelectronics.X-CUBE-TOF1.3.4.3.pdsc: PDSC version is not supported
2025-12-15 13:44:53,204 [WARN] PackLoader:240 - Cannot read IP mode file for Infineon.AIROC-Wi-Fi-Bluetooth-STM32.1.6.1
2025-12-15 13:44:53,219 [WARN] PackLoader:240 - Cannot read IP mode file for wolfSSL.I-CUBE-wolfSSH.1.4.17
2025-12-15 13:44:53,220 [INFO] ThirdParty:978 - Integrity check success = true
2025-12-15 13:44:53,220 [INFO] IntegrityCheckThread:100 - exiting critical section [integrity check]
2025-12-15 13:44:53,220 [INFO] IntegrityCheckThread:103 - End integrity checks thread
