2025-12-16 11:02:22,316 [INFO] Activator:176 - 


2025-12-16 11:02:22,321 [INFO] Activator:177 - !SESSION log4j initialized
2025-12-16 11:02:27,041 [INFO] LogOutputStream:77 - [STDOUT_REDIRECT] 
2025-12-16 11:02:30,431 [INFO] ApplicationProperties:184 - Using Application install path: C:\ST\STM32CubeIDE_1.16.1\STM32CubeIDE\plugins\com.st.stm32cube.common.mx_6.12.1.202409122256
2025-12-16 11:02:30,445 [INFO] DbMcusXml:78 - Set database path to: C:\ST\STM32CubeIDE_1.16.1\STM32CubeIDE\plugins\com.st.stm32cube.common.mx_6.12.1.202409122256\\db\/mcu/
2025-12-16 11:02:30,445 [INFO] ApiDb:274 - Set plugin database path to: C:\ST\STM32CubeIDE_1.16.1\STM32CubeIDE\plugins\com.st.stm32cube.common.mx_6.12.1.202409122256\\db\/plugins/boardmanager/
2025-12-16 11:02:30,447 [WARN] ApiDb:259 - Overriding images path with different value:  => C:\ST\STM32CubeIDE_1.16.1\STM32CubeIDE\plugins\com.st.stm32cube.common.mx_6.12.1.202409122256\\db\/plugins/mcufinder/images/
2025-12-16 11:02:30,453 [INFO] ApiDb:250 - Set database path to: C:\Users\Huzaifa\.stmcufinder\plugins\mcufinder//mcu/
2025-12-16 11:02:30,455 [INFO] DbMcusAds:125 - Set database path to: C:\Users\Huzaifa\.stmcufinder\plugins\mcufinder//mcu/
2025-12-16 11:02:30,457 [INFO] CrossReferenceDbSqlite:203 - Set database path to: C:\Users\Huzaifa\.stmcufinder\plugins\mcufinder//mcu/cs/
2025-12-16 11:02:30,544 [INFO] RulesReader:64 - Compatibility file has been processed (297 Rules)
2025-12-16 11:02:30,598 [INFO] DbMcusXml:78 - Set database path to: C:\ST\STM32CubeIDE_1.16.1\STM32CubeIDE\plugins\com.st.stm32cube.common.mx_6.12.1.202409122256\\db\/mcu/
2025-12-16 11:02:30,598 [INFO] ApiDb:274 - Set plugin database path to: C:\ST\STM32CubeIDE_1.16.1\STM32CubeIDE\plugins\com.st.stm32cube.common.mx_6.12.1.202409122256\\db\/plugins/boardmanager/
2025-12-16 11:02:30,598 [INFO] ApiDb:261 - Set plugin images path to: C:\ST\STM32CubeIDE_1.16.1\STM32CubeIDE\plugins\com.st.stm32cube.common.mx_6.12.1.202409122256\\db\/plugins/mcufinder/images/
2025-12-16 11:02:30,598 [WARN] DbFile:41 - Overriding database path with different value: C:\Users\Huzaifa\.stmcufinder\plugins\mcufinder/ => C:\Users\Huzaifa\.stmcufinder\plugins\mcufinder
2025-12-16 11:02:30,598 [INFO] ApiDb:250 - Set database path to: C:\Users\Huzaifa\.stmcufinder\plugins\mcufinder//mcu/
2025-12-16 11:02:30,598 [WARN] DbFile:41 - Overriding database path with different value: C:\Users\Huzaifa\.stmcufinder\plugins\mcufinder/ => C:\Users\Huzaifa\.stmcufinder\plugins\mcufinder
2025-12-16 11:02:30,598 [INFO] DbMcusAds:125 - Set database path to: C:\Users\Huzaifa\.stmcufinder\plugins\mcufinder//mcu/
2025-12-16 11:02:30,598 [WARN] DbFile:41 - Overriding database path with different value: C:\Users\Huzaifa\.stmcufinder\plugins\mcufinder/ => C:\Users\Huzaifa\.stmcufinder\plugins\mcufinder
2025-12-16 11:02:30,598 [WARN] DbFile:41 - Overriding database path with different value: C:\Users\Huzaifa\.stmcufinder\plugins\mcufinder/ => C:\Users\Huzaifa\.stmcufinder\plugins\mcufinder
2025-12-16 11:02:30,598 [INFO] CrossReferenceDbSqlite:203 - Set database path to: C:\Users\Huzaifa\.stmcufinder\plugins\mcufinder//mcu/cs/
2025-12-16 11:02:30,656 [INFO] MainPanel:268 - HeapMemory: 268435456
2025-12-16 11:02:30,732 [INFO] DbMcusXml:78 - Set database path to: C:\ST\STM32CubeIDE_1.16.1\STM32CubeIDE\plugins\com.st.stm32cube.common.mx_6.12.1.202409122256\\db\/mcu/
2025-12-16 11:02:30,732 [INFO] ApiDb:274 - Set plugin database path to: C:\ST\STM32CubeIDE_1.16.1\STM32CubeIDE\plugins\com.st.stm32cube.common.mx_6.12.1.202409122256\\db\/plugins/boardmanager/
2025-12-16 11:02:30,734 [INFO] ApiDb:261 - Set plugin images path to: C:\ST\STM32CubeIDE_1.16.1\STM32CubeIDE\plugins\com.st.stm32cube.common.mx_6.12.1.202409122256\\db\/plugins/mcufinder/images/
2025-12-16 11:02:30,734 [WARN] DbFile:41 - Overriding database path with different value: C:\Users\Huzaifa\.stmcufinder\plugins\mcufinder/ => C:\Users\Huzaifa\.stmcufinder\plugins\mcufinder
2025-12-16 11:02:30,734 [INFO] ApiDb:250 - Set database path to: C:\Users\Huzaifa\.stmcufinder\plugins\mcufinder//mcu/
2025-12-16 11:02:30,734 [WARN] DbFile:41 - Overriding database path with different value: C:\Users\Huzaifa\.stmcufinder\plugins\mcufinder/ => C:\Users\Huzaifa\.stmcufinder\plugins\mcufinder
2025-12-16 11:02:30,734 [INFO] DbMcusAds:125 - Set database path to: C:\Users\Huzaifa\.stmcufinder\plugins\mcufinder//mcu/
2025-12-16 11:02:30,734 [WARN] DbFile:41 - Overriding database path with different value: C:\Users\Huzaifa\.stmcufinder\plugins\mcufinder/ => C:\Users\Huzaifa\.stmcufinder\plugins\mcufinder
2025-12-16 11:02:30,734 [WARN] DbFile:41 - Overriding database path with different value: C:\Users\Huzaifa\.stmcufinder\plugins\mcufinder/ => C:\Users\Huzaifa\.stmcufinder\plugins\mcufinder
2025-12-16 11:02:30,734 [INFO] CrossReferenceDbSqlite:203 - Set database path to: C:\Users\Huzaifa\.stmcufinder\plugins\mcufinder//mcu/cs/
2025-12-16 11:02:30,746 [INFO] ApplicationProperties:184 - Using Application install path: C:\ST\STM32CubeIDE_1.16.1\STM32CubeIDE\plugins\com.st.stm32cube.common.mx_6.12.1.202409122256
2025-12-16 11:02:30,750 [INFO] PluginManage:196 - Search for loadable plugins [exclusion list=, ]
2025-12-16 11:02:30,751 [INFO] PluginManage:310 - Check plugin analytics
2025-12-16 11:02:30,886 [INFO] AnalyticsPlugin:253 - Accepted Software Licenses: 
2025-12-16 11:02:30,886 [INFO] AnalyticsPlugin:255 - Accepted CMSIS Pack Licenses: STMicroelectronics.X-CUBE-AZRTOS-F4.1.1.0
2025-12-16 11:02:30,886 [INFO] AnalyticsPlugin:257 - Accepted Firmware Licenses: FW.F4.1.28.0,FW.H7.1.11.0
2025-12-16 11:02:30,888 [INFO] PluginManage:359 - Loaded plugin analytics (category:tool,tabindex:-1)
2025-12-16 11:02:30,889 [INFO] PluginManage:310 - Check plugin cadmodel
2025-12-16 11:02:30,912 [INFO] CADModel:105 - Init CAD model plugin
2025-12-16 11:02:30,912 [INFO] PluginManage:359 - Loaded plugin cadmodel (category:power,tabindex:5)
2025-12-16 11:02:30,912 [INFO] PluginManage:310 - Check plugin clock
2025-12-16 11:02:30,938 [INFO] PluginManage:359 - Loaded plugin clock (category:base,tabindex:2)
2025-12-16 11:02:30,939 [INFO] PluginManage:310 - Check plugin ddr
2025-12-16 11:02:30,941 [INFO] PluginManage:359 - Loaded plugin ddr (category:tool,tabindex:6)
2025-12-16 11:02:30,941 [INFO] PluginManage:310 - Check plugin filemanager
2025-12-16 11:02:31,056 [INFO] PluginManage:359 - Loaded plugin filemanager (category:base,tabindex:10)
2025-12-16 11:02:31,057 [INFO] PluginManage:310 - Check plugin ipmanager
2025-12-16 11:02:31,062 [INFO] PluginManage:359 - Loaded plugin ipmanager (category:base,tabindex:5)
2025-12-16 11:02:31,062 [INFO] PluginManage:310 - Check plugin lpbam
2025-12-16 11:02:31,080 [INFO] PluginManage:359 - Loaded plugin lpbam (category:base,tabindex:0)
2025-12-16 11:02:31,080 [INFO] PluginManage:310 - Check plugin memorymap
2025-12-16 11:02:31,103 [INFO] PluginManage:359 - Loaded plugin memorymap (category:base,tabindex:4)
2025-12-16 11:02:31,103 [INFO] PluginManage:310 - Check plugin pinoutandconfiguration
2025-12-16 11:02:31,121 [INFO] PluginManage:359 - Loaded plugin pinoutandconfiguration (category:base,tabindex:1)
2025-12-16 11:02:31,123 [INFO] PluginManage:310 - Check plugin pinoutconfig
2025-12-16 11:02:31,200 [WARN] SupportedApi:132 - Cannot load RTOS API schema: s4s-elt-must-match.1: The content of 'definitions' must match (annotation?, (simpleType | complexType)?, (unique | key | keyref)*)). A problem was found starting at: attribute.
2025-12-16 11:02:31,307 [INFO] PluginManage:359 - Loaded plugin pinoutconfig (category:base,tabindex:0)
2025-12-16 11:02:31,307 [INFO] PluginManage:310 - Check plugin power
2025-12-16 11:02:31,325 [INFO] PluginManage:359 - Loaded plugin power (category:power,tabindex:4)
2025-12-16 11:02:31,326 [INFO] PluginManage:310 - Check plugin projectmanager
2025-12-16 11:02:31,336 [INFO] PluginManage:359 - Loaded plugin projectmanager (category:projectmanager,tabindex:4)
2025-12-16 11:02:31,337 [INFO] PluginManage:310 - Check plugin rif
2025-12-16 11:02:31,357 [INFO] PluginManage:359 - Loaded plugin rif (category:base,tabindex:3)
2025-12-16 11:02:31,357 [INFO] PluginManage:310 - Check plugin thirdparty
2025-12-16 11:02:31,641 [INFO] PluginManage:359 - Loaded plugin thirdparty (category:base,tabindex:-1)
2025-12-16 11:02:31,641 [WARN] IntegrityCheckThread:84 - waiting for thirdparty lock release [integrity check]
2025-12-16 11:02:31,641 [INFO] PluginManage:310 - Check plugin tools
2025-12-16 11:02:31,641 [INFO] IntegrityCheckThread:86 - entering critical section [integrity check]
2025-12-16 11:02:31,642 [INFO] ThirdPartyUpdaterWithRetryManager:70 - Updater plugin not ready yet. [1/15]
2025-12-16 11:02:31,679 [INFO] PluginManage:359 - Loaded plugin tools (category:base,tabindex:7)
2025-12-16 11:02:31,679 [INFO] PluginManage:310 - Check plugin tutovideos
2025-12-16 11:02:31,827 [INFO] PluginManage:359 - Loaded plugin tutovideos (category:base,tabindex:-1)
2025-12-16 11:02:31,827 [INFO] PluginManage:310 - Check plugin updater
2025-12-16 11:02:31,839 [INFO] PluginManage:359 - Loaded plugin updater (category:base,tabindex:12)
2025-12-16 11:02:31,839 [INFO] PluginManage:310 - Check plugin userauth
2025-12-16 11:02:31,843 [INFO] UserAuth:113 - Init User Auth plugin
2025-12-16 11:02:31,843 [INFO] PluginManage:359 - Loaded plugin userauth (category:base,tabindex:14)
2025-12-16 11:02:31,845 [INFO] PluginManage:283 - PluginManage : Loaded plugins [18]
2025-12-16 11:02:32,002 [INFO] PinOutPanel:1561 - setPackage(No Configuration,No Configuration)
2025-12-16 11:02:32,070 [INFO] CADModel:165 - CPN selected for project level
2025-12-16 11:02:32,070 [INFO] CADModel:114 - Register for checkConnection events
2025-12-16 11:02:32,095 [INFO] IPUIPlugin:80 - create IPUIPlugin
2025-12-16 11:02:32,095 [INFO] PluginManager:220 - loadIPPluginJar : add adc
2025-12-16 11:02:32,137 [INFO] IPUIPlugin:80 - create IPUIPlugin
2025-12-16 11:02:32,137 [INFO] PluginManager:220 - loadIPPluginJar : add aes
2025-12-16 11:02:32,175 [INFO] IPUIPlugin:80 - create IPUIPlugin
2025-12-16 11:02:32,175 [INFO] PluginManager:220 - loadIPPluginJar : add can
2025-12-16 11:02:32,202 [INFO] IPUIPlugin:80 - create IPUIPlugin
2025-12-16 11:02:32,202 [INFO] PluginManager:220 - loadIPPluginJar : add comp
2025-12-16 11:02:32,238 [INFO] IPUIPlugin:80 - create IPUIPlugin
2025-12-16 11:02:32,238 [INFO] PluginManager:220 - loadIPPluginJar : add cryp
2025-12-16 11:02:32,251 [INFO] IPUIPlugin:80 - create IPUIPlugin
2025-12-16 11:02:32,251 [INFO] PluginManager:220 - loadIPPluginJar : add ddr_ctrl_phy
2025-12-16 11:02:32,288 [INFO] IPUIPlugin:80 - create IPUIPlugin
2025-12-16 11:02:32,288 [INFO] PluginManager:220 - loadIPPluginJar : add dfsdm
2025-12-16 11:02:32,303 [INFO] IPUIPlugin:80 - create IPUIPlugin
2025-12-16 11:02:32,303 [INFO] PluginManager:220 - loadIPPluginJar : add dma
2025-12-16 11:02:32,357 [INFO] IPUIPlugin:80 - create IPUIPlugin
2025-12-16 11:02:32,357 [INFO] PluginManager:220 - loadIPPluginJar : add dma3
2025-12-16 11:02:32,405 [INFO] IPUIPlugin:80 - create IPUIPlugin
2025-12-16 11:02:32,405 [INFO] PluginManager:220 - loadIPPluginJar : add extmemmanager
2025-12-16 11:02:32,428 [INFO] IPUIPlugin:80 - create IPUIPlugin
2025-12-16 11:02:32,428 [INFO] PluginManager:220 - loadIPPluginJar : add fatfs
2025-12-16 11:02:32,476 [INFO] IPUIPlugin:80 - create IPUIPlugin
2025-12-16 11:02:32,477 [INFO] PluginManager:220 - loadIPPluginJar : add fmc
2025-12-16 11:02:32,492 [INFO] IPUIPlugin:80 - create IPUIPlugin
2025-12-16 11:02:32,492 [INFO] PluginManager:220 - loadIPPluginJar : add freertos
2025-12-16 11:02:32,514 [INFO] IPUIPlugin:80 - create IPUIPlugin
2025-12-16 11:02:32,514 [INFO] PluginManager:220 - loadIPPluginJar : add genericplugin
2025-12-16 11:02:32,591 [INFO] IPUIPlugin:80 - create IPUIPlugin
2025-12-16 11:02:32,591 [INFO] PluginManager:220 - loadIPPluginJar : add gfxmmu
2025-12-16 11:02:32,721 [INFO] IPUIPlugin:80 - create IPUIPlugin
2025-12-16 11:02:32,721 [INFO] PluginManager:220 - loadIPPluginJar : add gic
2025-12-16 11:02:32,736 [INFO] IPUIPlugin:80 - create IPUIPlugin
2025-12-16 11:02:32,736 [INFO] PluginManager:220 - loadIPPluginJar : add gpio
2025-12-16 11:02:32,831 [INFO] IPUIPlugin:80 - create IPUIPlugin
2025-12-16 11:02:32,831 [INFO] PluginManager:220 - loadIPPluginJar : add gtzc
2025-12-16 11:02:32,865 [INFO] IPUIPlugin:80 - create IPUIPlugin
2025-12-16 11:02:32,865 [INFO] PluginManager:220 - loadIPPluginJar : add hash
2025-12-16 11:02:32,913 [INFO] IPUIPlugin:80 - create IPUIPlugin
2025-12-16 11:02:32,913 [INFO] PluginManager:220 - loadIPPluginJar : add i2c
2025-12-16 11:02:32,945 [INFO] IPUIPlugin:80 - create IPUIPlugin
2025-12-16 11:02:32,946 [INFO] PluginManager:220 - loadIPPluginJar : add i2s
2025-12-16 11:02:32,979 [INFO] IPUIPlugin:80 - create IPUIPlugin
2025-12-16 11:02:32,979 [INFO] PluginManager:220 - loadIPPluginJar : add i3c
2025-12-16 11:02:33,058 [INFO] IPUIPlugin:80 - create IPUIPlugin
2025-12-16 11:02:33,058 [INFO] PluginManager:220 - loadIPPluginJar : add ipddr
2025-12-16 11:02:33,138 [INFO] IPUIPlugin:80 - create IPUIPlugin
2025-12-16 11:02:33,138 [INFO] PluginManager:220 - loadIPPluginJar : add linkedlist
2025-12-16 11:02:33,179 [INFO] IPUIPlugin:80 - create IPUIPlugin
2025-12-16 11:02:33,179 [INFO] PluginManager:220 - loadIPPluginJar : add lorawan
2025-12-16 11:02:33,213 [INFO] IPUIPlugin:80 - create IPUIPlugin
2025-12-16 11:02:33,213 [INFO] PluginManager:220 - loadIPPluginJar : add ltdc
2025-12-16 11:02:33,227 [INFO] IPUIPlugin:80 - create IPUIPlugin
2025-12-16 11:02:33,227 [INFO] PluginManager:220 - loadIPPluginJar : add mdma
2025-12-16 11:02:33,239 [INFO] IPUIPlugin:80 - create IPUIPlugin
2025-12-16 11:02:33,239 [INFO] PluginManager:220 - loadIPPluginJar : add nvic
2025-12-16 11:02:33,272 [INFO] IPUIPlugin:80 - create IPUIPlugin
2025-12-16 11:02:33,272 [INFO] PluginManager:220 - loadIPPluginJar : add opamp
2025-12-16 11:02:33,327 [INFO] IPUIPlugin:80 - create IPUIPlugin
2025-12-16 11:02:33,327 [INFO] PluginManager:220 - loadIPPluginJar : add openamp
2025-12-16 11:02:33,366 [INFO] IPUIPlugin:80 - create IPUIPlugin
2025-12-16 11:02:33,366 [INFO] PluginManager:220 - loadIPPluginJar : add pdm2pcm
2025-12-16 11:02:33,379 [INFO] IPUIPlugin:80 - create IPUIPlugin
2025-12-16 11:02:33,380 [INFO] PluginManager:220 - loadIPPluginJar : add plateformsettings
2025-12-16 11:02:33,404 [INFO] IPUIPlugin:80 - create IPUIPlugin
2025-12-16 11:02:33,404 [INFO] PluginManager:220 - loadIPPluginJar : add quadspi
2025-12-16 11:02:33,431 [INFO] IPUIPlugin:80 - create IPUIPlugin
2025-12-16 11:02:33,431 [INFO] PluginManager:220 - loadIPPluginJar : add radio
2025-12-16 11:02:33,444 [INFO] IPUIPlugin:80 - create IPUIPlugin
2025-12-16 11:02:33,444 [INFO] PluginManager:220 - loadIPPluginJar : add resmgrutility
2025-12-16 11:02:33,483 [INFO] IPUIPlugin:80 - create IPUIPlugin
2025-12-16 11:02:33,483 [INFO] PluginManager:220 - loadIPPluginJar : add sai
2025-12-16 11:02:33,517 [INFO] IPUIPlugin:80 - create IPUIPlugin
2025-12-16 11:02:33,517 [INFO] PluginManager:220 - loadIPPluginJar : add spi
2025-12-16 11:02:33,573 [INFO] IPUIPlugin:80 - create IPUIPlugin
2025-12-16 11:02:33,573 [INFO] PluginManager:220 - loadIPPluginJar : add stm32_wpan
2025-12-16 11:02:33,595 [INFO] IPUIPlugin:80 - create IPUIPlugin
2025-12-16 11:02:33,595 [INFO] PluginManager:220 - loadIPPluginJar : add tim
2025-12-16 11:02:33,647 [INFO] IPUIPlugin:80 - create IPUIPlugin
2025-12-16 11:02:33,647 [INFO] PluginManager:220 - loadIPPluginJar : add touchsensing
2025-12-16 11:02:33,669 [INFO] IPUIPlugin:80 - create IPUIPlugin
2025-12-16 11:02:33,669 [INFO] PluginManager:220 - loadIPPluginJar : add tracer_emb
2025-12-16 11:02:33,692 [INFO] IPUIPlugin:80 - create IPUIPlugin
2025-12-16 11:02:33,692 [INFO] PluginManager:220 - loadIPPluginJar : add ts
2025-12-16 11:02:33,714 [INFO] IPUIPlugin:80 - create IPUIPlugin
2025-12-16 11:02:33,714 [INFO] PluginManager:220 - loadIPPluginJar : add tsc
2025-12-16 11:02:33,735 [INFO] IPUIPlugin:80 - create IPUIPlugin
2025-12-16 11:02:33,735 [INFO] PluginManager:220 - loadIPPluginJar : add ucpd
2025-12-16 11:02:33,771 [INFO] IPUIPlugin:80 - create IPUIPlugin
2025-12-16 11:02:33,771 [INFO] PluginManager:220 - loadIPPluginJar : add usart
2025-12-16 11:02:33,808 [INFO] IPUIPlugin:80 - create IPUIPlugin
2025-12-16 11:02:33,809 [INFO] PluginManager:220 - loadIPPluginJar : add usbx
2025-12-16 11:02:33,930 [INFO] CADModel:165 - CPN selected for project level
2025-12-16 11:02:33,931 [INFO] CADModel:114 - Register for checkConnection events
2025-12-16 11:02:33,931 [FATAL] Updater:334 - Updater called before beeing initialized
2025-12-16 11:02:33,931 [ERROR] CADModel:125 - Updater not yet initialized, retry later 
2025-12-16 11:02:34,038 [INFO] CADModel:165 - CPN selected for project level
2025-12-16 11:02:34,038 [INFO] CADModel:114 - Register for checkConnection events
2025-12-16 11:02:34,038 [FATAL] Updater:334 - Updater called before beeing initialized
2025-12-16 11:02:34,038 [ERROR] CADModel:125 - Updater not yet initialized, retry later 
2025-12-16 11:02:34,041 [FATAL] Updater:334 - Updater called before beeing initialized
2025-12-16 11:02:34,114 [FATAL] Updater:334 - Updater called before beeing initialized
2025-12-16 11:02:34,123 [INFO] DbMcusAds:53 - JSON generation date=Mon Dec 15 16:11:46 MST 2025 (1765840306530)
2025-12-16 11:02:34,123 [FATAL] Updater:334 - Updater called before beeing initialized
2025-12-16 11:02:34,149 [WARN] DetailPanel:346 - Failed to get advertising image, set to default
2025-12-16 11:02:34,205 [FATAL] Updater:334 - Updater called before beeing initialized
2025-12-16 11:02:34,206 [FATAL] Updater:334 - Updater called before beeing initialized
2025-12-16 11:02:34,208 [FATAL] Updater:334 - Updater called before beeing initialized
2025-12-16 11:02:34,208 [WARN] DetailPanel:346 - Failed to get advertising image, set to default
2025-12-16 11:02:34,208 [FATAL] Updater:334 - Updater called before beeing initialized
2025-12-16 11:02:34,255 [ERROR] Updater:1164 - MainUpdater not yet initialized. External WinMGr cannot be set.
2025-12-16 11:02:34,265 [INFO] Updater:1100 - Updater Version found : 6.12.1
2025-12-16 11:02:34,280 [INFO] ApplicationProperties:184 - Using Application install path: C:\ST\STM32CubeIDE_1.16.1\STM32CubeIDE\plugins\com.st.stm32cube.common.mx_6.12.1.202409122256
2025-12-16 11:02:34,651 [INFO] ThirdPartyUpdaterWithRetryManager:70 - Updater plugin not ready yet. [2/15]
2025-12-16 11:02:35,893 [ERROR] LogOutputStream:75 - [STDERR_REDIRECT] Dec 16, 2025 11:02:35 AM java.util.prefs.WindowsPreferences <init>
2025-12-16 11:02:35,893 [ERROR] LogOutputStream:75 - [STDERR_REDIRECT] WARNING: Could not open/create prefs root node Software\JavaSoft\Prefs at root 0xffffffff80000002. Windows RegCreateKeyEx(...) returned error code 5.
2025-12-16 11:02:35,893 [ERROR] LogOutputStream:75 - [STDERR_REDIRECT] 
2025-12-16 11:02:36,213 [INFO] MainUpdater:2873 - connection check result : 10
2025-12-16 11:02:36,213 [INFO] MainUpdater:290 - Updater Check For Update Now.
2025-12-16 11:02:36,213 [INFO] MicroXplorer:498 - Change Database Version : DB.6.0.121
2025-12-16 11:02:36,229 [INFO] McuFinderGlobals:63 - Set McuFinder mode to 2 (CubeIDE integrated)
2025-12-16 11:02:36,237 [INFO] UserAuth:417 - Internet connection configuration mode: 1
2025-12-16 11:02:36,265 [INFO] JxBrowserEngine:152 - Initiate JxBrowser Engine with user profile folder
2025-12-16 11:02:36,418 [INFO] CheckServerUpdateThread:120 - End of CheckServer Thread
2025-12-16 11:02:37,847 [WARN] PackLoader:240 - Cannot read IP mode file for STMicroelectronics.FP-SNS-MOTENVWB1.1.4.0
2025-12-16 11:02:37,862 [WARN] PackLoader:240 - Cannot read IP mode file for STMicroelectronics.FP-ATR-ASTRA1.2.0.2
2025-12-16 11:02:37,873 [WARN] PackLoader:240 - Cannot read IP mode file for STMicroelectronics.FP-ATR-ASTRA1.2.0.1
2025-12-16 11:02:37,886 [WARN] PackLoader:240 - Cannot read IP mode file for STMicroelectronics.X-CUBE-SMBUS.2.1.0
2025-12-16 11:02:37,900 [WARN] PackLoader:240 - Cannot read IP mode file for STMicroelectronics.X-CUBE-WB05N.1.1.0
2025-12-16 11:02:37,911 [ERROR] Engine:466 - C:\Users\Huzaifa\.stm32cubemx\thirdparties\pdsc\STMicroelectronics.X-CUBE-ST60.1.0.0.pdsc: PDSC version is not supported
2025-12-16 11:02:37,941 [WARN] PackLoader:240 - Cannot read IP mode file for STMicroelectronics.X-CUBE-AZRTOS-F7.1.1.0
2025-12-16 11:02:37,987 [WARN] PackLoader:240 - Cannot read IP mode file for STMicroelectronics.X-CUBE-MEMS1.11.0.0
2025-12-16 11:02:38,075 [ERROR] Engine:466 - C:\Users\Huzaifa\.stm32cubemx\thirdparties\pdsc\STMicroelectronics.FP-SNS-MOTENV1.5.1.0.pdsc: PDSC version is not supported
2025-12-16 11:02:38,088 [WARN] PackLoader:240 - Cannot read IP mode file for STMicroelectronics.FP-SNS-FLIGHT1.5.0.2
2025-12-16 11:02:38,117 [WARN] PackLoader:240 - Cannot read IP mode file for STMicroelectronics.X-CUBE-AZRTOS-H7.3.4.0
2025-12-16 11:02:38,136 [WARN] PackLoader:240 - Cannot read IP mode file for STMicroelectronics.X-CUBE-DISPLAY.3.0.0
2025-12-16 11:02:38,152 [WARN] PackLoader:240 - Cannot read IP mode file for STMicroelectronics.X-CUBE-BLE1.7.0.0
2025-12-16 11:02:38,173 [WARN] PackLoader:240 - Cannot read IP mode file for STMicroelectronics.X-CUBE-NFC10.1.0.0
2025-12-16 11:02:38,192 [WARN] PackLoader:240 - Cannot read IP mode file for STMicroelectronics.X-CUBE-BLEMGR.4.0.0
2025-12-16 11:02:38,209 [ERROR] Engine:466 - C:\Users\Huzaifa\.stm32cubemx\thirdparties\pdsc\STMicroelectronics.X-CUBE-ST60.1.1.0.pdsc: PDSC version is not supported
2025-12-16 11:02:38,225 [WARN] PackLoader:240 - Cannot read IP mode file for emotas.I-CUBE-CANOPEN.1.3.0
2025-12-16 11:02:38,240 [WARN] PackLoader:240 - Cannot read IP mode file for STMicroelectronics.X-CUBE-GNSS1.7.1.0
2025-12-16 11:02:38,256 [WARN] PackLoader:240 - Cannot read IP mode file for STMicroelectronics.X-CUBE-BLEMGR.3.1.0
2025-12-16 11:02:38,269 [WARN] PackLoader:240 - Cannot read IP mode file for STMicroelectronics.X-CUBE-AI.10.0.0
2025-12-16 11:02:38,288 [ERROR] Engine:466 - C:\Users\Huzaifa\.stm32cubemx\thirdparties\pdsc\STMicroelectronics.FP-SNS-STBOX1.2.1.0.pdsc: PDSC version is not supported
2025-12-16 11:02:38,302 [WARN] PackLoader:240 - Cannot read IP mode file for STMicroelectronics.FP-SNS-SMARTAG2.1.2.0
2025-12-16 11:02:38,316 [ERROR] Engine:466 - C:\Users\Huzaifa\.stm32cubemx\thirdparties\pdsc\STMicroelectronics.FP-SNS-FLIGHT1.5.1.0.pdsc: PDSC version is not supported
2025-12-16 11:02:38,364 [WARN] PackLoader:240 - Cannot read IP mode file for STMicroelectronics.X-CUBE-MEMS1.11.1.0
2025-12-16 11:02:38,438 [INFO] LogOutputStream:77 - [STDOUT_REDIRECT] 1 : Invalid condition id : UX_CORESTACK_Condition cause : null
2025-12-16 11:02:38,439 [INFO] LogOutputStream:77 - [STDOUT_REDIRECT] 1 : Invalid condition id : UX_CORESTACK_Condition cause : null
2025-12-16 11:02:38,439 [INFO] LogOutputStream:77 - [STDOUT_REDIRECT] 1 : Invalid condition id : UX_CORESTACK_Condition cause : null
2025-12-16 11:02:38,440 [INFO] LogOutputStream:77 - [STDOUT_REDIRECT] 1 : Invalid condition id : UX_CORESTACK_Condition cause : null
2025-12-16 11:02:38,440 [INFO] LogOutputStream:77 - [STDOUT_REDIRECT] 1 : Invalid condition id : UX_CORESTACK_Condition cause : null
2025-12-16 11:02:38,441 [WARN] PackLoader:240 - Cannot read IP mode file for STMicroelectronics.X-CUBE-AZRTOS-WL.2.0.0
2025-12-16 11:02:38,457 [WARN] PackLoader:240 - Cannot read IP mode file for STMicroelectronics.FP-SNS-MOTENV1.5.0.0
2025-12-16 11:02:38,482 [WARN] PackLoader:240 - Cannot read IP mode file for STMicroelectronics.X-CUBE-AZRTOS-H7RS.1.2.0
2025-12-16 11:02:38,517 [WARN] PackLoader:240 - Cannot read IP mode file for wolfSSL.I-CUBE-wolfMQTT.1.19.0
2025-12-16 11:02:38,537 [WARN] PackLoader:240 - Cannot read IP mode file for WES.I-CUBE-Cesium.1.3.0
2025-12-16 11:02:38,555 [WARN] PackLoader:240 - Cannot read IP mode file for STMicroelectronics.X-CUBE-BLE2.3.3.0
2025-12-16 11:02:38,569 [ERROR] Engine:466 - C:\Users\Huzaifa\.stm32cubemx\thirdparties\pdsc\Avnet-IOTCONNECT.X-CUBE-iotc-st67-sdk.1.0.0.pdsc: PDSC version is not supported
2025-12-16 11:02:38,597 [WARN] PackLoader:240 - Cannot read IP mode file for STMicroelectronics.X-CUBE-NFC9.1.0.0
2025-12-16 11:02:38,650 [WARN] PackLoader:240 - Cannot read IP mode file for STMicroelectronics.X-CUBE-BLE1.7.1.0
2025-12-16 11:02:38,668 [WARN] PackLoader:240 - Cannot read IP mode file for STMicroelectronics.X-CUBE-TCPP.4.1.0
2025-12-16 11:02:38,682 [ERROR] Engine:466 - C:\Users\Huzaifa\.stm32cubemx\thirdparties\pdsc\STMicroelectronics.X-CUBE-FREERTOS.1.4.0.pdsc: PDSC version is not supported
2025-12-16 11:02:38,705 [WARN] PackLoader:240 - Cannot read IP mode file for STMicroelectronics.X-CUBE-EEPRMA1.5.2.0
2025-12-16 11:02:38,720 [ERROR] Engine:466 - C:\Users\Huzaifa\.stm32cubemx\thirdparties\pdsc\STMicroelectronics.X-CUBE-ST67W61.1.1.0.pdsc: PDSC version is not supported
2025-12-16 11:02:38,766 [WARN] PackLoader:240 - Cannot read IP mode file for STMicroelectronics.X-CUBE-MEMS1.12.0.0
2025-12-16 11:02:38,875 [WARN] PackLoader:240 - Cannot read IP mode file for STMicroelectronics.X-CUBE-AZRTOS-G0.1.1.0
2025-12-16 11:02:38,895 [WARN] PackLoader:240 - Cannot read IP mode file for STMicroelectronics.X-CUBE-SAFEA1.1.2.2
2025-12-16 11:02:38,910 [WARN] PackLoader:240 - Cannot read IP mode file for STMicroelectronics.X-CUBE-NFC4.3.0.0
2025-12-16 11:02:38,927 [WARN] PackLoader:240 - Cannot read IP mode file for EmbeddedOffice.I-CUBE-FS-RTOS.1.0.1
2025-12-16 11:02:38,929 [ERROR] ConditionMgr:805 - Attr not supported : Dmpu
2025-12-16 11:02:38,929 [ERROR] ConditionMgr:805 - Attr not supported : Dmpu
2025-12-16 11:02:38,929 [ERROR] ConditionMgr:805 - Attr not supported : Dmpu
2025-12-16 11:02:38,929 [ERROR] ConditionMgr:805 - Attr not supported : Dmpu
2025-12-16 11:02:38,929 [ERROR] ConditionMgr:805 - Attr not supported : Dmpu
2025-12-16 11:02:38,929 [ERROR] ConditionMgr:805 - Attr not supported : Dmpu
2025-12-16 11:02:38,929 [ERROR] ConditionMgr:805 - Attr not supported : Dmpu
2025-12-16 11:02:38,929 [ERROR] ConditionMgr:805 - Attr not supported : Dmpu
2025-12-16 11:02:38,929 [ERROR] ConditionMgr:805 - Attr not supported : Dmpu
2025-12-16 11:02:38,929 [ERROR] ConditionMgr:805 - Attr not supported : Dmpu
2025-12-16 11:02:38,929 [ERROR] ConditionMgr:805 - Attr not supported : Dmpu
2025-12-16 11:02:38,929 [ERROR] ConditionMgr:805 - Attr not supported : Dmpu
2025-12-16 11:02:38,929 [ERROR] ConditionMgr:805 - Attr not supported : Dmpu
2025-12-16 11:02:38,929 [ERROR] ConditionMgr:805 - Attr not supported : Dmpu
2025-12-16 11:02:38,929 [ERROR] ConditionMgr:805 - Attr not supported : Dmpu
2025-12-16 11:02:38,929 [ERROR] ConditionMgr:805 - Attr not supported : Dmpu
2025-12-16 11:02:38,929 [ERROR] ConditionMgr:805 - Attr not supported : Dmpu
2025-12-16 11:02:38,929 [ERROR] ConditionMgr:805 - Attr not supported : Dmpu
2025-12-16 11:02:38,929 [ERROR] ConditionMgr:805 - Attr not supported : Dmpu
2025-12-16 11:02:38,929 [ERROR] ConditionMgr:805 - Attr not supported : Dmpu
2025-12-16 11:02:38,929 [ERROR] ConditionMgr:805 - Attr not supported : Dmpu
2025-12-16 11:02:38,929 [ERROR] ConditionMgr:805 - Attr not supported : Dmpu
2025-12-16 11:02:38,929 [ERROR] ConditionMgr:805 - Attr not supported : Dmpu
2025-12-16 11:02:38,929 [ERROR] ConditionMgr:805 - Attr not supported : Dmpu
2025-12-16 11:02:38,930 [ERROR] ConditionMgr:805 - Attr not supported : Dmpu
2025-12-16 11:02:38,930 [ERROR] ConditionMgr:805 - Attr not supported : Dmpu
2025-12-16 11:02:38,930 [ERROR] ConditionMgr:805 - Attr not supported : Dmpu
2025-12-16 11:02:38,930 [ERROR] ConditionMgr:805 - Attr not supported : Dmpu
2025-12-16 11:02:38,930 [ERROR] ConditionMgr:805 - Attr not supported : Dmpu
2025-12-16 11:02:38,930 [ERROR] ConditionMgr:805 - Attr not supported : Dmpu
2025-12-16 11:02:38,930 [ERROR] ConditionMgr:805 - Attr not supported : Dmpu
2025-12-16 11:02:38,930 [ERROR] ConditionMgr:805 - Attr not supported : Dmpu
2025-12-16 11:02:38,930 [ERROR] ConditionMgr:805 - Attr not supported : Dmpu
2025-12-16 11:02:38,930 [ERROR] ConditionMgr:805 - Attr not supported : Dmpu
2025-12-16 11:02:38,930 [ERROR] ConditionMgr:805 - Attr not supported : Dmpu
2025-12-16 11:02:38,930 [ERROR] ConditionMgr:805 - Attr not supported : Dmpu
2025-12-16 11:02:38,930 [ERROR] ConditionMgr:805 - Attr not supported : Dmpu
2025-12-16 11:02:38,930 [ERROR] ConditionMgr:805 - Attr not supported : Dmpu
2025-12-16 11:02:38,930 [ERROR] ConditionMgr:805 - Attr not supported : Dmpu
2025-12-16 11:02:38,930 [ERROR] ConditionMgr:805 - Attr not supported : Dmpu
2025-12-16 11:02:38,930 [ERROR] ConditionMgr:805 - Attr not supported : Dmpu
2025-12-16 11:02:38,930 [ERROR] ConditionMgr:805 - Attr not supported : Dmpu
2025-12-16 11:02:38,930 [ERROR] ConditionMgr:805 - Attr not supported : Dmpu
2025-12-16 11:02:38,930 [ERROR] ConditionMgr:805 - Attr not supported : Dmpu
2025-12-16 11:02:38,930 [ERROR] ConditionMgr:805 - Attr not supported : Dmpu
2025-12-16 11:02:38,930 [ERROR] ConditionMgr:805 - Attr not supported : Dmpu
2025-12-16 11:02:38,930 [ERROR] ConditionMgr:805 - Attr not supported : Dmpu
2025-12-16 11:02:38,930 [ERROR] ConditionMgr:805 - Attr not supported : Dmpu
2025-12-16 11:02:38,930 [ERROR] ConditionMgr:805 - Attr not supported : Dmpu
2025-12-16 11:02:38,930 [ERROR] ConditionMgr:805 - Attr not supported : Dmpu
2025-12-16 11:02:38,930 [ERROR] ConditionMgr:805 - Attr not supported : Dmpu
2025-12-16 11:02:38,930 [ERROR] ConditionMgr:805 - Attr not supported : Dmpu
2025-12-16 11:02:38,930 [ERROR] ConditionMgr:805 - Attr not supported : Dmpu
2025-12-16 11:02:38,930 [ERROR] ConditionMgr:805 - Attr not supported : Dmpu
2025-12-16 11:02:38,930 [ERROR] ConditionMgr:805 - Attr not supported : Dmpu
2025-12-16 11:02:38,930 [ERROR] ConditionMgr:805 - Attr not supported : Dmpu
2025-12-16 11:02:38,930 [ERROR] ConditionMgr:805 - Attr not supported : Dmpu
2025-12-16 11:02:38,930 [ERROR] ConditionMgr:805 - Attr not supported : Dmpu
2025-12-16 11:02:38,930 [ERROR] ConditionMgr:805 - Attr not supported : Dmpu
2025-12-16 11:02:38,930 [ERROR] ConditionMgr:805 - Attr not supported : Dmpu
2025-12-16 11:02:38,930 [ERROR] ConditionMgr:805 - Attr not supported : Dmpu
2025-12-16 11:02:38,930 [ERROR] ConditionMgr:805 - Attr not supported : Dmpu
2025-12-16 11:02:38,931 [ERROR] ConditionMgr:805 - Attr not supported : Dmpu
2025-12-16 11:02:38,931 [ERROR] ConditionMgr:805 - Attr not supported : Dmpu
2025-12-16 11:02:38,942 [WARN] PackLoader:240 - Cannot read IP mode file for STMicroelectronics.X-CUBE-WB05N.2.0.0
2025-12-16 11:02:38,957 [ERROR] Engine:466 - C:\Users\Huzaifa\.stm32cubemx\thirdparties\pdsc\STMicroelectronics.X-CUBE-TCPP.4.2.0.pdsc: PDSC version is not supported
2025-12-16 11:02:38,973 [WARN] PackLoader:240 - Cannot read IP mode file for RealThread.X-CUBE-RT-Thread_Nano.4.1.1
2025-12-16 11:02:38,990 [WARN] PackLoader:240 - Cannot read IP mode file for STMicroelectronics.FP-ATR-SIGFOX1.3.2.0
2025-12-16 11:02:38,999 [INFO] WebApp:167 - Instantiating new browser for Auth
2025-12-16 11:02:39,001 [WARN] PackLoader:240 - Cannot read IP mode file for wolfSSL.I-CUBE-wolfSSL.5.7.2
2025-12-16 11:02:39,020 [WARN] ConditionMgr:438 - getConditionDescription Invalid condition id : Cortex-A Device cause : null
2025-12-16 11:02:39,048 [WARN] ConditionMgr:1039 - genDependencies : Invalid condition id : Cortex-A Device cause : null
2025-12-16 11:02:39,048 [WARN] ConditionMgr:1039 - genDependencies : Invalid condition id : Cortex-A Device cause : null
2025-12-16 11:02:39,048 [WARN] ConditionMgr:1039 - genDependencies : Invalid condition id : Cortex-A Device cause : null
2025-12-16 11:02:39,062 [WARN] PackLoader:240 - Cannot read IP mode file for STMicroelectronics.X-CUBE-EEPRMA1.5.1.0
2025-12-16 11:02:39,078 [WARN] PackLoader:240 - Cannot read IP mode file for ITTIA_DB.I-CUBE-ITTIADB.8.9.0
2025-12-16 11:02:39,088 [ERROR] Engine:466 - C:\Users\Huzaifa\.stm32cubemx\thirdparties\pdsc\STMicroelectronics.X-CUBE-ST67W61.1.0.0.pdsc: PDSC version is not supported
2025-12-16 11:02:39,102 [WARN] PackLoader:240 - Cannot read IP mode file for STMicroelectronics.X-CUBE-AI.10.2.0
2025-12-16 11:02:39,126 [WARN] PackLoader:240 - Cannot read IP mode file for SEGGER.I-CUBE-embOS.1.3.1
2025-12-16 11:02:39,159 [WARN] PackLoader:240 - Cannot read IP mode file for STMicroelectronics.X-CUBE-ALGOBUILD.1.4.0
2025-12-16 11:02:39,192 [WARN] PackLoader:240 - Cannot read IP mode file for STMicroelectronics.X-CUBE-MEMS1.11.3.0
2025-12-16 11:02:39,267 [WARN] PackLoader:240 - Cannot read IP mode file for STMicroelectronics.X-CUBE-AI.9.1.0
2025-12-16 11:02:39,283 [WARN] PackLoader:240 - Cannot read IP mode file for STMicroelectronics.X-CUBE-PM33A1.1.0.0
2025-12-16 11:02:39,309 [WARN] PackLoader:240 - Cannot read IP mode file for STMicroelectronics.X-CUBE-AZRTOS-F4.1.1.0
2025-12-16 11:02:39,491 [ERROR] Engine:466 - C:\Users\Huzaifa\.stm32cubemx\thirdparties\pdsc\Avnet-IotConnect.X-CUBE-IoTC-DA16k-PMOD.1.0.0.pdsc: PDSC version is not supported
2025-12-16 11:02:39,508 [WARN] PackLoader:240 - Cannot read IP mode file for STMicroelectronics.X-CUBE-ISPU.2.1.0
2025-12-16 11:02:39,526 [ERROR] Engine:466 - C:\Users\Huzaifa\.stm32cubemx\thirdparties\pdsc\STMicroelectronics.X-CUBE-IPS.3.2.0.pdsc: PDSC version is not supported
2025-12-16 11:02:39,543 [WARN] PackLoader:240 - Cannot read IP mode file for STMicroelectronics.X-CUBE-FREERTOS.1.2.0
2025-12-16 11:02:39,602 [WARN] PackLoader:240 - Cannot read IP mode file for STMicroelectronics.X-CUBE-NFC12.1.0.0
2025-12-16 11:02:39,639 [WARN] PackLoader:240 - Cannot read IP mode file for STMicroelectronics.X-CUBE-AZRTOS-L5.2.0.0
2025-12-16 11:02:39,658 [WARN] PackLoader:240 - Cannot read IP mode file for STMicroelectronics.X-CUBE-NFC6.3.1.0
2025-12-16 11:02:39,679 [WARN] PackLoader:240 - Cannot read IP mode file for STMicroelectronics.X-CUBE-DPower.1.2.0
2025-12-16 11:02:39,703 [WARN] PackLoader:240 - Cannot read IP mode file for STMicroelectronics.X-CUBE-FREERTOS.1.3.1
2025-12-16 11:02:39,706 [INFO] WebApp:448 - Apply proxy settings
2025-12-16 11:02:39,707 [INFO] WebApp:533 - Chromium requires no authentication
2025-12-16 11:02:39,713 [INFO] WebApp:476 - Direct internet connection detected
2025-12-16 11:02:39,723 [WARN] PackLoader:240 - Cannot read IP mode file for STMicroelectronics.X-CUBE-FREERTOS.1.3.0
2025-12-16 11:02:39,739 [WARN] PackLoader:240 - Cannot read IP mode file for STMicroelectronics.X-CUBE-NFC7.1.0.1
2025-12-16 11:02:39,740 [INFO] WebApp:869 - Register for checkConnection events
2025-12-16 11:02:39,740 [INFO] WebApp:448 - Apply proxy settings
2025-12-16 11:02:39,740 [INFO] WebApp:533 - Chromium requires no authentication
2025-12-16 11:02:39,741 [INFO] WebApp:476 - Direct internet connection detected
2025-12-16 11:02:39,756 [WARN] PackLoader:240 - Cannot read IP mode file for STMicroelectronics.X-CUBE-TOUCHGFX.4.26.0
2025-12-16 11:02:39,768 [ERROR] Engine:466 - C:\Users\Huzaifa\.stm32cubemx\thirdparties\pdsc\STMicroelectronics.FP-SNS-STAIOTCFT.1.0.0.pdsc: PDSC version is not supported
2025-12-16 11:02:39,783 [WARN] PackLoader:240 - Cannot read IP mode file for STMicroelectronics.X-CUBE-DPower.1.3.0
2025-12-16 11:02:39,810 [WARN] ConditionMgr:438 - getConditionDescription Invalid condition id : LAN8742 Phy interface Condition cause : null
2025-12-16 11:02:39,811 [WARN] PackLoader:240 - Cannot read IP mode file for STMicroelectronics.X-CUBE-AZRTOS-L4.2.0.0
2025-12-16 11:02:39,811 [WARN] ConditionMgr:1039 - genDependencies : Invalid condition id : LAN8742 Phy interface Condition cause : null
2025-12-16 11:02:39,812 [WARN] ConditionMgr:1039 - genDependencies : Invalid condition id : LAN8742 Phy interface Condition cause : null
2025-12-16 11:02:39,812 [WARN] ConditionMgr:1039 - genDependencies : Invalid condition id : LAN8742 Phy interface Condition cause : null
2025-12-16 11:02:39,828 [WARN] PackLoader:240 - Cannot read IP mode file for STMicroelectronics.X-CUBE-SFXS2LP1.4.0.0
2025-12-16 11:02:39,851 [WARN] PackLoader:240 - Cannot read IP mode file for STMicroelectronics.X-CUBE-AZRTOS-H7.3.3.0
2025-12-16 11:02:39,865 [ERROR] Engine:466 - C:\Users\Huzaifa\.stm32cubemx\thirdparties\pdsc\STMicroelectronics.X-CUBE-BLEMGR.4.1.0.pdsc: PDSC version is not supported
2025-12-16 11:02:39,881 [WARN] PackLoader:240 - Cannot read IP mode file for STMicroelectronics.X-CUBE-IPS.3.0.0
2025-12-16 11:02:39,908 [WARN] ConditionMgr:438 - getConditionDescription Invalid condition id : UX DEVICE CLASS RTOS Condition cause : null
2025-12-16 11:02:39,908 [WARN] ConditionMgr:438 - getConditionDescription Invalid condition id : UX DEVICE CLASS RTOS Condition cause : null
2025-12-16 11:02:39,910 [WARN] PackLoader:240 - Cannot read IP mode file for STMicroelectronics.X-CUBE-AZRTOS-WB.2.0.0
2025-12-16 11:02:39,910 [WARN] ConditionMgr:1039 - genDependencies : Invalid condition id : UX DEVICE CLASS RTOS Condition cause : null
2025-12-16 11:02:39,910 [WARN] ConditionMgr:1039 - genDependencies : Invalid condition id : UX DEVICE CLASS RTOS Condition cause : null
2025-12-16 11:02:39,911 [WARN] ConditionMgr:1039 - genDependencies : Invalid condition id : UX DEVICE CLASS RTOS Condition cause : null
2025-12-16 11:02:39,911 [WARN] ConditionMgr:1039 - genDependencies : Invalid condition id : UX DEVICE CLASS RTOS Condition cause : null
2025-12-16 11:02:39,911 [WARN] ConditionMgr:1039 - genDependencies : Invalid condition id : UX DEVICE CLASS RTOS Condition cause : null
2025-12-16 11:02:39,924 [INFO] WebApp:220 - Starting web application
2025-12-16 11:02:39,924 [INFO] WebApp:578 - Web application path used C:\ST\STM32CubeIDE_1.16.1\STM32CubeIDE\plugins\com.st.stm32cube.common.mx_6.12.1.202409122256\db\plugins\mcufinder\reactClient1\index.html
2025-12-16 11:02:39,930 [INFO] WebApp:186 - Connection restablished
2025-12-16 11:02:39,932 [WARN] PackLoader:240 - Cannot read IP mode file for STMicroelectronics.X-CUBE-GNSS1.7.0.0
2025-12-16 11:02:39,951 [WARN] PackLoader:240 - Cannot read IP mode file for STMicroelectronics.X-CUBE-GNSS1.7.0.1
2025-12-16 11:02:39,966 [WARN] PackLoader:240 - Cannot read IP mode file for STMicroelectronics.X-CUBE-TOUCHGFX.4.25.0
2025-12-16 11:02:39,985 [WARN] PackLoader:240 - Cannot read IP mode file for STMicroelectronics.FP-SNS-STBOX1.2.0.0
2025-12-16 11:02:40,008 [WARN] PackLoader:240 - Cannot read IP mode file for STMicroelectronics.X-CUBE-SUBG2.5.0.0
2025-12-16 11:02:40,042 [WARN] PackLoader:240 - Cannot read IP mode file for STMicroelectronics.X-CUBE-AZRTOS-H7RS.1.1.0
2025-12-16 11:02:40,060 [WARN] PackLoader:240 - Cannot read IP mode file for Cesanta.I-CUBE-Mongoose.7.13.0
2025-12-16 11:02:40,088 [WARN] PackLoader:240 - Cannot read IP mode file for STMicroelectronics.X-CUBE-AZRTOS-G4.2.0.0
2025-12-16 11:02:40,103 [INFO] UserAuth:417 - Internet connection configuration mode: 1
2025-12-16 11:02:40,113 [WARN] PackLoader:240 - Cannot read IP mode file for STMicroelectronics.X-CUBE-NFC7.2.0.0
2025-12-16 11:02:40,134 [ERROR] Engine:466 - C:\Users\Huzaifa\.stm32cubemx\thirdparties\pdsc\STMicroelectronics.X-CUBE-IPS.3.1.0.pdsc: PDSC version is not supported
2025-12-16 11:02:40,153 [WARN] PackLoader:240 - Cannot read IP mode file for STMicroelectronics.X-CUBE-ALS.1.0.2
2025-12-16 11:02:40,173 [WARN] PackLoader:240 - Cannot read IP mode file for STMicroelectronics.X-CUBE-TOUCHGFX.4.24.2
2025-12-16 11:02:40,191 [WARN] PackLoader:240 - Cannot read IP mode file for STMicroelectronics.X-CUBE-TOUCHGFX.4.24.1
2025-12-16 11:02:40,217 [WARN] PackLoader:240 - Cannot read IP mode file for STMicroelectronics.X-CUBE-STSE01.1.0.0
2025-12-16 11:02:40,245 [WARN] PackLoader:240 - Cannot read IP mode file for wolfSSL.I-CUBE-wolfTPM.3.4.0
2025-12-16 11:02:40,269 [WARN] PackLoader:240 - Cannot read IP mode file for portGmbH.I-Cube-SoM-uGOAL.1.1.0
2025-12-16 11:02:40,305 [WARN] PackLoader:240 - Cannot read IP mode file for STMicroelectronics.X-CUBE-AZRTOS-H7RS.1.0.0
2025-12-16 11:02:40,327 [WARN] PackLoader:240 - Cannot read IP mode file for STMicroelectronics.FP-ATR-ASTRA1.2.0.0
2025-12-16 11:02:40,374 [WARN] PackLoader:240 - Cannot read IP mode file for STMicroelectronics.X-CUBE-TOF1.3.4.2
2025-12-16 11:02:40,407 [ERROR] Engine:466 - C:\Users\Huzaifa\.stm32cubemx\thirdparties\pdsc\STMicroelectronics.X-CUBE-TOF1.3.4.3.pdsc: PDSC version is not supported
2025-12-16 11:02:40,441 [WARN] PackLoader:240 - Cannot read IP mode file for Infineon.AIROC-Wi-Fi-Bluetooth-STM32.1.6.1
2025-12-16 11:02:40,465 [WARN] PackLoader:240 - Cannot read IP mode file for wolfSSL.I-CUBE-wolfSSH.1.4.17
2025-12-16 11:02:40,466 [INFO] ThirdParty:978 - Integrity check success = true
2025-12-16 11:02:40,466 [INFO] IntegrityCheckThread:100 - exiting critical section [integrity check]
2025-12-16 11:02:40,466 [INFO] IntegrityCheckThread:103 - End integrity checks thread
2025-12-16 16:38:29,927 [ERROR] LogOutputStream:75 - [STDERR_REDIRECT] 
2025-12-16 16:38:29,928 [ERROR] LogOutputStream:75 - [STDERR_REDIRECT] 
